2025-04-08 16:07:18,192 [INFO] Program started
2025-04-08 16:07:18,192 [INFO] Experiment Trials List: {1: {'trial_id': 1, 'left_bg': 'light', 'right_bg': 'dark', 'left_fg': 'white', 'right_fg': 'white'}, 2: {'trial_id': 2, 'left_bg': 'dark', 'right_bg': 'light', 'left_fg': 'white', 'right_fg': 'white'}, 3: {'trial_id': 3, 'left_bg': 'light', 'right_bg': 'dark', 'left_fg': 'black', 'right_fg': 'black'}, 4: {'trial_id': 4, 'left_bg': 'dark', 'right_bg': 'light', 'left_fg': 'black', 'right_fg': 'black'}, 5: {'trial_id': 5, 'left_bg': 'light', 'right_bg': 'light', 'left_fg': 'white', 'right_fg': 'black'}, 6: {'trial_id': 6, 'left_bg': 'dark', 'right_bg': 'dark', 'left_fg': 'white', 'right_fg': 'black'}, 7: {'trial_id': 7, 'left_bg': 'light', 'right_bg': 'light', 'left_fg': 'black', 'right_fg': 'white'}, 8: {'trial_id': 8, 'left_bg': 'dark', 'right_bg': 'dark', 'left_fg': 'black', 'right_fg': 'white'}}
2025-04-08 16:07:18,192 [INFO] Set experiment constants
2025-04-08 16:07:18,516 [INFO] Set display screen
2025-04-08 16:07:18,516 [INFO] Data writer open at file: /home/pi/Documents/masters-Electronics/data/20250408.csv
2025-04-08 16:07:18,517 [INFO] Set data writer
2025-04-08 16:07:18,520 [INFO] Set GPIO pins
2025-04-08 16:07:18,521 [INFO] Set keybinds
2025-04-08 16:07:18,522 [INFO] Gate all reset
2025-04-08 16:07:18,522 [INFO] Program paused
2025-04-08 16:07:18,522 [INFO] Set up of obstacle positioning
2025-04-08 16:07:18,523 [INFO] Setup complete
2025-04-08 16:07:18,523 [INFO] Waiting for obstacle setup to be completed
2025-04-08 16:07:25,370 [WARNING] Gate right crossed in trial state None while paused
2025-04-08 16:07:25,974 [WARNING] Gate right crossed in trial state None while paused
2025-04-08 16:07:39,220 [WARNING] Gate left crossed in trial state None while paused
2025-04-08 16:07:39,430 [WARNING] Gate left crossed in trial state None while paused
2025-04-08 16:07:39,636 [WARNING] Gate left crossed in trial state None while paused
2025-04-08 16:07:39,841 [WARNING] Gate left crossed in trial state None while paused
2025-04-08 16:07:40,046 [WARNING] Gate left crossed in trial state None while paused
2025-04-08 16:07:40,252 [WARNING] Gate left crossed in trial state None while paused
2025-04-08 16:07:40,457 [WARNING] Gate left crossed in trial state None while paused
2025-04-08 16:08:02,465 [WARNING] Gate left crossed in trial state None while paused
2025-04-08 16:08:02,675 [WARNING] Gate left crossed in trial state None while paused
2025-04-08 16:08:02,880 [WARNING] Gate left crossed in trial state None while paused
2025-04-08 16:08:03,086 [WARNING] Gate left crossed in trial state None while paused
2025-04-08 16:08:03,291 [WARNING] Gate left crossed in trial state None while paused
2025-04-08 16:08:03,497 [WARNING] Gate left crossed in trial state None while paused
2025-04-08 16:08:04,934 [WARNING] Gate left crossed in trial state None while paused
2025-04-08 16:08:06,372 [WARNING] Gate left crossed in trial state None while paused
2025-04-08 16:08:06,577 [WARNING] Gate left crossed in trial state None while paused
2025-04-08 16:08:06,783 [WARNING] Gate left crossed in trial state None while paused
2025-04-08 16:08:06,988 [WARNING] Gate left crossed in trial state None while paused
2025-04-08 16:08:07,193 [WARNING] Gate left crossed in trial state None while paused
2025-04-08 16:08:07,399 [WARNING] Gate left crossed in trial state None while paused
2025-04-08 16:08:07,604 [WARNING] Gate left crossed in trial state None while paused
2025-04-08 16:08:07,809 [WARNING] Gate left crossed in trial state None while paused
2025-04-08 16:08:07,974 [WARNING] Gate left crossed in trial state None while paused
2025-04-08 16:08:08,595 [WARNING] Gate left crossed in trial state None while paused
2025-04-08 16:08:08,801 [WARNING] Gate left crossed in trial state None while paused
2025-04-08 16:08:09,622 [WARNING] Gate left crossed in trial state None while paused
2025-04-08 16:08:09,824 [WARNING] Gate left crossed in trial state None while paused
2025-04-08 16:08:10,029 [WARNING] Gate left crossed in trial state None while paused
2025-04-08 16:08:10,235 [WARNING] Gate left crossed in trial state None while paused
2025-04-08 16:08:23,106 [WARNING] Gate right crossed in trial state None while paused
2025-04-08 16:08:28,490 [WARNING] Gate right crossed in trial state None while paused
2025-04-08 16:08:48,155 [WARNING] Gate left crossed in trial state None while paused
2025-04-08 16:08:50,677 [WARNING] Gate left crossed in trial state None while paused
2025-04-08 16:08:50,699 [WARNING] Gate left crossed in trial state None while paused
2025-04-08 16:08:50,727 [WARNING] Gate left crossed in trial state None while paused
2025-04-08 16:09:02,690 [WARNING] Gate right crossed in trial state None while paused
2025-04-08 16:09:03,317 [WARNING] Gate right crossed in trial state None while paused
2025-04-08 16:09:22,467 [WARNING] Gate right crossed in trial state None while paused
2025-04-08 16:09:23,293 [WARNING] Gate right crossed in trial state None while paused
2025-04-08 16:09:26,351 [WARNING] Gate left crossed in trial state None while paused
2025-04-08 16:09:31,722 [WARNING] Gate left crossed in trial state None while paused
2025-04-08 16:09:31,962 [WARNING] Gate left crossed in trial state None while paused
2025-04-08 16:09:32,041 [WARNING] Gate left crossed in trial state None while paused
2025-04-08 16:09:32,213 [WARNING] Gate left crossed in trial state None while paused
2025-04-08 16:09:32,290 [WARNING] Gate left crossed in trial state None while paused
2025-04-08 16:10:01,137 [WARNING] Gate right crossed in trial state None while paused
2025-04-08 16:10:05,208 [WARNING] Gate right crossed in trial state None while paused
2025-04-08 16:10:07,039 [WARNING] Gate right crossed in trial state None while paused
2025-04-08 16:10:18,399 [WARNING] Gate right crossed in trial state None while paused
2025-04-08 16:10:46,636 [WARNING] Gate left crossed in trial state None while paused
2025-04-08 16:10:46,674 [WARNING] Gate left crossed in trial state None while paused
2025-04-08 16:10:50,863 [WARNING] Gate left crossed in trial state None while paused
2025-04-08 16:10:51,687 [WARNING] Gate left crossed in trial state None while paused
2025-04-08 16:11:01,691 [WARNING] Gate left crossed in trial state None while paused
2025-04-08 16:11:01,751 [WARNING] Gate left crossed in trial state None while paused
2025-04-08 16:11:10,635 [WARNING] Gate right crossed in trial state None while paused
2025-04-08 16:11:10,782 [WARNING] Gate right crossed in trial state None while paused
2025-04-08 16:11:10,845 [WARNING] Gate right crossed in trial state None while paused
2025-04-08 16:11:11,001 [WARNING] Gate right crossed in trial state None while paused
2025-04-08 16:11:11,204 [WARNING] Gate right crossed in trial state None while paused
2025-04-08 16:11:11,459 [WARNING] Gate right crossed in trial state None while paused
2025-04-08 16:11:11,490 [WARNING] Gate right crossed in trial state None while paused
2025-04-08 16:11:11,558 [WARNING] Gate right crossed in trial state None while paused
2025-04-08 16:11:11,605 [WARNING] Gate right crossed in trial state None while paused
2025-04-08 16:11:11,668 [WARNING] Gate right crossed in trial state None while paused
2025-04-08 16:11:11,706 [WARNING] Gate right crossed in trial state None while paused
2025-04-08 16:11:11,755 [WARNING] Gate right crossed in trial state None while paused
2025-04-08 16:11:11,821 [WARNING] Gate right crossed in trial state None while paused
2025-04-08 16:11:11,843 [WARNING] Gate right crossed in trial state None while paused
2025-04-08 16:11:11,862 [WARNING] Gate right crossed in trial state None while paused
2025-04-08 16:11:11,895 [WARNING] Gate right crossed in trial state None while paused
2025-04-08 16:11:11,958 [WARNING] Gate right crossed in trial state None while paused
2025-04-08 16:11:11,992 [WARNING] Gate right crossed in trial state None while paused
2025-04-08 16:11:12,029 [WARNING] Gate right crossed in trial state None while paused
2025-04-08 16:11:12,093 [WARNING] Gate right crossed in trial state None while paused
2025-04-08 16:11:17,312 [WARNING] Gate right crossed in trial state None while paused
2025-04-08 16:11:18,071 [WARNING] Gate right crossed in trial state None while paused
2025-04-08 16:11:18,392 [WARNING] Gate right crossed in trial state None while paused
2025-04-08 16:11:18,595 [WARNING] Gate right crossed in trial state None while paused
2025-04-08 16:11:27,750 [WARNING] Gate left crossed in trial state None while paused
2025-04-08 16:11:40,129 [WARNING] Gate left crossed in trial state None while paused
2025-04-08 16:11:40,335 [WARNING] Gate left crossed in trial state None while paused
2025-04-08 16:11:41,361 [WARNING] Gate left crossed in trial state None while paused
2025-04-08 16:11:41,567 [WARNING] Gate left crossed in trial state None while paused
2025-04-08 16:11:41,772 [WARNING] Gate left crossed in trial state None while paused
2025-04-08 16:11:41,977 [WARNING] Gate left crossed in trial state None while paused
2025-04-08 16:11:42,183 [WARNING] Gate left crossed in trial state None while paused
2025-04-08 16:11:42,388 [WARNING] Gate left crossed in trial state None while paused
2025-04-08 16:11:42,591 [WARNING] Gate left crossed in trial state None while paused
2025-04-08 16:11:42,796 [WARNING] Gate left crossed in trial state None while paused
2025-04-08 16:11:43,001 [WARNING] Gate left crossed in trial state None while paused
2025-04-08 16:11:43,207 [WARNING] Gate left crossed in trial state None while paused
2025-04-08 16:11:43,415 [WARNING] Gate left crossed in trial state None while paused
2025-04-08 16:11:43,620 [WARNING] Gate left crossed in trial state None while paused
2025-04-08 16:11:43,826 [WARNING] Gate left crossed in trial state None while paused
2025-04-08 16:11:44,031 [WARNING] Gate left crossed in trial state None while paused
2025-04-08 16:11:44,236 [WARNING] Gate left crossed in trial state None while paused
2025-04-08 16:11:44,442 [WARNING] Gate left crossed in trial state None while paused
2025-04-08 16:11:44,647 [WARNING] Gate left crossed in trial state None while paused
2025-04-08 16:11:44,853 [WARNING] Gate left crossed in trial state None while paused
2025-04-08 16:11:45,058 [WARNING] Gate left crossed in trial state None while paused
2025-04-08 16:11:45,263 [WARNING] Gate left crossed in trial state None while paused
2025-04-08 16:11:51,666 [WARNING] Gate left crossed in trial state None while paused
2025-04-08 16:11:55,271 [WARNING] Gate left crossed in trial state None while paused
2025-04-08 16:11:55,355 [WARNING] Gate left crossed in trial state None while paused
2025-04-08 16:11:55,528 [WARNING] Gate left crossed in trial state None while paused
2025-04-08 16:11:55,618 [WARNING] Gate left crossed in trial state None while paused
2025-04-08 16:11:55,754 [WARNING] Gate left crossed in trial state None while paused
2025-04-08 16:11:55,862 [WARNING] Gate left crossed in trial state None while paused
2025-04-08 16:11:55,984 [WARNING] Gate left crossed in trial state None while paused
2025-04-08 16:11:56,347 [WARNING] Gate left crossed in trial state None while paused
2025-04-08 16:11:56,495 [WARNING] Gate left crossed in trial state None while paused
2025-04-08 16:11:56,604 [WARNING] Gate left crossed in trial state None while paused
2025-04-08 16:11:56,806 [WARNING] Gate left crossed in trial state None while paused
2025-04-08 16:11:56,905 [WARNING] Gate left crossed in trial state None while paused
2025-04-08 16:11:57,099 [WARNING] Gate left crossed in trial state None while paused
2025-04-08 16:11:57,178 [WARNING] Gate left crossed in trial state None while paused
2025-04-08 16:11:57,376 [WARNING] Gate left crossed in trial state None while paused
2025-04-08 16:11:58,267 [WARNING] Gate left crossed in trial state None while paused
2025-04-08 16:11:58,478 [WARNING] Gate left crossed in trial state None while paused
2025-04-08 16:11:58,531 [WARNING] Gate left crossed in trial state None while paused
2025-04-08 16:11:58,692 [WARNING] Gate left crossed in trial state None while paused
2025-04-08 16:11:58,780 [WARNING] Gate left crossed in trial state None while paused
2025-04-08 16:11:58,898 [WARNING] Gate left crossed in trial state None while paused
2025-04-08 16:11:58,965 [WARNING] Gate left crossed in trial state None while paused
2025-04-08 16:11:59,088 [WARNING] Gate left crossed in trial state None while paused
2025-04-08 16:11:59,172 [WARNING] Gate left crossed in trial state None while paused
2025-04-08 16:11:59,959 [WARNING] Gate left crossed in trial state None while paused
2025-04-08 16:12:00,071 [WARNING] Gate left crossed in trial state None while paused
2025-04-08 16:12:00,169 [WARNING] Gate left crossed in trial state None while paused
2025-04-08 16:12:00,255 [WARNING] Gate left crossed in trial state None while paused
2025-04-08 16:12:00,371 [WARNING] Gate left crossed in trial state None while paused
2025-04-08 16:12:00,436 [WARNING] Gate left crossed in trial state None while paused
2025-04-08 16:12:00,605 [WARNING] Gate left crossed in trial state None while paused
2025-04-08 16:12:00,684 [WARNING] Gate left crossed in trial state None while paused
2025-04-08 16:12:00,795 [WARNING] Gate left crossed in trial state None while paused
2025-04-08 16:12:02,797 [WARNING] Gate left crossed in trial state None while paused
2025-04-08 16:12:11,095 [WARNING] Gate left crossed in trial state None while paused
2025-04-08 16:12:11,311 [WARNING] Gate left crossed in trial state None while paused
2025-04-08 16:12:27,441 [WARNING] Gate left crossed in trial state None while paused
2025-04-08 16:12:27,646 [WARNING] Gate left crossed in trial state None while paused
2025-04-08 16:12:27,848 [WARNING] Gate left crossed in trial state None while paused
2025-04-08 16:12:28,054 [WARNING] Gate left crossed in trial state None while paused
2025-04-08 16:12:28,259 [WARNING] Gate left crossed in trial state None while paused
2025-04-08 16:12:28,464 [WARNING] Gate left crossed in trial state None while paused
2025-04-08 16:12:28,670 [WARNING] Gate left crossed in trial state None while paused
2025-04-08 16:12:28,875 [WARNING] Gate left crossed in trial state None while paused
2025-04-08 16:12:29,080 [WARNING] Gate left crossed in trial state None while paused
2025-04-08 16:12:29,289 [WARNING] Gate left crossed in trial state None while paused
2025-04-08 16:12:29,494 [WARNING] Gate left crossed in trial state None while paused
2025-04-08 16:12:29,700 [WARNING] Gate left crossed in trial state None while paused
2025-04-08 16:12:29,905 [WARNING] Gate left crossed in trial state None while paused
2025-04-08 16:12:30,111 [WARNING] Gate left crossed in trial state None while paused
2025-04-08 16:12:30,316 [WARNING] Gate left crossed in trial state None while paused
2025-04-08 16:12:30,522 [WARNING] Gate left crossed in trial state None while paused
2025-04-08 16:12:30,727 [WARNING] Gate left crossed in trial state None while paused
2025-04-08 16:12:30,932 [WARNING] Gate left crossed in trial state None while paused
2025-04-08 16:12:31,138 [WARNING] Gate left crossed in trial state None while paused
2025-04-08 16:12:31,343 [WARNING] Gate left crossed in trial state None while paused
2025-04-08 16:12:31,548 [WARNING] Gate left crossed in trial state None while paused
2025-04-08 16:12:31,754 [WARNING] Gate left crossed in trial state None while paused
2025-04-08 16:12:31,959 [WARNING] Gate left crossed in trial state None while paused
2025-04-08 16:12:32,164 [WARNING] Gate left crossed in trial state None while paused
2025-04-08 16:12:32,369 [WARNING] Gate left crossed in trial state None while paused
2025-04-08 16:12:32,575 [WARNING] Gate left crossed in trial state None while paused
2025-04-08 16:12:32,781 [WARNING] Gate left crossed in trial state None while paused
2025-04-08 16:12:34,093 [WARNING] Gate left crossed in trial state None while paused
2025-04-08 16:12:34,298 [WARNING] Gate left crossed in trial state None while paused
2025-04-08 16:12:34,503 [WARNING] Gate left crossed in trial state None while paused
2025-04-08 16:12:34,709 [WARNING] Gate left crossed in trial state None while paused
2025-04-08 16:12:36,351 [WARNING] Gate left crossed in trial state None while paused
2025-04-08 16:12:36,557 [WARNING] Gate left crossed in trial state None while paused
2025-04-08 16:12:36,762 [WARNING] Gate left crossed in trial state None while paused
2025-04-08 16:12:36,967 [WARNING] Gate left crossed in trial state None while paused
2025-04-08 16:12:37,172 [WARNING] Gate left crossed in trial state None while paused
2025-04-08 16:12:37,378 [WARNING] Gate left crossed in trial state None while paused
2025-04-08 16:12:37,583 [WARNING] Gate left crossed in trial state None while paused
2025-04-08 16:12:37,788 [WARNING] Gate left crossed in trial state None while paused
2025-04-08 16:12:37,994 [WARNING] Gate left crossed in trial state None while paused
2025-04-08 16:12:38,199 [WARNING] Gate left crossed in trial state None while paused
2025-04-08 16:12:38,404 [WARNING] Gate left crossed in trial state None while paused
2025-04-08 16:12:38,610 [WARNING] Gate left crossed in trial state None while paused
2025-04-08 16:12:38,815 [WARNING] Gate left crossed in trial state None while paused
2025-04-08 16:12:39,020 [WARNING] Gate left crossed in trial state None while paused
2025-04-08 16:12:39,226 [WARNING] Gate left crossed in trial state None while paused
2025-04-08 16:12:45,305 [WARNING] Gate left crossed in trial state None while paused
2025-04-08 16:12:45,511 [WARNING] Gate left crossed in trial state None while paused
2025-04-08 16:12:45,716 [WARNING] Gate left crossed in trial state None while paused
2025-04-08 16:12:45,921 [WARNING] Gate left crossed in trial state None while paused
2025-04-08 16:12:46,126 [WARNING] Gate left crossed in trial state None while paused
2025-04-08 16:12:46,332 [WARNING] Gate left crossed in trial state None while paused
2025-04-08 16:12:46,537 [WARNING] Gate left crossed in trial state None while paused
2025-04-08 16:12:46,742 [WARNING] Gate left crossed in trial state None while paused
2025-04-08 16:12:46,948 [WARNING] Gate left crossed in trial state None while paused
2025-04-08 16:12:47,153 [WARNING] Gate left crossed in trial state None while paused
2025-04-08 16:12:47,358 [WARNING] Gate left crossed in trial state None while paused
2025-04-08 16:12:47,564 [WARNING] Gate left crossed in trial state None while paused
2025-04-08 16:12:47,769 [WARNING] Gate left crossed in trial state None while paused
2025-04-08 16:12:47,974 [WARNING] Gate left crossed in trial state None while paused
2025-04-08 16:12:48,180 [WARNING] Gate left crossed in trial state None while paused
2025-04-08 16:12:48,385 [WARNING] Gate left crossed in trial state None while paused
2025-04-08 16:12:48,591 [WARNING] Gate left crossed in trial state None while paused
2025-04-08 16:12:48,796 [WARNING] Gate left crossed in trial state None while paused
2025-04-08 16:12:49,001 [WARNING] Gate left crossed in trial state None while paused
2025-04-08 16:12:49,207 [WARNING] Gate left crossed in trial state None while paused
2025-04-08 16:12:49,412 [WARNING] Gate left crossed in trial state None while paused
2025-04-08 16:12:49,617 [WARNING] Gate left crossed in trial state None while paused
2025-04-08 16:12:49,823 [WARNING] Gate left crossed in trial state None while paused
2025-04-08 16:12:50,028 [WARNING] Gate left crossed in trial state None while paused
2025-04-08 16:12:50,233 [WARNING] Gate left crossed in trial state None while paused
2025-04-08 16:12:50,439 [WARNING] Gate left crossed in trial state None while paused
2025-04-08 16:12:50,644 [WARNING] Gate left crossed in trial state None while paused
2025-04-08 16:12:50,850 [WARNING] Gate left crossed in trial state None while paused
2025-04-08 16:12:51,055 [WARNING] Gate left crossed in trial state None while paused
2025-04-08 16:12:51,260 [WARNING] Gate left crossed in trial state None while paused
2025-04-08 16:12:51,466 [WARNING] Gate left crossed in trial state None while paused
2025-04-08 16:12:51,671 [WARNING] Gate left crossed in trial state None while paused
2025-04-08 16:12:51,877 [WARNING] Gate left crossed in trial state None while paused
2025-04-08 16:12:52,082 [WARNING] Gate left crossed in trial state None while paused
2025-04-08 16:12:52,287 [WARNING] Gate left crossed in trial state None while paused
2025-04-08 16:12:52,492 [WARNING] Gate left crossed in trial state None while paused
2025-04-08 16:12:52,698 [WARNING] Gate left crossed in trial state None while paused
2025-04-08 16:12:52,903 [WARNING] Gate left crossed in trial state None while paused
2025-04-08 16:12:53,109 [WARNING] Gate left crossed in trial state None while paused
2025-04-08 16:12:53,314 [WARNING] Gate left crossed in trial state None while paused
2025-04-08 16:12:53,519 [WARNING] Gate left crossed in trial state None while paused
2025-04-08 16:12:53,725 [WARNING] Gate left crossed in trial state None while paused
2025-04-08 16:12:53,930 [WARNING] Gate left crossed in trial state None while paused
2025-04-08 16:12:54,135 [WARNING] Gate left crossed in trial state None while paused
2025-04-08 16:12:54,341 [WARNING] Gate left crossed in trial state None while paused
2025-04-08 16:12:54,546 [WARNING] Gate left crossed in trial state None while paused
2025-04-08 16:12:54,752 [WARNING] Gate left crossed in trial state None while paused
2025-04-08 16:12:54,957 [WARNING] Gate left crossed in trial state None while paused
2025-04-08 16:12:55,162 [WARNING] Gate left crossed in trial state None while paused
2025-04-08 16:12:55,368 [WARNING] Gate left crossed in trial state None while paused
2025-04-08 16:12:55,573 [WARNING] Gate left crossed in trial state None while paused
2025-04-08 16:12:55,778 [WARNING] Gate left crossed in trial state None while paused
2025-04-08 16:12:55,984 [WARNING] Gate left crossed in trial state None while paused
2025-04-08 16:12:56,189 [WARNING] Gate left crossed in trial state None while paused
2025-04-08 16:12:56,394 [WARNING] Gate left crossed in trial state None while paused
2025-04-08 16:12:56,600 [WARNING] Gate left crossed in trial state None while paused
2025-04-08 16:12:56,805 [WARNING] Gate left crossed in trial state None while paused
2025-04-08 16:12:57,010 [WARNING] Gate left crossed in trial state None while paused
2025-04-08 16:12:57,216 [WARNING] Gate left crossed in trial state None while paused
2025-04-08 16:12:57,421 [WARNING] Gate left crossed in trial state None while paused
2025-04-08 16:12:57,626 [WARNING] Gate left crossed in trial state None while paused
2025-04-08 16:13:01,322 [WARNING] Gate left crossed in trial state None while paused
2025-04-08 16:13:01,528 [WARNING] Gate left crossed in trial state None while paused
2025-04-08 16:13:01,733 [WARNING] Gate left crossed in trial state None while paused
2025-04-08 16:13:01,938 [WARNING] Gate left crossed in trial state None while paused
2025-04-08 16:13:02,144 [WARNING] Gate left crossed in trial state None while paused
2025-04-08 16:13:02,349 [WARNING] Gate left crossed in trial state None while paused
2025-04-08 16:13:02,554 [WARNING] Gate left crossed in trial state None while paused
2025-04-08 16:13:02,760 [WARNING] Gate left crossed in trial state None while paused
2025-04-08 16:13:02,965 [WARNING] Gate left crossed in trial state None while paused
2025-04-08 16:13:03,171 [WARNING] Gate left crossed in trial state None while paused
2025-04-08 16:13:03,376 [WARNING] Gate left crossed in trial state None while paused
2025-04-08 16:13:03,582 [WARNING] Gate left crossed in trial state None while paused
2025-04-08 16:13:03,787 [WARNING] Gate left crossed in trial state None while paused
2025-04-08 16:13:03,992 [WARNING] Gate left crossed in trial state None while paused
2025-04-08 16:13:04,198 [WARNING] Gate left crossed in trial state None while paused
2025-04-08 16:13:04,403 [WARNING] Gate left crossed in trial state None while paused
2025-04-08 16:13:04,608 [WARNING] Gate left crossed in trial state None while paused
2025-04-08 16:13:04,814 [WARNING] Gate left crossed in trial state None while paused
2025-04-08 16:13:05,019 [WARNING] Gate left crossed in trial state None while paused
2025-04-08 16:13:05,224 [WARNING] Gate left crossed in trial state None while paused
2025-04-08 16:13:05,430 [WARNING] Gate left crossed in trial state None while paused
2025-04-08 16:13:05,635 [WARNING] Gate left crossed in trial state None while paused
2025-04-08 16:13:05,840 [WARNING] Gate left crossed in trial state None while paused
2025-04-08 16:13:06,046 [WARNING] Gate left crossed in trial state None while paused
2025-04-08 16:13:06,251 [WARNING] Gate left crossed in trial state None while paused
2025-04-08 16:13:06,456 [WARNING] Gate left crossed in trial state None while paused
2025-04-08 16:13:06,662 [WARNING] Gate left crossed in trial state None while paused
2025-04-08 16:13:06,867 [WARNING] Gate left crossed in trial state None while paused
2025-04-08 16:13:07,072 [WARNING] Gate left crossed in trial state None while paused
2025-04-08 16:13:07,278 [WARNING] Gate left crossed in trial state None while paused
2025-04-08 16:13:07,483 [WARNING] Gate left crossed in trial state None while paused
2025-04-08 16:13:07,688 [WARNING] Gate left crossed in trial state None while paused
2025-04-08 16:13:07,894 [WARNING] Gate left crossed in trial state None while paused
2025-04-08 16:13:08,099 [WARNING] Gate left crossed in trial state None while paused
2025-04-08 16:13:08,304 [WARNING] Gate left crossed in trial state None while paused
2025-04-08 16:13:08,510 [WARNING] Gate left crossed in trial state None while paused
2025-04-08 16:13:08,715 [WARNING] Gate left crossed in trial state None while paused
2025-04-08 16:13:08,920 [WARNING] Gate left crossed in trial state None while paused
2025-04-08 16:13:09,126 [WARNING] Gate left crossed in trial state None while paused
2025-04-08 16:13:09,331 [WARNING] Gate left crossed in trial state None while paused
2025-04-08 16:13:09,536 [WARNING] Gate left crossed in trial state None while paused
2025-04-08 16:13:09,742 [WARNING] Gate left crossed in trial state None while paused
2025-04-08 16:13:09,947 [WARNING] Gate left crossed in trial state None while paused
2025-04-08 16:13:10,153 [WARNING] Gate left crossed in trial state None while paused
2025-04-08 16:13:10,358 [WARNING] Gate left crossed in trial state None while paused
2025-04-08 16:13:10,563 [WARNING] Gate left crossed in trial state None while paused
2025-04-08 16:13:10,768 [WARNING] Gate left crossed in trial state None while paused
2025-04-08 16:13:10,973 [WARNING] Gate left crossed in trial state None while paused
2025-04-08 16:13:14,512 [WARNING] Gate left crossed in trial state None while paused
2025-04-08 16:13:16,561 [WARNING] Gate left crossed in trial state None while paused
2025-04-08 16:13:17,256 [WARNING] Gate left crossed in trial state None while paused
2025-04-08 16:13:19,245 [WARNING] Gate left crossed in trial state None while paused
2025-04-08 16:13:19,451 [WARNING] Gate left crossed in trial state None while paused
2025-04-08 16:13:19,656 [WARNING] Gate left crossed in trial state None while paused
2025-04-08 16:13:19,862 [WARNING] Gate left crossed in trial state None while paused
2025-04-08 16:13:20,067 [WARNING] Gate left crossed in trial state None while paused
2025-04-08 16:13:20,272 [WARNING] Gate left crossed in trial state None while paused
2025-04-08 16:13:20,478 [WARNING] Gate left crossed in trial state None while paused
2025-04-08 16:13:20,683 [WARNING] Gate left crossed in trial state None while paused
2025-04-08 16:13:20,889 [WARNING] Gate left crossed in trial state None while paused
2025-04-08 16:13:21,094 [WARNING] Gate left crossed in trial state None while paused
2025-04-08 16:13:21,299 [WARNING] Gate left crossed in trial state None while paused
2025-04-08 16:13:21,505 [WARNING] Gate left crossed in trial state None while paused
2025-04-08 16:13:21,710 [WARNING] Gate left crossed in trial state None while paused
2025-04-08 16:13:21,915 [WARNING] Gate left crossed in trial state None while paused
2025-04-08 16:13:22,121 [WARNING] Gate left crossed in trial state None while paused
2025-04-08 16:13:22,326 [WARNING] Gate left crossed in trial state None while paused
2025-04-08 16:13:22,531 [WARNING] Gate left crossed in trial state None while paused
2025-04-08 16:13:22,737 [WARNING] Gate left crossed in trial state None while paused
2025-04-08 16:13:22,942 [WARNING] Gate left crossed in trial state None while paused
2025-04-08 16:13:23,147 [WARNING] Gate left crossed in trial state None while paused
2025-04-08 16:13:23,353 [WARNING] Gate left crossed in trial state None while paused
2025-04-08 16:13:23,558 [WARNING] Gate left crossed in trial state None while paused
2025-04-08 16:13:23,763 [WARNING] Gate left crossed in trial state None while paused
2025-04-08 16:13:23,968 [WARNING] Gate left crossed in trial state None while paused
2025-04-08 16:13:24,174 [WARNING] Gate left crossed in trial state None while paused
2025-04-08 16:13:24,379 [WARNING] Gate left crossed in trial state None while paused
2025-04-08 16:13:24,584 [WARNING] Gate left crossed in trial state None while paused
2025-04-08 16:13:24,790 [WARNING] Gate left crossed in trial state None while paused
2025-04-08 16:13:24,995 [WARNING] Gate left crossed in trial state None while paused
2025-04-08 16:13:25,200 [WARNING] Gate left crossed in trial state None while paused
2025-04-08 16:13:25,406 [WARNING] Gate left crossed in trial state None while paused
2025-04-08 16:13:25,611 [WARNING] Gate left crossed in trial state None while paused
2025-04-08 16:13:33,164 [WARNING] Gate left crossed in trial state None while paused
2025-04-08 16:13:36,246 [WARNING] Gate left crossed in trial state None while paused
2025-04-08 16:13:36,332 [WARNING] Gate left crossed in trial state None while paused
2025-04-08 16:13:36,584 [WARNING] Gate left crossed in trial state None while paused
2025-04-08 16:13:36,789 [WARNING] Gate left crossed in trial state None while paused
2025-04-08 16:13:36,989 [WARNING] Gate left crossed in trial state None while paused
2025-04-08 16:13:37,108 [WARNING] Gate left crossed in trial state None while paused
2025-04-08 16:13:37,202 [WARNING] Gate left crossed in trial state None while paused
2025-04-08 16:13:37,703 [WARNING] Gate left crossed in trial state None while paused
2025-04-08 16:13:37,772 [WARNING] Gate left crossed in trial state None while paused
2025-04-08 16:13:37,879 [WARNING] Gate left crossed in trial state None while paused
2025-04-08 16:13:37,989 [WARNING] Gate left crossed in trial state None while paused
2025-04-08 16:13:38,040 [WARNING] Gate left crossed in trial state None while paused
2025-04-08 16:13:38,145 [WARNING] Gate left crossed in trial state None while paused
2025-04-08 16:13:38,352 [WARNING] Gate left crossed in trial state None while paused
2025-04-08 16:13:44,849 [WARNING] Gate right crossed in trial state None while paused
2025-04-08 16:15:09,474 [WARNING] Gate right crossed in trial state None while paused
2025-04-08 16:15:10,886 [WARNING] Gate right crossed in trial state None while paused
2025-04-08 16:15:11,566 [WARNING] Gate right crossed in trial state None while paused
2025-04-08 16:15:11,885 [WARNING] Gate right crossed in trial state None while paused
2025-04-08 16:15:26,671 [WARNING] Gate left crossed in trial state None while paused
2025-04-08 16:15:34,020 [WARNING] Gate left crossed in trial state None while paused
2025-04-08 16:15:34,684 [WARNING] Gate left crossed in trial state None while paused
2025-04-08 16:15:36,782 [WARNING] Gate left crossed in trial state None while paused
2025-04-08 16:15:37,361 [WARNING] Gate left crossed in trial state None while paused
2025-04-08 16:17:16,607 [WARNING] Gate right crossed in trial state None while paused
2025-04-08 16:17:17,286 [WARNING] Gate right crossed in trial state None while paused
2025-04-08 16:17:18,024 [WARNING] Gate right crossed in trial state None while paused
2025-04-08 16:18:19,198 [WARNING] Gate left crossed in trial state None while paused
2025-04-08 16:18:19,743 [WARNING] Gate left crossed in trial state None while paused
2025-04-08 16:18:20,919 [WARNING] Gate left crossed in trial state None while paused
2025-04-08 16:18:48,188 [WARNING] Gate left crossed in trial state None while paused
2025-04-08 16:18:48,573 [WARNING] Gate left crossed in trial state None while paused
2025-04-08 16:18:48,611 [WARNING] Gate left crossed in trial state None while paused
2025-04-08 16:18:48,800 [WARNING] Gate left crossed in trial state None while paused
2025-04-08 16:18:48,887 [WARNING] Gate left crossed in trial state None while paused
2025-04-08 16:18:48,918 [WARNING] Gate left crossed in trial state None while paused
2025-04-08 16:18:49,104 [WARNING] Gate left crossed in trial state None while paused
2025-04-08 16:18:49,175 [WARNING] Gate left crossed in trial state None while paused
2025-04-08 16:18:49,212 [WARNING] Gate left crossed in trial state None while paused
2025-04-08 16:18:49,469 [WARNING] Gate left crossed in trial state None while paused
2025-04-08 16:18:49,505 [WARNING] Gate left crossed in trial state None while paused
2025-04-08 16:18:49,702 [WARNING] Gate left crossed in trial state None while paused
2025-04-08 16:18:49,783 [WARNING] Gate left crossed in trial state None while paused
2025-04-08 16:18:49,818 [WARNING] Gate left crossed in trial state None while paused
2025-04-08 16:18:51,600 [WARNING] Gate left crossed in trial state None while paused
2025-04-08 16:18:51,890 [WARNING] Gate left crossed in trial state None while paused
2025-04-08 16:18:52,193 [WARNING] Gate left crossed in trial state None while paused
2025-04-08 16:18:52,401 [WARNING] Gate left crossed in trial state None while paused
2025-04-08 16:18:52,497 [WARNING] Gate left crossed in trial state None while paused
2025-04-08 16:18:52,805 [WARNING] Gate left crossed in trial state None while paused
2025-04-08 16:18:52,848 [WARNING] Gate left crossed in trial state None while paused
2025-04-08 16:18:52,977 [WARNING] Gate left crossed in trial state None while paused
2025-04-08 16:18:53,126 [WARNING] Gate left crossed in trial state None while paused
2025-04-08 16:18:53,243 [WARNING] Gate left crossed in trial state None while paused
2025-04-08 16:18:53,634 [WARNING] Gate left crossed in trial state None while paused
2025-04-08 16:18:54,815 [WARNING] Gate left crossed in trial state None while paused
2025-04-08 16:18:56,956 [WARNING] Gate left crossed in trial state None while paused
2025-04-08 16:19:02,066 [WARNING] Gate left crossed in trial state None while paused
2025-04-08 16:19:02,360 [WARNING] Gate left crossed in trial state None while paused
2025-04-08 16:19:02,603 [WARNING] Gate left crossed in trial state None while paused
2025-04-08 16:19:02,827 [WARNING] Gate left crossed in trial state None while paused
2025-04-08 16:19:03,074 [WARNING] Gate left crossed in trial state None while paused
2025-04-08 16:19:03,460 [WARNING] Gate left crossed in trial state None while paused
2025-04-08 16:19:03,535 [WARNING] Gate left crossed in trial state None while paused
2025-04-08 16:19:03,707 [WARNING] Gate left crossed in trial state None while paused
2025-04-08 16:19:03,760 [WARNING] Gate left crossed in trial state None while paused
2025-04-08 16:19:03,900 [WARNING] Gate left crossed in trial state None while paused
2025-04-08 16:19:03,967 [WARNING] Gate left crossed in trial state None while paused
2025-04-08 16:19:04,083 [WARNING] Gate left crossed in trial state None while paused
2025-04-08 16:19:04,383 [WARNING] Gate left crossed in trial state None while paused
2025-04-08 16:19:05,346 [WARNING] Gate left crossed in trial state None while paused
2025-04-08 16:19:05,518 [WARNING] Gate left crossed in trial state None while paused
2025-04-08 16:19:05,720 [WARNING] Gate left crossed in trial state None while paused
2025-04-08 16:19:05,928 [WARNING] Gate left crossed in trial state None while paused
2025-04-08 16:19:06,165 [WARNING] Gate left crossed in trial state None while paused
2025-04-08 16:19:06,372 [WARNING] Gate left crossed in trial state None while paused
2025-04-08 16:19:06,581 [WARNING] Gate left crossed in trial state None while paused
2025-04-08 16:19:06,844 [WARNING] Gate left crossed in trial state None while paused
2025-04-08 16:19:09,759 [WARNING] Gate left crossed in trial state None while paused
2025-04-08 16:19:13,997 [WARNING] Gate left crossed in trial state None while paused
2025-04-08 16:19:14,263 [WARNING] Gate left crossed in trial state None while paused
2025-04-08 16:19:14,503 [WARNING] Gate left crossed in trial state None while paused
2025-04-08 16:19:14,561 [WARNING] Gate left crossed in trial state None while paused
2025-04-08 16:19:14,719 [WARNING] Gate left crossed in trial state None while paused
2025-04-08 16:19:14,765 [WARNING] Gate left crossed in trial state None while paused
2025-04-08 16:19:14,845 [WARNING] Gate left crossed in trial state None while paused
2025-04-08 16:19:14,986 [WARNING] Gate left crossed in trial state None while paused
2025-04-08 16:19:15,056 [WARNING] Gate left crossed in trial state None while paused
2025-04-08 16:19:15,195 [WARNING] Gate left crossed in trial state None while paused
2025-04-08 16:19:15,282 [WARNING] Gate left crossed in trial state None while paused
2025-04-08 16:19:15,417 [WARNING] Gate left crossed in trial state None while paused
2025-04-08 16:19:15,926 [WARNING] Gate left crossed in trial state None while paused
2025-04-08 16:19:19,903 [WARNING] Gate left crossed in trial state None while paused
2025-04-08 16:19:21,707 [WARNING] Gate left crossed in trial state None while paused
2025-04-08 16:19:21,937 [WARNING] Gate left crossed in trial state None while paused
2025-04-08 16:19:22,157 [WARNING] Gate left crossed in trial state None while paused
2025-04-08 16:19:22,372 [WARNING] Gate left crossed in trial state None while paused
2025-04-08 16:19:22,596 [WARNING] Gate left crossed in trial state None while paused
2025-04-08 16:19:22,816 [WARNING] Gate left crossed in trial state None while paused
2025-04-08 16:19:22,910 [WARNING] Gate left crossed in trial state None while paused
2025-04-08 16:19:23,030 [WARNING] Gate left crossed in trial state None while paused
2025-04-08 16:19:23,251 [WARNING] Gate left crossed in trial state None while paused
2025-04-08 16:19:23,339 [WARNING] Gate left crossed in trial state None while paused
2025-04-08 16:19:23,461 [WARNING] Gate left crossed in trial state None while paused
2025-04-08 16:19:26,234 [WARNING] Gate left crossed in trial state None while paused
2025-04-08 16:19:26,464 [WARNING] Gate left crossed in trial state None while paused
2025-04-08 16:19:26,686 [WARNING] Gate left crossed in trial state None while paused
2025-04-08 16:19:26,898 [WARNING] Gate left crossed in trial state None while paused
2025-04-08 16:19:29,197 [WARNING] Gate left crossed in trial state None while paused
2025-04-08 16:19:29,367 [WARNING] Gate left crossed in trial state None while paused
2025-04-08 16:19:29,413 [WARNING] Gate left crossed in trial state None while paused
2025-04-08 16:19:29,461 [WARNING] Gate left crossed in trial state None while paused
2025-04-08 16:19:29,583 [WARNING] Gate left crossed in trial state None while paused
2025-04-08 16:19:29,617 [WARNING] Gate left crossed in trial state None while paused
2025-04-08 16:19:29,693 [WARNING] Gate left crossed in trial state None while paused
2025-04-08 16:19:29,809 [WARNING] Gate left crossed in trial state None while paused
2025-04-08 16:19:29,845 [WARNING] Gate left crossed in trial state None while paused
2025-04-08 16:19:29,948 [WARNING] Gate left crossed in trial state None while paused
2025-04-08 16:19:30,015 [WARNING] Gate left crossed in trial state None while paused
2025-04-08 16:19:30,186 [WARNING] Gate left crossed in trial state None while paused
2025-04-08 16:19:30,561 [WARNING] Gate left crossed in trial state None while paused
2025-04-08 16:19:30,721 [WARNING] Gate left crossed in trial state None while paused
2025-04-08 16:19:34,313 [WARNING] Gate left crossed in trial state None while paused
2025-04-08 16:19:37,192 [WARNING] Gate left crossed in trial state None while paused
2025-04-08 16:19:37,442 [WARNING] Gate left crossed in trial state None while paused
2025-04-08 16:19:37,472 [WARNING] Gate left crossed in trial state None while paused
2025-04-08 16:19:37,523 [WARNING] Gate left crossed in trial state None while paused
2025-04-08 16:19:37,673 [WARNING] Gate left crossed in trial state None while paused
2025-04-08 16:19:37,699 [WARNING] Gate left crossed in trial state None while paused
2025-04-08 16:19:37,764 [WARNING] Gate left crossed in trial state None while paused
2025-04-08 16:19:37,890 [WARNING] Gate left crossed in trial state None while paused
2025-04-08 16:19:37,919 [WARNING] Gate left crossed in trial state None while paused
2025-04-08 16:19:37,976 [WARNING] Gate left crossed in trial state None while paused
2025-04-08 16:19:38,133 [WARNING] Gate left crossed in trial state None while paused
2025-04-08 16:19:38,871 [WARNING] Gate left crossed in trial state None while paused
2025-04-08 16:19:40,227 [WARNING] Gate left crossed in trial state None while paused
2025-04-08 16:19:40,622 [WARNING] Gate left crossed in trial state None while paused
2025-04-08 16:19:41,456 [WARNING] Gate left crossed in trial state None while paused
2025-04-08 16:19:41,635 [WARNING] Gate left crossed in trial state None while paused
2025-04-08 16:19:41,842 [WARNING] Gate left crossed in trial state None while paused
2025-04-08 16:19:43,067 [WARNING] Gate left crossed in trial state None while paused
2025-04-08 16:19:43,264 [WARNING] Gate left crossed in trial state None while paused
2025-04-08 16:19:46,987 [WARNING] Gate left crossed in trial state None while paused
2025-04-08 16:19:47,210 [WARNING] Gate left crossed in trial state None while paused
2025-04-08 16:19:47,517 [WARNING] Gate left crossed in trial state None while paused
2025-04-08 16:19:47,555 [WARNING] Gate left crossed in trial state None while paused
2025-04-08 16:19:47,721 [WARNING] Gate left crossed in trial state None while paused
2025-04-08 16:19:47,760 [WARNING] Gate left crossed in trial state None while paused
2025-04-08 16:19:47,971 [WARNING] Gate left crossed in trial state None while paused
2025-04-08 16:19:48,368 [WARNING] Gate left crossed in trial state None while paused
2025-04-08 16:19:48,451 [WARNING] Gate left crossed in trial state None while paused
2025-04-08 16:19:48,563 [WARNING] Gate left crossed in trial state None while paused
2025-04-08 16:19:48,663 [WARNING] Gate left crossed in trial state None while paused
2025-04-08 16:19:48,753 [WARNING] Gate left crossed in trial state None while paused
2025-04-08 16:19:48,836 [WARNING] Gate left crossed in trial state None while paused
2025-04-08 16:19:48,931 [WARNING] Gate left crossed in trial state None while paused
2025-04-08 16:19:56,536 [WARNING] Gate left crossed in trial state None while paused
2025-04-08 16:19:57,465 [WARNING] Gate left crossed in trial state None while paused
2025-04-08 16:19:58,438 [WARNING] Gate left crossed in trial state None while paused
2025-04-08 16:19:58,658 [WARNING] Gate left crossed in trial state None while paused
2025-04-08 16:19:58,864 [WARNING] Gate left crossed in trial state None while paused
2025-04-08 16:19:59,055 [WARNING] Gate left crossed in trial state None while paused
2025-04-08 16:19:59,240 [WARNING] Gate left crossed in trial state None while paused
2025-04-08 16:20:04,017 [WARNING] Gate left crossed in trial state None while paused
2025-04-08 16:20:04,243 [WARNING] Gate left crossed in trial state None while paused
2025-04-08 16:20:04,460 [WARNING] Gate left crossed in trial state None while paused
2025-04-08 16:20:04,670 [WARNING] Gate left crossed in trial state None while paused
2025-04-08 16:20:04,885 [WARNING] Gate left crossed in trial state None while paused
2025-04-08 16:20:05,109 [WARNING] Gate left crossed in trial state None while paused
2025-04-08 16:20:05,313 [WARNING] Gate left crossed in trial state None while paused
2025-04-08 16:20:05,755 [WARNING] Gate left crossed in trial state None while paused
2025-04-08 16:20:06,011 [WARNING] Gate left crossed in trial state None while paused
2025-04-08 16:20:06,242 [WARNING] Gate left crossed in trial state None while paused
2025-04-08 16:20:06,446 [WARNING] Gate left crossed in trial state None while paused
2025-04-08 16:20:06,665 [WARNING] Gate left crossed in trial state None while paused
2025-04-08 16:20:09,267 [WARNING] Gate left crossed in trial state None while paused
2025-04-08 16:20:13,249 [WARNING] Gate left crossed in trial state None while paused
2025-04-08 16:20:16,578 [WARNING] Gate left crossed in trial state None while paused
2025-04-08 16:20:21,814 [WARNING] Gate left crossed in trial state None while paused
2025-04-08 16:20:23,652 [WARNING] Gate left crossed in trial state None while paused
2025-04-08 16:20:24,649 [WARNING] Gate left crossed in trial state None while paused
2025-04-08 16:20:30,861 [WARNING] Gate left crossed in trial state None while paused
2025-04-08 16:20:31,038 [WARNING] Gate left crossed in trial state None while paused
2025-04-08 16:20:31,210 [WARNING] Gate left crossed in trial state None while paused
2025-04-08 16:20:31,366 [WARNING] Gate left crossed in trial state None while paused
2025-04-08 16:20:31,494 [WARNING] Gate left crossed in trial state None while paused
2025-04-08 16:20:31,689 [WARNING] Gate left crossed in trial state None while paused
2025-04-08 16:20:31,772 [WARNING] Gate left crossed in trial state None while paused
2025-04-08 16:20:33,010 [WARNING] Gate left crossed in trial state None while paused
2025-04-08 16:20:33,472 [WARNING] Gate left crossed in trial state None while paused
2025-04-08 16:20:35,047 [WARNING] Gate left crossed in trial state None while paused
2025-04-08 16:20:36,055 [WARNING] Gate left crossed in trial state None while paused
2025-04-08 16:20:36,188 [WARNING] Gate left crossed in trial state None while paused
2025-04-08 16:20:36,215 [WARNING] Gate left crossed in trial state None while paused
2025-04-08 16:20:36,402 [WARNING] Gate left crossed in trial state None while paused
2025-04-08 16:20:36,435 [WARNING] Gate left crossed in trial state None while paused
2025-04-08 16:20:36,605 [WARNING] Gate left crossed in trial state None while paused
2025-04-08 16:20:36,641 [WARNING] Gate left crossed in trial state None while paused
2025-04-08 16:20:36,807 [WARNING] Gate left crossed in trial state None while paused
2025-04-08 16:20:36,839 [WARNING] Gate left crossed in trial state None while paused
2025-04-08 16:20:37,010 [WARNING] Gate left crossed in trial state None while paused
2025-04-08 16:20:37,040 [WARNING] Gate left crossed in trial state None while paused
2025-04-08 16:20:37,206 [WARNING] Gate left crossed in trial state None while paused
2025-04-08 16:20:37,236 [WARNING] Gate left crossed in trial state None while paused
2025-04-08 16:20:37,452 [WARNING] Gate left crossed in trial state None while paused
2025-04-08 16:20:40,929 [WARNING] Gate left crossed in trial state None while paused
2025-04-08 16:20:46,086 [WARNING] Gate left crossed in trial state None while paused
2025-04-08 16:22:56,988 [WARNING] Gate left crossed in trial state None while paused
2025-04-08 16:23:18,020 [WARNING] Gate left crossed in trial state None while paused
2025-04-08 16:23:20,042 [WARNING] Gate right crossed in trial state None while paused
2025-04-08 16:23:20,475 [WARNING] Gate right crossed in trial state None while paused
2025-04-08 16:23:20,818 [WARNING] Gate right crossed in trial state None while paused
2025-04-08 16:23:51,719 [WARNING] Gate left crossed in trial state None while paused
2025-04-08 16:23:51,929 [WARNING] Gate left crossed in trial state None while paused
2025-04-08 16:23:52,135 [WARNING] Gate left crossed in trial state None while paused
2025-04-08 16:23:52,340 [WARNING] Gate left crossed in trial state None while paused
2025-04-08 16:23:52,545 [WARNING] Gate left crossed in trial state None while paused
2025-04-08 16:23:52,751 [WARNING] Gate left crossed in trial state None while paused
2025-04-08 16:23:52,956 [WARNING] Gate left crossed in trial state None while paused
2025-04-08 16:23:53,161 [WARNING] Gate left crossed in trial state None while paused
2025-04-08 16:25:25,213 [WARNING] Gate left crossed in trial state None while paused
2025-04-08 16:25:25,373 [WARNING] Gate left crossed in trial state None while paused
2025-04-08 16:25:46,118 [WARNING] Gate left crossed in trial state None while paused
2025-04-08 16:25:46,266 [WARNING] Gate left crossed in trial state None while paused
2025-04-08 16:25:46,501 [WARNING] Gate left crossed in trial state None while paused
2025-04-08 16:25:46,574 [WARNING] Gate left crossed in trial state None while paused
2025-04-08 16:25:46,822 [WARNING] Gate left crossed in trial state None while paused
2025-04-08 16:25:48,291 [WARNING] Gate left crossed in trial state None while paused
2025-04-08 16:25:49,139 [WARNING] Gate left crossed in trial state None while paused
2025-04-08 16:25:49,351 [WARNING] Gate left crossed in trial state None while paused
2025-04-08 16:25:50,544 [WARNING] Gate left crossed in trial state None while paused
2025-04-08 16:25:50,910 [WARNING] Gate left crossed in trial state None while paused
2025-04-08 16:25:51,261 [WARNING] Gate left crossed in trial state None while paused
2025-04-08 16:26:36,135 [WARNING] Gate left crossed in trial state None while paused
2025-04-08 16:27:35,600 [WARNING] Gate left crossed in trial state None while paused
2025-04-08 16:27:38,317 [WARNING] Gate left crossed in trial state None while paused
2025-04-08 16:27:38,691 [WARNING] Gate left crossed in trial state None while paused
2025-04-08 16:27:39,052 [WARNING] Gate left crossed in trial state None while paused
2025-04-08 16:27:40,208 [WARNING] Gate left crossed in trial state None while paused
2025-04-08 16:27:40,370 [WARNING] Gate left crossed in trial state None while paused
2025-04-08 16:27:40,444 [WARNING] Gate left crossed in trial state None while paused
2025-04-08 16:27:40,483 [WARNING] Gate left crossed in trial state None while paused
2025-04-08 16:27:49,926 [WARNING] Gate left crossed in trial state None while paused
2025-04-08 16:27:55,268 [WARNING] Gate left crossed in trial state None while paused
2025-04-08 16:27:55,470 [WARNING] Gate left crossed in trial state None while paused
2025-04-08 16:27:55,679 [WARNING] Gate left crossed in trial state None while paused
2025-04-08 16:27:55,884 [WARNING] Gate left crossed in trial state None while paused
2025-04-08 16:27:56,706 [WARNING] Gate left crossed in trial state None while paused
2025-04-08 16:27:56,911 [WARNING] Gate left crossed in trial state None while paused
2025-04-08 16:27:57,117 [WARNING] Gate left crossed in trial state None while paused
2025-04-08 16:27:57,322 [WARNING] Gate left crossed in trial state None while paused
2025-04-08 16:27:57,732 [WARNING] Gate left crossed in trial state None while paused
2025-04-08 16:27:57,937 [WARNING] Gate left crossed in trial state None while paused
2025-04-08 16:27:58,143 [WARNING] Gate left crossed in trial state None while paused
2025-04-08 16:27:58,348 [WARNING] Gate left crossed in trial state None while paused
2025-04-08 16:27:58,554 [WARNING] Gate left crossed in trial state None while paused
2025-04-08 16:27:58,759 [WARNING] Gate left crossed in trial state None while paused
2025-04-08 16:27:58,965 [WARNING] Gate left crossed in trial state None while paused
2025-04-08 16:28:00,402 [WARNING] Gate right crossed in trial state None while paused
2025-04-08 16:28:00,607 [WARNING] Gate right crossed in trial state None while paused
2025-04-08 16:28:00,812 [WARNING] Gate right crossed in trial state None while paused
2025-04-08 16:28:01,018 [WARNING] Gate right crossed in trial state None while paused
2025-04-08 16:28:01,223 [WARNING] Gate right crossed in trial state None while paused
2025-04-08 16:28:01,429 [WARNING] Gate right crossed in trial state None while paused
2025-04-08 16:28:01,634 [WARNING] Gate right crossed in trial state None while paused
2025-04-08 16:28:01,839 [WARNING] Gate right crossed in trial state None while paused
2025-04-08 16:28:02,045 [WARNING] Gate right crossed in trial state None while paused
2025-04-08 16:28:03,351 [WARNING] Gate right crossed in trial state None while paused
2025-04-08 16:28:04,098 [WARNING] Gate right crossed in trial state None while paused
2025-04-08 16:28:04,303 [WARNING] Gate right crossed in trial state None while paused
2025-04-08 16:28:04,509 [WARNING] Gate right crossed in trial state None while paused
2025-04-08 16:28:04,714 [WARNING] Gate right crossed in trial state None while paused
2025-04-08 16:28:04,919 [WARNING] Gate right crossed in trial state None while paused
2025-04-08 16:28:05,125 [WARNING] Gate right crossed in trial state None while paused
2025-04-08 16:28:05,330 [WARNING] Gate right crossed in trial state None while paused
2025-04-08 16:28:05,536 [WARNING] Gate right crossed in trial state None while paused
2025-04-08 16:28:05,741 [WARNING] Gate right crossed in trial state None while paused
2025-04-08 16:28:22,654 [WARNING] Gate entrance crossed in trial state None while paused
2025-04-08 16:28:22,860 [WARNING] Gate entrance crossed in trial state None while paused
2025-04-08 16:28:23,065 [WARNING] Gate entrance crossed in trial state None while paused
2025-04-08 16:28:23,271 [WARNING] Gate entrance crossed in trial state None while paused
2025-04-08 16:28:23,476 [WARNING] Gate entrance crossed in trial state None while paused
2025-04-08 16:28:23,681 [WARNING] Gate entrance crossed in trial state None while paused
2025-04-08 16:28:23,822 [WARNING] Gate entrance crossed in trial state None while paused
2025-04-08 16:28:24,033 [WARNING] Gate entrance crossed in trial state None while paused
2025-04-08 16:28:24,238 [WARNING] Gate entrance crossed in trial state None while paused
2025-04-08 16:28:24,443 [WARNING] Gate entrance crossed in trial state None while paused
2025-04-08 16:28:24,649 [WARNING] Gate entrance crossed in trial state None while paused
2025-04-08 16:28:24,854 [WARNING] Gate entrance crossed in trial state None while paused
2025-04-08 16:28:25,060 [WARNING] Gate entrance crossed in trial state None while paused
2025-04-08 16:28:25,265 [WARNING] Gate entrance crossed in trial state None while paused
2025-04-08 16:28:25,470 [WARNING] Gate entrance crossed in trial state None while paused
2025-04-08 16:28:25,676 [WARNING] Gate entrance crossed in trial state None while paused
2025-04-08 16:28:26,497 [WARNING] Gate entrance crossed in trial state None while paused
2025-04-08 16:28:26,702 [WARNING] Gate entrance crossed in trial state None while paused
2025-04-08 16:28:26,908 [WARNING] Gate entrance crossed in trial state None while paused
2025-04-08 16:28:27,113 [WARNING] Gate entrance crossed in trial state None while paused
2025-04-08 16:28:27,318 [WARNING] Gate entrance crossed in trial state None while paused
2025-04-08 16:28:27,524 [WARNING] Gate entrance crossed in trial state None while paused
2025-04-08 16:28:27,729 [WARNING] Gate entrance crossed in trial state None while paused
2025-04-08 16:28:27,934 [WARNING] Gate entrance crossed in trial state None while paused
2025-04-08 16:28:28,140 [WARNING] Gate entrance crossed in trial state None while paused
2025-04-08 16:28:28,345 [WARNING] Gate entrance crossed in trial state None while paused
2025-04-08 16:28:28,550 [WARNING] Gate entrance crossed in trial state None while paused
2025-04-08 16:28:28,756 [WARNING] Gate entrance crossed in trial state None while paused
2025-04-08 16:28:28,961 [WARNING] Gate entrance crossed in trial state None while paused
2025-04-08 16:28:29,166 [WARNING] Gate entrance crossed in trial state None while paused
2025-04-08 16:28:29,372 [WARNING] Gate entrance crossed in trial state None while paused
2025-04-08 16:28:29,577 [WARNING] Gate entrance crossed in trial state None while paused
2025-04-08 16:28:29,782 [WARNING] Gate entrance crossed in trial state None while paused
2025-04-08 16:28:33,019 [WARNING] Gate entrance crossed in trial state None while paused
2025-04-08 16:28:33,230 [WARNING] Gate entrance crossed in trial state None while paused
2025-04-08 16:28:33,435 [WARNING] Gate entrance crossed in trial state None while paused
2025-04-08 16:28:33,520 [WARNING] Gate entrance crossed in trial state None while paused
2025-04-08 16:28:50,178 [WARNING] Gate right crossed in trial state None while paused
2025-04-08 16:28:50,332 [WARNING] Gate right crossed in trial state None while paused
2025-04-08 16:28:50,537 [WARNING] Gate right crossed in trial state None while paused
2025-04-08 16:28:58,293 [WARNING] Gate entrance crossed in trial state None while paused
2025-04-08 16:28:58,322 [WARNING] Gate entrance crossed in trial state None while paused
2025-04-08 16:28:58,532 [WARNING] Gate entrance crossed in trial state None while paused
2025-04-08 16:28:58,737 [WARNING] Gate entrance crossed in trial state None while paused
2025-04-08 16:28:58,943 [WARNING] Gate entrance crossed in trial state None while paused
2025-04-08 16:28:59,148 [WARNING] Gate entrance crossed in trial state None while paused
2025-04-08 16:28:59,353 [WARNING] Gate entrance crossed in trial state None while paused
2025-04-08 16:28:59,559 [WARNING] Gate entrance crossed in trial state None while paused
2025-04-08 16:28:59,764 [WARNING] Gate entrance crossed in trial state None while paused
2025-04-08 16:28:59,970 [WARNING] Gate entrance crossed in trial state None while paused
2025-04-08 16:29:00,175 [WARNING] Gate entrance crossed in trial state None while paused
2025-04-08 16:29:00,380 [WARNING] Gate entrance crossed in trial state None while paused
2025-04-08 16:29:00,586 [WARNING] Gate entrance crossed in trial state None while paused
2025-04-08 16:29:00,791 [WARNING] Gate entrance crossed in trial state None while paused
2025-04-08 16:29:00,996 [WARNING] Gate entrance crossed in trial state None while paused
2025-04-08 16:29:01,202 [WARNING] Gate entrance crossed in trial state None while paused
2025-04-08 16:29:01,828 [WARNING] Gate entrance crossed in trial state None while paused
2025-04-08 16:29:02,032 [WARNING] Gate entrance crossed in trial state None while paused
2025-04-08 16:29:02,238 [WARNING] Gate entrance crossed in trial state None while paused
2025-04-08 16:29:02,443 [WARNING] Gate entrance crossed in trial state None while paused
2025-04-08 16:29:02,649 [WARNING] Gate entrance crossed in trial state None while paused
2025-04-08 16:29:02,854 [WARNING] Gate entrance crossed in trial state None while paused
2025-04-08 16:29:03,059 [WARNING] Gate entrance crossed in trial state None while paused
2025-04-08 16:29:03,265 [WARNING] Gate entrance crossed in trial state None while paused
2025-04-08 16:29:03,471 [WARNING] Gate entrance crossed in trial state None while paused
2025-04-08 16:29:03,676 [WARNING] Gate entrance crossed in trial state None while paused
2025-04-08 16:29:03,881 [WARNING] Gate entrance crossed in trial state None while paused
2025-04-08 16:29:04,086 [WARNING] Gate entrance crossed in trial state None while paused
2025-04-08 16:29:04,292 [WARNING] Gate entrance crossed in trial state None while paused
2025-04-08 16:29:04,497 [WARNING] Gate entrance crossed in trial state None while paused
2025-04-08 16:29:04,702 [WARNING] Gate entrance crossed in trial state None while paused
2025-04-08 16:29:04,908 [WARNING] Gate entrance crossed in trial state None while paused
2025-04-08 16:29:05,113 [WARNING] Gate entrance crossed in trial state None while paused
2025-04-08 16:29:05,319 [WARNING] Gate entrance crossed in trial state None while paused
2025-04-08 16:29:06,137 [WARNING] Gate entrance crossed in trial state None while paused
2025-04-08 16:29:06,342 [WARNING] Gate entrance crossed in trial state None while paused
2025-04-08 16:29:06,547 [WARNING] Gate entrance crossed in trial state None while paused
2025-04-08 16:29:06,753 [WARNING] Gate entrance crossed in trial state None while paused
2025-04-08 16:29:06,958 [WARNING] Gate entrance crossed in trial state None while paused
2025-04-08 16:29:07,163 [WARNING] Gate entrance crossed in trial state None while paused
2025-04-08 16:29:07,369 [WARNING] Gate entrance crossed in trial state None while paused
2025-04-08 16:29:07,574 [WARNING] Gate entrance crossed in trial state None while paused
2025-04-08 16:29:07,779 [WARNING] Gate entrance crossed in trial state None while paused
2025-04-08 16:29:07,985 [WARNING] Gate entrance crossed in trial state None while paused
2025-04-08 16:29:08,190 [WARNING] Gate entrance crossed in trial state None while paused
2025-04-08 16:29:08,396 [WARNING] Gate entrance crossed in trial state None while paused
2025-04-08 16:29:08,601 [WARNING] Gate entrance crossed in trial state None while paused
2025-04-08 16:29:08,806 [WARNING] Gate entrance crossed in trial state None while paused
2025-04-08 16:29:09,012 [WARNING] Gate entrance crossed in trial state None while paused
2025-04-08 16:29:15,382 [WARNING] Gate right crossed in trial state None while paused
2025-04-08 16:29:15,534 [WARNING] Gate right crossed in trial state None while paused
2025-04-08 16:29:15,566 [WARNING] Gate right crossed in trial state None while paused
2025-04-08 16:29:15,595 [WARNING] Gate right crossed in trial state None while paused
2025-04-08 16:29:15,699 [WARNING] Gate right crossed in trial state None while paused
2025-04-08 16:29:15,729 [WARNING] Gate right crossed in trial state None while paused
2025-04-08 16:29:15,752 [WARNING] Gate right crossed in trial state None while paused
2025-04-08 16:29:32,731 [WARNING] Gate left crossed in trial state None while paused
2025-04-08 16:29:33,036 [WARNING] Gate left crossed in trial state None while paused
2025-04-08 16:32:02,545 [WARNING] Gate right crossed in trial state None while paused
2025-04-08 16:32:02,569 [WARNING] Gate right crossed in trial state None while paused
2025-04-08 16:32:37,287 [WARNING] Gate right crossed in trial state None while paused
2025-04-08 16:35:49,144 [WARNING] Gate right crossed in trial state None while paused
2025-04-08 16:46:30,161 [WARNING] Gate right crossed in trial state None while paused
2025-04-08 16:46:30,190 [WARNING] Gate right crossed in trial state None while paused
2025-04-08 16:49:45,220 [WARNING] Gate right crossed in trial state None while paused
2025-04-08 16:49:45,242 [WARNING] Gate right crossed in trial state None while paused
2025-04-08 16:50:26,928 [WARNING] Gate right crossed in trial state None while paused
2025-04-08 16:51:02,072 [WARNING] Gate right crossed in trial state None while paused
2025-04-08 16:51:02,109 [WARNING] Gate right crossed in trial state None while paused
2025-04-08 16:51:02,119 [WARNING] Gate right crossed in trial state None while paused
2025-04-08 16:53:00,876 [WARNING] Gate right crossed in trial state None while paused
2025-04-08 17:00:40,481 [WARNING] Gate left crossed in trial state None while paused
2025-04-08 17:00:40,683 [WARNING] Gate left crossed in trial state None while paused
2025-04-08 17:00:40,888 [WARNING] Gate left crossed in trial state None while paused
2025-04-08 17:00:41,093 [WARNING] Gate left crossed in trial state None while paused
2025-04-08 17:00:41,299 [WARNING] Gate left crossed in trial state None while paused
2025-04-08 17:00:41,504 [WARNING] Gate left crossed in trial state None while paused
2025-04-08 17:00:41,709 [WARNING] Gate left crossed in trial state None while paused
2025-04-08 17:00:41,915 [WARNING] Gate left crossed in trial state None while paused
2025-04-08 17:00:42,120 [WARNING] Gate left crossed in trial state None while paused
2025-04-08 17:00:42,326 [WARNING] Gate left crossed in trial state None while paused
2025-04-08 17:00:42,531 [WARNING] Gate left crossed in trial state None while paused
2025-04-08 17:00:42,736 [WARNING] Gate left crossed in trial state None while paused
2025-04-08 17:00:42,941 [WARNING] Gate left crossed in trial state None while paused
2025-04-08 17:00:43,147 [WARNING] Gate left crossed in trial state None while paused
2025-04-08 17:00:43,352 [WARNING] Gate left crossed in trial state None while paused
2025-04-08 17:00:43,557 [WARNING] Gate left crossed in trial state None while paused
2025-04-08 17:00:43,763 [WARNING] Gate left crossed in trial state None while paused
2025-04-08 17:00:43,968 [WARNING] Gate left crossed in trial state None while paused
2025-04-08 17:00:44,173 [WARNING] Gate left crossed in trial state None while paused
2025-04-08 17:00:44,379 [WARNING] Gate left crossed in trial state None while paused
2025-04-08 17:00:44,587 [WARNING] Gate left crossed in trial state None while paused
2025-04-08 17:00:44,793 [WARNING] Gate left crossed in trial state None while paused
2025-04-08 17:00:44,999 [WARNING] Gate left crossed in trial state None while paused
2025-04-08 17:00:45,203 [WARNING] Gate left crossed in trial state None while paused
2025-04-08 17:00:45,409 [WARNING] Gate left crossed in trial state None while paused
2025-04-08 17:00:45,615 [WARNING] Gate left crossed in trial state None while paused
2025-04-08 17:00:45,820 [WARNING] Gate left crossed in trial state None while paused
2025-04-08 17:00:46,025 [WARNING] Gate left crossed in trial state None while paused
2025-04-08 17:00:46,230 [WARNING] Gate left crossed in trial state None while paused
2025-04-08 17:00:46,436 [WARNING] Gate left crossed in trial state None while paused
2025-04-08 17:00:47,873 [WARNING] Gate entrance crossed in trial state None while paused
2025-04-08 17:00:48,079 [WARNING] Gate entrance crossed in trial state None while paused
2025-04-08 17:00:48,284 [WARNING] Gate entrance crossed in trial state None while paused
2025-04-08 17:00:48,489 [WARNING] Gate entrance crossed in trial state None while paused
2025-04-08 17:00:48,695 [WARNING] Gate entrance crossed in trial state None while paused
2025-04-08 17:00:48,900 [WARNING] Gate entrance crossed in trial state None while paused
2025-04-08 17:00:49,105 [WARNING] Gate entrance crossed in trial state None while paused
2025-04-08 17:00:49,311 [WARNING] Gate entrance crossed in trial state None while paused
2025-04-08 17:00:49,516 [WARNING] Gate entrance crossed in trial state None while paused
2025-04-08 17:00:49,721 [WARNING] Gate entrance crossed in trial state None while paused
2025-04-08 17:00:49,927 [WARNING] Gate entrance crossed in trial state None while paused
2025-04-08 17:01:54,810 [WARNING] Gate right crossed in trial state None while paused
2025-04-08 17:01:54,829 [WARNING] Gate right crossed in trial state None while paused
2025-04-08 17:01:54,920 [WARNING] Gate right crossed in trial state None while paused
2025-04-08 17:01:55,109 [WARNING] Gate right crossed in trial state None while paused
2025-04-08 17:01:55,122 [WARNING] Gate right crossed in trial state None while paused
2025-04-08 17:01:55,139 [WARNING] Gate right crossed in trial state None while paused
2025-04-08 17:01:55,250 [WARNING] Gate right crossed in trial state None while paused
2025-04-08 17:01:55,275 [WARNING] Gate right crossed in trial state None while paused
2025-04-08 17:01:55,413 [WARNING] Gate right crossed in trial state None while paused
2025-04-08 17:01:55,429 [WARNING] Gate right crossed in trial state None while paused
2025-04-08 17:01:55,448 [WARNING] Gate right crossed in trial state None while paused
2025-04-08 17:01:55,537 [WARNING] Gate right crossed in trial state None while paused
2025-04-08 17:03:09,615 [WARNING] Program exiting before starting
2025-04-08 17:03:09,616 [INFO] Data file closed
2025-04-08 17:03:09,617 [INFO] Mainloop exited
2025-04-08 17:03:09,621 [INFO] Program exited successfully- goodbye!
