2025-04-15 13:09:21,973 [INFO] Program started
2025-04-15 13:09:21,974 [INFO] Experiment Trials List: {1: {'trial_id': 1, 'left_bg': 'light', 'right_bg': 'dark', 'left_fg': 'white', 'right_fg': 'white'}, 2: {'trial_id': 2, 'left_bg': 'dark', 'right_bg': 'light', 'left_fg': 'white', 'right_fg': 'white'}, 3: {'trial_id': 3, 'left_bg': 'light', 'right_bg': 'dark', 'left_fg': 'black', 'right_fg': 'black'}, 4: {'trial_id': 4, 'left_bg': 'dark', 'right_bg': 'light', 'left_fg': 'black', 'right_fg': 'black'}, 5: {'trial_id': 5, 'left_bg': 'light', 'right_bg': 'light', 'left_fg': 'white', 'right_fg': 'black'}, 6: {'trial_id': 6, 'left_bg': 'dark', 'right_bg': 'dark', 'left_fg': 'white', 'right_fg': 'black'}, 7: {'trial_id': 7, 'left_bg': 'light', 'right_bg': 'light', 'left_fg': 'black', 'right_fg': 'white'}, 8: {'trial_id': 8, 'left_bg': 'dark', 'right_bg': 'dark', 'left_fg': 'black', 'right_fg': 'white'}}
2025-04-15 13:09:21,974 [INFO] Set experiment constants
2025-04-15 13:09:22,408 [INFO] Set display screen
2025-04-15 13:09:22,409 [INFO] Data writer open at file: /home/pi/Documents/masters-Electronics/data/20250415.csv
2025-04-15 13:09:22,410 [INFO] Set data writer
2025-04-15 13:09:22,413 [INFO] Set GPIO pins
2025-04-15 13:09:22,414 [INFO] Set keybinds
2025-04-15 13:09:22,415 [INFO] Gate all reset
2025-04-15 13:09:22,415 [INFO] Program paused
2025-04-15 13:09:22,416 [INFO] Set up of obstacle positioning
2025-04-15 13:09:22,416 [INFO] Setup complete
2025-04-15 13:09:22,416 [INFO] Waiting for obstacle setup to be completed
2025-04-15 13:09:37,885 [WARNING] Gate right crossed in trial state None while paused
2025-04-15 13:09:38,760 [WARNING] Gate right crossed in trial state None while paused
2025-04-15 13:10:41,871 [WARNING] Gate left crossed in trial state None while paused
2025-04-15 13:10:42,077 [WARNING] Gate left crossed in trial state None while paused
2025-04-15 13:10:42,282 [WARNING] Gate left crossed in trial state None while paused
2025-04-15 13:10:42,898 [WARNING] Gate left crossed in trial state None while paused
2025-04-15 13:10:43,103 [WARNING] Gate left crossed in trial state None while paused
2025-04-15 13:10:43,719 [WARNING] Gate left crossed in trial state None while paused
2025-04-15 13:10:43,924 [WARNING] Gate left crossed in trial state None while paused
2025-04-15 13:10:44,129 [WARNING] Gate left crossed in trial state None while paused
2025-04-15 13:10:44,334 [WARNING] Gate left crossed in trial state None while paused
2025-04-15 13:10:44,540 [WARNING] Gate left crossed in trial state None while paused
2025-04-15 13:10:49,897 [WARNING] Gate right crossed in trial state None while paused
2025-04-15 13:10:50,580 [WARNING] Gate right crossed in trial state None while paused
2025-04-15 13:10:50,700 [WARNING] Gate right crossed in trial state None while paused
2025-04-15 13:10:50,905 [WARNING] Gate right crossed in trial state None while paused
2025-04-15 13:10:51,111 [WARNING] Gate right crossed in trial state None while paused
2025-04-15 13:10:52,536 [WARNING] Gate entrance crossed in trial state None while paused
2025-04-15 13:10:52,741 [WARNING] Gate entrance crossed in trial state None while paused
2025-04-15 13:10:52,946 [WARNING] Gate entrance crossed in trial state None while paused
2025-04-15 13:10:53,152 [WARNING] Gate entrance crossed in trial state None while paused
2025-04-15 13:10:53,357 [WARNING] Gate entrance crossed in trial state None while paused
2025-04-15 13:10:53,562 [WARNING] Gate entrance crossed in trial state None while paused
2025-04-15 13:13:32,949 [WARNING] Gate right crossed in trial state None while paused
2025-04-15 13:17:53,766 [WARNING] Gate right crossed in trial state None while paused
2025-04-15 13:21:04,326 [WARNING] Gate left crossed in trial state None while paused
2025-04-15 13:21:05,260 [WARNING] Gate left crossed in trial state None while paused
2025-04-15 13:21:05,261 [WARNING] Gate entrance crossed in trial state None while paused
2025-04-15 13:21:05,335 [WARNING] Gate left crossed in trial state None while paused
2025-04-15 13:21:05,788 [WARNING] Gate left crossed in trial state None while paused
2025-04-15 13:21:05,789 [WARNING] Gate entrance crossed in trial state None while paused
2025-04-15 13:21:05,789 [WARNING] Gate right crossed in trial state None while paused
2025-04-15 13:21:05,798 [WARNING] Gate entrance crossed in trial state None while paused
2025-04-15 13:21:05,801 [WARNING] Gate right crossed in trial state None while paused
2025-04-15 13:21:05,808 [WARNING] Gate left crossed in trial state None while paused
2025-04-15 13:21:06,356 [WARNING] Gate left crossed in trial state None while paused
2025-04-15 13:21:06,357 [WARNING] Gate entrance crossed in trial state None while paused
2025-04-15 13:21:06,358 [WARNING] Gate right crossed in trial state None while paused
2025-04-15 13:21:06,459 [WARNING] Gate left crossed in trial state None while paused
2025-04-15 13:21:06,460 [WARNING] Gate entrance crossed in trial state None while paused
2025-04-15 13:21:06,477 [WARNING] Gate left crossed in trial state None while paused
2025-04-15 13:21:06,525 [WARNING] Gate left crossed in trial state None while paused
2025-04-15 13:21:09,893 [WARNING] Gate left crossed in trial state None while paused
2025-04-15 13:21:09,894 [WARNING] Gate entrance crossed in trial state None while paused
2025-04-15 13:21:09,895 [WARNING] Gate right crossed in trial state None while paused
2025-04-15 13:21:10,328 [WARNING] Gate left crossed in trial state None while paused
2025-04-15 13:21:10,329 [WARNING] Gate entrance crossed in trial state None while paused
2025-04-15 13:21:10,329 [WARNING] Gate right crossed in trial state None while paused
2025-04-15 13:21:10,350 [WARNING] Gate right crossed in trial state None while paused
2025-04-15 13:21:10,352 [WARNING] Gate left crossed in trial state None while paused
2025-04-15 13:21:10,353 [WARNING] Gate entrance crossed in trial state None while paused
2025-04-15 13:21:10,795 [WARNING] Gate left crossed in trial state None while paused
2025-04-15 13:21:10,796 [WARNING] Gate entrance crossed in trial state None while paused
2025-04-15 13:21:10,815 [WARNING] Gate right crossed in trial state None while paused
2025-04-15 13:21:10,816 [WARNING] Gate left crossed in trial state None while paused
2025-04-15 13:21:10,817 [WARNING] Gate entrance crossed in trial state None while paused
2025-04-15 13:21:11,023 [WARNING] Gate left crossed in trial state None while paused
2025-04-15 13:21:11,063 [WARNING] Gate left crossed in trial state None while paused
2025-04-15 13:21:11,064 [WARNING] Gate entrance crossed in trial state None while paused
2025-04-15 13:21:11,101 [WARNING] Gate entrance crossed in trial state None while paused
2025-04-15 13:21:11,102 [WARNING] Gate left crossed in trial state None while paused
2025-04-15 13:21:11,281 [WARNING] Gate entrance crossed in trial state None while paused
2025-04-15 13:21:11,290 [WARNING] Gate left crossed in trial state None while paused
2025-04-15 13:21:11,362 [WARNING] Gate entrance crossed in trial state None while paused
2025-04-15 13:21:11,362 [WARNING] Gate left crossed in trial state None while paused
2025-04-15 13:21:13,626 [WARNING] Gate left crossed in trial state None while paused
2025-04-15 13:21:13,627 [WARNING] Gate entrance crossed in trial state None while paused
2025-04-15 13:21:13,804 [WARNING] Gate left crossed in trial state None while paused
2025-04-15 13:21:13,837 [WARNING] Gate entrance crossed in trial state None while paused
2025-04-15 13:21:13,846 [WARNING] Gate left crossed in trial state None while paused
2025-04-15 13:21:14,165 [WARNING] Gate right crossed in trial state None while paused
2025-04-15 13:21:14,174 [WARNING] Gate left crossed in trial state None while paused
2025-04-15 13:21:14,174 [WARNING] Gate entrance crossed in trial state None while paused
2025-04-15 13:21:14,194 [WARNING] Gate left crossed in trial state None while paused
2025-04-15 13:21:14,195 [WARNING] Gate entrance crossed in trial state None while paused
2025-04-15 13:21:14,435 [WARNING] Gate left crossed in trial state None while paused
2025-04-15 13:21:14,446 [WARNING] Gate left crossed in trial state None while paused
2025-04-15 13:21:14,446 [WARNING] Gate entrance crossed in trial state None while paused
2025-04-15 13:21:15,726 [WARNING] Gate left crossed in trial state None while paused
2025-04-15 13:21:16,208 [WARNING] Gate left crossed in trial state None while paused
2025-04-15 13:21:16,236 [WARNING] Gate left crossed in trial state None while paused
2025-04-15 13:21:16,271 [WARNING] Gate left crossed in trial state None while paused
2025-04-15 13:21:16,810 [WARNING] Gate entrance crossed in trial state None while paused
2025-04-15 13:21:16,820 [WARNING] Gate left crossed in trial state None while paused
2025-04-15 13:21:17,069 [WARNING] Gate left crossed in trial state None while paused
2025-04-15 13:21:17,070 [WARNING] Gate entrance crossed in trial state None while paused
2025-04-15 13:21:17,070 [WARNING] Gate right crossed in trial state None while paused
2025-04-15 13:21:35,041 [WARNING] Gate left crossed in trial state None while paused
2025-04-15 13:21:35,042 [WARNING] Gate entrance crossed in trial state None while paused
2025-04-15 13:21:35,042 [WARNING] Gate right crossed in trial state None while paused
2025-04-15 13:21:36,095 [WARNING] Gate left crossed in trial state None while paused
2025-04-15 13:21:38,127 [WARNING] Gate left crossed in trial state None while paused
2025-04-15 13:21:38,877 [WARNING] Gate left crossed in trial state None while paused
2025-04-15 13:21:38,932 [WARNING] Gate left crossed in trial state None while paused
2025-04-15 13:21:38,954 [WARNING] Gate left crossed in trial state None while paused
2025-04-15 13:21:39,421 [WARNING] Gate left crossed in trial state None while paused
2025-04-15 13:21:43,242 [WARNING] Gate left crossed in trial state None while paused
2025-04-15 13:21:43,278 [WARNING] Gate left crossed in trial state None while paused
2025-04-15 13:21:50,837 [WARNING] Gate left crossed in trial state None while paused
2025-04-15 13:21:51,018 [WARNING] Gate left crossed in trial state None while paused
2025-04-15 13:21:51,019 [WARNING] Gate entrance crossed in trial state None while paused
2025-04-15 13:21:52,377 [WARNING] Gate entrance crossed in trial state None while paused
2025-04-15 13:21:52,379 [WARNING] Gate left crossed in trial state None while paused
2025-04-15 13:21:52,463 [WARNING] Gate left crossed in trial state None while paused
2025-04-15 13:21:52,464 [WARNING] Gate entrance crossed in trial state None while paused
2025-04-15 13:21:52,464 [WARNING] Gate right crossed in trial state None while paused
2025-04-15 13:21:52,639 [WARNING] Gate left crossed in trial state None while paused
2025-04-15 13:21:52,640 [WARNING] Gate entrance crossed in trial state None while paused
2025-04-15 13:21:53,592 [WARNING] Gate left crossed in trial state None while paused
2025-04-15 13:21:53,613 [WARNING] Gate left crossed in trial state None while paused
2025-04-15 13:21:55,154 [WARNING] Gate left crossed in trial state None while paused
2025-04-15 13:21:58,908 [WARNING] Gate left crossed in trial state None while paused
2025-04-15 13:21:58,909 [WARNING] Gate entrance crossed in trial state None while paused
2025-04-15 13:21:59,018 [WARNING] Gate left crossed in trial state None while paused
2025-04-15 13:21:59,617 [WARNING] Gate left crossed in trial state None while paused
2025-04-15 13:21:59,623 [WARNING] Gate entrance crossed in trial state None while paused
2025-04-15 13:22:12,483 [WARNING] Gate left crossed in trial state None while paused
2025-04-15 13:22:12,688 [WARNING] Gate left crossed in trial state None while paused
2025-04-15 13:22:12,893 [WARNING] Gate left crossed in trial state None while paused
2025-04-15 13:22:13,099 [WARNING] Gate left crossed in trial state None while paused
2025-04-15 13:22:13,304 [WARNING] Gate left crossed in trial state None while paused
2025-04-15 13:22:13,509 [WARNING] Gate left crossed in trial state None while paused
2025-04-15 13:22:13,715 [WARNING] Gate left crossed in trial state None while paused
2025-04-15 13:22:13,920 [WARNING] Gate left crossed in trial state None while paused
2025-04-15 13:22:21,857 [WARNING] Gate left crossed in trial state None while paused
2025-04-15 13:22:22,062 [WARNING] Gate left crossed in trial state None while paused
2025-04-15 13:22:22,267 [WARNING] Gate left crossed in trial state None while paused
2025-04-15 13:22:22,473 [WARNING] Gate left crossed in trial state None while paused
2025-04-15 13:22:22,678 [WARNING] Gate left crossed in trial state None while paused
2025-04-15 13:22:22,883 [WARNING] Gate left crossed in trial state None while paused
2025-04-15 13:23:23,240 [WARNING] Gate left crossed in trial state None while paused
2025-04-15 13:23:23,445 [WARNING] Gate left crossed in trial state None while paused
2025-04-15 13:23:23,650 [WARNING] Gate left crossed in trial state None while paused
2025-04-15 13:23:24,266 [WARNING] Gate left crossed in trial state None while paused
2025-04-15 13:23:26,320 [WARNING] Gate left crossed in trial state None while paused
2025-04-15 13:23:26,525 [WARNING] Gate left crossed in trial state None while paused
2025-04-15 13:23:26,730 [WARNING] Gate left crossed in trial state None while paused
2025-04-15 13:23:26,936 [WARNING] Gate left crossed in trial state None while paused
2025-04-15 13:23:27,141 [WARNING] Gate left crossed in trial state None while paused
2025-04-15 13:23:27,346 [WARNING] Gate left crossed in trial state None while paused
2025-04-15 13:23:27,552 [WARNING] Gate left crossed in trial state None while paused
2025-04-15 13:23:27,757 [WARNING] Gate left crossed in trial state None while paused
2025-04-15 13:23:36,396 [WARNING] Gate left crossed in trial state None while paused
2025-04-15 13:23:36,396 [WARNING] Gate entrance crossed in trial state None while paused
2025-04-15 13:23:36,397 [WARNING] Gate right crossed in trial state None while paused
2025-04-15 13:23:36,502 [WARNING] Gate entrance crossed in trial state None while paused
2025-04-15 13:23:37,782 [WARNING] Gate left crossed in trial state None while paused
2025-04-15 13:23:39,078 [WARNING] Gate left crossed in trial state None while paused
2025-04-15 13:23:39,090 [WARNING] Gate left crossed in trial state None while paused
2025-04-15 13:23:39,091 [WARNING] Gate entrance crossed in trial state None while paused
2025-04-15 13:23:43,059 [WARNING] Gate left crossed in trial state None while paused
2025-04-15 13:23:43,070 [WARNING] Gate left crossed in trial state None while paused
2025-04-15 13:23:43,071 [WARNING] Gate entrance crossed in trial state None while paused
2025-04-15 13:23:43,071 [WARNING] Gate right crossed in trial state None while paused
2025-04-15 13:23:43,817 [WARNING] Gate left crossed in trial state None while paused
2025-04-15 13:23:43,818 [WARNING] Gate entrance crossed in trial state None while paused
2025-04-15 13:23:44,509 [WARNING] Gate left crossed in trial state None while paused
2025-04-15 13:23:44,617 [WARNING] Gate left crossed in trial state None while paused
2025-04-15 13:23:44,618 [WARNING] Gate entrance crossed in trial state None while paused
2025-04-15 13:23:44,638 [WARNING] Gate right crossed in trial state None while paused
2025-04-15 13:23:44,638 [WARNING] Gate entrance crossed in trial state None while paused
2025-04-15 13:23:44,647 [WARNING] Gate left crossed in trial state None while paused
2025-04-15 13:23:46,367 [WARNING] Gate entrance crossed in trial state None while paused
2025-04-15 13:23:46,368 [WARNING] Gate left crossed in trial state None while paused
2025-04-15 13:23:46,536 [WARNING] Gate left crossed in trial state None while paused
2025-04-15 13:23:48,857 [WARNING] Gate left crossed in trial state None while paused
2025-04-15 13:23:49,066 [WARNING] Gate entrance crossed in trial state None while paused
2025-04-15 13:23:49,067 [WARNING] Gate left crossed in trial state None while paused
2025-04-15 13:23:49,525 [WARNING] Gate left crossed in trial state None while paused
2025-04-15 13:23:49,528 [WARNING] Gate entrance crossed in trial state None while paused
2025-04-15 13:23:49,546 [WARNING] Gate left crossed in trial state None while paused
2025-04-15 13:23:49,547 [WARNING] Gate entrance crossed in trial state None while paused
2025-04-15 13:27:56,887 [WARNING] Gate right crossed in trial state None while paused
2025-04-15 13:27:56,915 [WARNING] Gate right crossed in trial state None while paused
2025-04-15 13:27:56,936 [WARNING] Gate right crossed in trial state None while paused
2025-04-15 13:37:31,870 [WARNING] Gate right crossed in trial state None while paused
2025-04-15 13:38:27,499 [WARNING] Gate right crossed in trial state None while paused
2025-04-15 13:38:28,131 [WARNING] Gate right crossed in trial state None while paused
2025-04-15 13:40:08,368 [WARNING] Gate right crossed in trial state None while paused
2025-04-15 13:40:20,235 [WARNING] Gate right crossed in trial state None while paused
2025-04-15 13:40:31,897 [WARNING] Gate right crossed in trial state None while paused
2025-04-15 13:40:54,508 [WARNING] Gate right crossed in trial state None while paused
2025-04-15 13:40:55,806 [WARNING] Gate right crossed in trial state None while paused
2025-04-15 13:40:55,872 [WARNING] Gate right crossed in trial state None while paused
2025-04-15 13:41:00,754 [WARNING] Gate right crossed in trial state None while paused
2025-04-15 13:43:10,664 [WARNING] Gate right crossed in trial state None while paused
2025-04-15 13:43:10,690 [WARNING] Gate right crossed in trial state None while paused
2025-04-15 13:45:02,070 [WARNING] Gate right crossed in trial state None while paused
2025-04-15 13:45:06,487 [WARNING] Gate right crossed in trial state None while paused
2025-04-15 13:45:13,769 [WARNING] Gate right crossed in trial state None while paused
2025-04-15 13:45:13,790 [WARNING] Gate right crossed in trial state None while paused
2025-04-15 13:45:37,281 [WARNING] Gate right crossed in trial state None while paused
2025-04-15 13:45:37,301 [WARNING] Gate right crossed in trial state None while paused
2025-04-15 13:49:58,588 [WARNING] Gate right crossed in trial state None while paused
2025-04-15 13:49:58,624 [WARNING] Gate right crossed in trial state None while paused
2025-04-15 13:49:58,679 [WARNING] Gate right crossed in trial state None while paused
2025-04-15 13:52:57,224 [WARNING] Gate right crossed in trial state None while paused
2025-04-15 13:52:57,307 [WARNING] Gate right crossed in trial state None while paused
2025-04-15 13:55:59,774 [WARNING] Gate right crossed in trial state None while paused
2025-04-15 14:01:09,490 [WARNING] Gate right crossed in trial state None while paused
2025-04-15 14:01:09,548 [WARNING] Gate right crossed in trial state None while paused
2025-04-15 14:01:09,570 [WARNING] Gate right crossed in trial state None while paused
2025-04-15 14:01:09,596 [WARNING] Gate right crossed in trial state None while paused
2025-04-15 14:01:09,673 [WARNING] Gate right crossed in trial state None while paused
2025-04-15 14:01:09,702 [WARNING] Gate right crossed in trial state None while paused
2025-04-15 14:01:09,721 [WARNING] Gate right crossed in trial state None while paused
2025-04-15 14:01:09,777 [WARNING] Gate right crossed in trial state None while paused
2025-04-15 14:01:09,837 [WARNING] Gate right crossed in trial state None while paused
2025-04-15 14:01:09,865 [WARNING] Gate right crossed in trial state None while paused
2025-04-15 14:01:09,886 [WARNING] Gate right crossed in trial state None while paused
2025-04-15 14:01:09,912 [WARNING] Gate right crossed in trial state None while paused
2025-04-15 14:01:31,582 [WARNING] Gate left crossed in trial state None while paused
2025-04-15 14:01:31,583 [WARNING] Gate right crossed in trial state None while paused
2025-04-15 14:01:31,583 [WARNING] Gate entrance crossed in trial state None while paused
2025-04-15 14:01:43,313 [WARNING] Gate left crossed in trial state None while paused
2025-04-15 14:01:43,313 [WARNING] Gate entrance crossed in trial state None while paused
2025-04-15 14:01:43,314 [WARNING] Gate right crossed in trial state None while paused
2025-04-15 14:01:43,323 [WARNING] Gate left crossed in trial state None while paused
2025-04-15 14:01:43,741 [WARNING] Gate left crossed in trial state None while paused
2025-04-15 14:01:43,742 [WARNING] Gate entrance crossed in trial state None while paused
2025-04-15 14:01:43,743 [WARNING] Gate right crossed in trial state None while paused
2025-04-15 14:01:44,043 [WARNING] Gate right crossed in trial state None while paused
2025-04-15 14:01:44,050 [WARNING] Gate left crossed in trial state None while paused
2025-04-15 14:01:44,050 [WARNING] Gate entrance crossed in trial state None while paused
2025-04-15 14:01:44,508 [WARNING] Gate entrance crossed in trial state None while paused
2025-04-15 14:01:44,511 [WARNING] Gate left crossed in trial state None while paused
2025-04-15 14:01:44,880 [WARNING] Gate left crossed in trial state None while paused
2025-04-15 14:01:44,881 [WARNING] Gate entrance crossed in trial state None while paused
2025-04-15 14:01:44,881 [WARNING] Gate right crossed in trial state None while paused
2025-04-15 14:01:45,346 [WARNING] Gate left crossed in trial state None while paused
2025-04-15 14:01:45,347 [WARNING] Gate entrance crossed in trial state None while paused
2025-04-15 14:01:45,347 [WARNING] Gate right crossed in trial state None while paused
2025-04-15 14:01:45,689 [WARNING] Gate left crossed in trial state None while paused
2025-04-15 14:01:45,689 [WARNING] Gate entrance crossed in trial state None while paused
2025-04-15 14:01:45,690 [WARNING] Gate right crossed in trial state None while paused
2025-04-15 14:01:46,125 [WARNING] Gate left crossed in trial state None while paused
2025-04-15 14:01:46,125 [WARNING] Gate entrance crossed in trial state None while paused
2025-04-15 14:01:46,425 [WARNING] Gate right crossed in trial state None while paused
2025-04-15 14:01:46,436 [WARNING] Gate entrance crossed in trial state None while paused
2025-04-15 14:01:46,437 [WARNING] Gate left crossed in trial state None while paused
2025-04-15 14:01:46,464 [WARNING] Gate right crossed in trial state None while paused
2025-04-15 14:01:46,468 [WARNING] Gate left crossed in trial state None while paused
2025-04-15 14:01:46,470 [WARNING] Gate entrance crossed in trial state None while paused
2025-04-15 14:01:46,500 [WARNING] Gate left crossed in trial state None while paused
2025-04-15 14:01:46,501 [WARNING] Gate entrance crossed in trial state None while paused
2025-04-15 14:01:46,501 [WARNING] Gate right crossed in trial state None while paused
2025-04-15 14:01:46,647 [WARNING] Gate left crossed in trial state None while paused
2025-04-15 14:01:46,648 [WARNING] Gate entrance crossed in trial state None while paused
2025-04-15 14:01:46,648 [WARNING] Gate right crossed in trial state None while paused
2025-04-15 14:01:46,728 [WARNING] Gate left crossed in trial state None while paused
2025-04-15 14:01:46,728 [WARNING] Gate entrance crossed in trial state None while paused
2025-04-15 14:01:47,598 [WARNING] Gate left crossed in trial state None while paused
2025-04-15 14:01:47,599 [WARNING] Gate entrance crossed in trial state None while paused
2025-04-15 14:01:47,599 [WARNING] Gate right crossed in trial state None while paused
2025-04-15 14:01:48,242 [WARNING] Gate left crossed in trial state None while paused
2025-04-15 14:01:48,243 [WARNING] Gate entrance crossed in trial state None while paused
2025-04-15 14:01:48,243 [WARNING] Gate right crossed in trial state None while paused
2025-04-15 14:01:48,284 [WARNING] Gate left crossed in trial state None while paused
2025-04-15 14:01:48,302 [WARNING] Gate left crossed in trial state None while paused
2025-04-15 14:01:48,334 [WARNING] Gate right crossed in trial state None while paused
2025-04-15 14:01:48,335 [WARNING] Gate entrance crossed in trial state None while paused
2025-04-15 14:01:48,344 [WARNING] Gate left crossed in trial state None while paused
2025-04-15 14:01:48,402 [WARNING] Gate right crossed in trial state None while paused
2025-04-15 14:01:48,406 [WARNING] Gate left crossed in trial state None while paused
2025-04-15 14:01:48,406 [WARNING] Gate entrance crossed in trial state None while paused
2025-04-15 14:01:53,156 [WARNING] Gate left crossed in trial state None while paused
2025-04-15 14:01:53,159 [WARNING] Gate entrance crossed in trial state None while paused
2025-04-15 14:01:53,159 [WARNING] Gate right crossed in trial state None while paused
2025-04-15 14:01:53,273 [WARNING] Gate left crossed in trial state None while paused
2025-04-15 14:01:53,274 [WARNING] Gate entrance crossed in trial state None while paused
2025-04-15 14:01:53,326 [WARNING] Gate right crossed in trial state None while paused
2025-04-15 14:01:53,331 [WARNING] Gate left crossed in trial state None while paused
2025-04-15 14:01:53,332 [WARNING] Gate entrance crossed in trial state None while paused
2025-04-15 14:01:53,422 [WARNING] Gate left crossed in trial state None while paused
2025-04-15 14:01:54,342 [WARNING] Gate left crossed in trial state None while paused
2025-04-15 14:01:54,342 [WARNING] Gate entrance crossed in trial state None while paused
2025-04-15 14:01:54,343 [WARNING] Gate right crossed in trial state None while paused
2025-04-15 14:01:54,372 [WARNING] Gate left crossed in trial state None while paused
2025-04-15 14:01:54,372 [WARNING] Gate entrance crossed in trial state None while paused
2025-04-15 14:01:54,373 [WARNING] Gate right crossed in trial state None while paused
2025-04-15 14:01:57,554 [WARNING] Gate left crossed in trial state None while paused
2025-04-15 14:01:57,555 [WARNING] Gate entrance crossed in trial state None while paused
2025-04-15 14:01:57,555 [WARNING] Gate right crossed in trial state None while paused
2025-04-15 14:02:07,731 [WARNING] Gate left crossed in trial state None while paused
2025-04-15 14:02:07,732 [WARNING] Gate entrance crossed in trial state None while paused
2025-04-15 14:02:07,732 [WARNING] Gate right crossed in trial state None while paused
2025-04-15 14:02:09,797 [WARNING] Gate left crossed in trial state None while paused
2025-04-15 14:02:09,797 [WARNING] Gate entrance crossed in trial state None while paused
2025-04-15 14:02:09,798 [WARNING] Gate right crossed in trial state None while paused
2025-04-15 14:02:10,325 [WARNING] Gate left crossed in trial state None while paused
2025-04-15 14:02:10,326 [WARNING] Gate entrance crossed in trial state None while paused
2025-04-15 14:02:10,326 [WARNING] Gate right crossed in trial state None while paused
2025-04-15 14:02:10,340 [WARNING] Gate left crossed in trial state None while paused
2025-04-15 14:02:10,340 [WARNING] Gate entrance crossed in trial state None while paused
2025-04-15 14:02:10,373 [WARNING] Gate right crossed in trial state None while paused
2025-04-15 14:02:10,378 [WARNING] Gate entrance crossed in trial state None while paused
2025-04-15 14:02:10,379 [WARNING] Gate left crossed in trial state None while paused
2025-04-15 14:02:10,403 [WARNING] Gate right crossed in trial state None while paused
2025-04-15 14:02:10,410 [WARNING] Gate entrance crossed in trial state None while paused
2025-04-15 14:02:10,414 [WARNING] Gate left crossed in trial state None while paused
2025-04-15 14:02:18,489 [WARNING] Gate left crossed in trial state None while paused
2025-04-15 14:02:19,564 [WARNING] Gate left crossed in trial state None while paused
2025-04-15 14:02:19,862 [WARNING] Gate left crossed in trial state None while paused
2025-04-15 14:02:19,863 [WARNING] Gate entrance crossed in trial state None while paused
2025-04-15 14:02:19,863 [WARNING] Gate right crossed in trial state None while paused
2025-04-15 14:02:19,903 [WARNING] Gate left crossed in trial state None while paused
2025-04-15 14:02:19,904 [WARNING] Gate entrance crossed in trial state None while paused
2025-04-15 14:02:19,904 [WARNING] Gate right crossed in trial state None while paused
2025-04-15 14:02:19,917 [WARNING] Gate right crossed in trial state None while paused
2025-04-15 14:02:19,925 [WARNING] Gate left crossed in trial state None while paused
2025-04-15 14:02:19,926 [WARNING] Gate entrance crossed in trial state None while paused
2025-04-15 14:02:19,959 [WARNING] Gate left crossed in trial state None while paused
2025-04-15 14:02:19,960 [WARNING] Gate entrance crossed in trial state None while paused
2025-04-15 14:02:19,961 [WARNING] Gate right crossed in trial state None while paused
2025-04-15 14:02:19,973 [WARNING] Gate left crossed in trial state None while paused
2025-04-15 14:02:20,023 [WARNING] Gate right crossed in trial state None while paused
2025-04-15 14:02:20,026 [WARNING] Gate left crossed in trial state None while paused
2025-04-15 14:02:20,026 [WARNING] Gate entrance crossed in trial state None while paused
2025-04-15 14:02:20,038 [WARNING] Gate left crossed in trial state None while paused
2025-04-15 14:02:20,074 [WARNING] Gate left crossed in trial state None while paused
2025-04-15 14:02:20,075 [WARNING] Gate entrance crossed in trial state None while paused
2025-04-15 14:02:20,075 [WARNING] Gate right crossed in trial state None while paused
2025-04-15 14:02:20,762 [WARNING] Gate left crossed in trial state None while paused
2025-04-15 14:02:20,762 [WARNING] Gate entrance crossed in trial state None while paused
2025-04-15 14:02:20,763 [WARNING] Gate right crossed in trial state None while paused
2025-04-15 14:02:21,031 [WARNING] Gate left crossed in trial state None while paused
2025-04-15 14:02:21,166 [WARNING] Gate left crossed in trial state None while paused
2025-04-15 14:02:21,167 [WARNING] Gate entrance crossed in trial state None while paused
2025-04-15 14:02:21,167 [WARNING] Gate right crossed in trial state None while paused
2025-04-15 14:02:22,110 [WARNING] Gate left crossed in trial state None while paused
2025-04-15 14:02:22,143 [WARNING] Gate left crossed in trial state None while paused
2025-04-15 14:02:22,654 [WARNING] Gate left crossed in trial state None while paused
2025-04-15 14:02:22,655 [WARNING] Gate entrance crossed in trial state None while paused
2025-04-15 14:02:23,455 [WARNING] Gate left crossed in trial state None while paused
2025-04-15 14:02:23,455 [WARNING] Gate entrance crossed in trial state None while paused
2025-04-15 14:02:23,455 [WARNING] Gate right crossed in trial state None while paused
2025-04-15 14:02:23,759 [WARNING] Gate left crossed in trial state None while paused
2025-04-15 14:02:23,760 [WARNING] Gate entrance crossed in trial state None while paused
2025-04-15 14:02:23,760 [WARNING] Gate right crossed in trial state None while paused
2025-04-15 14:02:23,871 [WARNING] Gate right crossed in trial state None while paused
2025-04-15 14:02:23,879 [WARNING] Gate left crossed in trial state None while paused
2025-04-15 14:02:23,879 [WARNING] Gate entrance crossed in trial state None while paused
2025-04-15 14:02:24,176 [WARNING] Gate left crossed in trial state None while paused
2025-04-15 14:02:24,217 [WARNING] Gate left crossed in trial state None while paused
2025-04-15 14:02:24,218 [WARNING] Gate entrance crossed in trial state None while paused
2025-04-15 14:02:24,228 [WARNING] Gate left crossed in trial state None while paused
2025-04-15 14:02:24,248 [WARNING] Gate entrance crossed in trial state None while paused
2025-04-15 14:02:24,251 [WARNING] Gate left crossed in trial state None while paused
2025-04-15 14:02:24,547 [WARNING] Gate left crossed in trial state None while paused
2025-04-15 14:02:24,566 [WARNING] Gate left crossed in trial state None while paused
2025-04-15 14:02:24,636 [WARNING] Gate left crossed in trial state None while paused
2025-04-15 14:02:24,637 [WARNING] Gate entrance crossed in trial state None while paused
2025-04-15 14:02:24,656 [WARNING] Gate left crossed in trial state None while paused
2025-04-15 14:02:24,657 [WARNING] Gate entrance crossed in trial state None while paused
2025-04-15 14:02:24,681 [WARNING] Gate entrance crossed in trial state None while paused
2025-04-15 14:02:37,672 [WARNING] Gate left crossed in trial state None while paused
2025-04-15 14:02:37,673 [WARNING] Gate entrance crossed in trial state None while paused
2025-04-15 14:02:37,673 [WARNING] Gate right crossed in trial state None while paused
2025-04-15 14:02:37,768 [WARNING] Gate left crossed in trial state None while paused
2025-04-15 14:02:37,768 [WARNING] Gate entrance crossed in trial state None while paused
2025-04-15 14:02:37,769 [WARNING] Gate right crossed in trial state None while paused
2025-04-15 14:02:38,021 [WARNING] Gate left crossed in trial state None while paused
2025-04-15 14:02:38,022 [WARNING] Gate entrance crossed in trial state None while paused
2025-04-15 14:02:38,022 [WARNING] Gate right crossed in trial state None while paused
2025-04-15 14:02:56,464 [WARNING] Gate left crossed in trial state None while paused
2025-04-15 14:02:56,464 [WARNING] Gate entrance crossed in trial state None while paused
2025-04-15 14:02:56,464 [WARNING] Gate right crossed in trial state None while paused
2025-04-15 14:02:56,480 [WARNING] Gate left crossed in trial state None while paused
2025-04-15 14:02:56,480 [WARNING] Gate entrance crossed in trial state None while paused
2025-04-15 14:02:56,587 [WARNING] Gate left crossed in trial state None while paused
2025-04-15 14:02:56,588 [WARNING] Gate entrance crossed in trial state None while paused
2025-04-15 14:02:56,588 [WARNING] Gate right crossed in trial state None while paused
2025-04-15 14:02:57,672 [WARNING] Gate left crossed in trial state None while paused
2025-04-15 14:02:57,672 [WARNING] Gate entrance crossed in trial state None while paused
2025-04-15 14:02:57,673 [WARNING] Gate right crossed in trial state None while paused
2025-04-15 14:02:57,954 [WARNING] Gate left crossed in trial state None while paused
2025-04-15 14:02:57,980 [WARNING] Gate right crossed in trial state None while paused
2025-04-15 14:02:57,985 [WARNING] Gate left crossed in trial state None while paused
2025-04-15 14:02:57,986 [WARNING] Gate entrance crossed in trial state None while paused
2025-04-15 14:02:58,019 [WARNING] Gate left crossed in trial state None while paused
2025-04-15 14:02:58,020 [WARNING] Gate entrance crossed in trial state None while paused
2025-04-15 14:02:58,021 [WARNING] Gate right crossed in trial state None while paused
2025-04-15 14:02:58,185 [WARNING] Gate left crossed in trial state None while paused
2025-04-15 14:02:58,186 [WARNING] Gate entrance crossed in trial state None while paused
2025-04-15 14:02:58,186 [WARNING] Gate right crossed in trial state None while paused
2025-04-15 14:02:58,602 [WARNING] Gate left crossed in trial state None while paused
2025-04-15 14:02:58,602 [WARNING] Gate entrance crossed in trial state None while paused
2025-04-15 14:02:58,603 [WARNING] Gate right crossed in trial state None while paused
2025-04-15 14:02:58,619 [WARNING] Gate left crossed in trial state None while paused
2025-04-15 14:02:58,619 [WARNING] Gate entrance crossed in trial state None while paused
2025-04-15 14:02:58,620 [WARNING] Gate right crossed in trial state None while paused
2025-04-15 14:02:59,118 [WARNING] Gate left crossed in trial state None while paused
2025-04-15 14:02:59,118 [WARNING] Gate entrance crossed in trial state None while paused
2025-04-15 14:02:59,165 [WARNING] Gate left crossed in trial state None while paused
2025-04-15 14:02:59,321 [WARNING] Gate left crossed in trial state None while paused
2025-04-15 14:02:59,322 [WARNING] Gate entrance crossed in trial state None while paused
2025-04-15 14:02:59,322 [WARNING] Gate right crossed in trial state None while paused
2025-04-15 14:03:06,413 [WARNING] Gate left crossed in trial state None while paused
2025-04-15 14:03:06,413 [WARNING] Gate entrance crossed in trial state None while paused
2025-04-15 14:03:06,414 [WARNING] Gate right crossed in trial state None while paused
2025-04-15 14:03:06,424 [WARNING] Gate left crossed in trial state None while paused
2025-04-15 14:03:06,424 [WARNING] Gate entrance crossed in trial state None while paused
2025-04-15 14:03:06,424 [WARNING] Gate right crossed in trial state None while paused
2025-04-15 14:03:06,498 [WARNING] Gate left crossed in trial state None while paused
2025-04-15 14:03:06,499 [WARNING] Gate entrance crossed in trial state None while paused
2025-04-15 14:03:06,499 [WARNING] Gate right crossed in trial state None while paused
2025-04-15 14:03:20,893 [WARNING] Gate right crossed in trial state None while paused
2025-04-15 14:03:21,045 [WARNING] Gate right crossed in trial state None while paused
2025-04-15 14:03:21,250 [WARNING] Gate right crossed in trial state None while paused
2025-04-15 14:03:21,456 [WARNING] Gate right crossed in trial state None while paused
2025-04-15 14:03:21,735 [WARNING] Gate right crossed in trial state None while paused
2025-04-15 14:03:21,866 [WARNING] Gate right crossed in trial state None while paused
2025-04-15 14:03:22,072 [WARNING] Gate right crossed in trial state None while paused
2025-04-15 14:03:22,277 [WARNING] Gate right crossed in trial state None while paused
2025-04-15 14:03:24,330 [WARNING] Gate left crossed in trial state None while paused
2025-04-15 14:03:24,536 [WARNING] Gate left crossed in trial state None while paused
2025-04-15 14:03:24,741 [WARNING] Gate left crossed in trial state None while paused
2025-04-15 14:03:24,946 [WARNING] Gate left crossed in trial state None while paused
2025-04-15 14:03:25,356 [WARNING] Gate left crossed in trial state None while paused
2025-04-15 14:03:26,587 [WARNING] Gate left crossed in trial state None while paused
2025-04-15 14:03:28,026 [WARNING] Gate left crossed in trial state None while paused
2025-04-15 14:03:29,668 [WARNING] Gate left crossed in trial state None while paused
2025-04-15 14:03:55,239 [WARNING] Gate left crossed in trial state None while paused
2025-04-15 14:03:55,240 [WARNING] Gate entrance crossed in trial state None while paused
2025-04-15 14:03:56,202 [WARNING] Gate left crossed in trial state None while paused
2025-04-15 14:03:56,203 [WARNING] Gate entrance crossed in trial state None while paused
2025-04-15 14:03:56,203 [WARNING] Gate right crossed in trial state None while paused
2025-04-15 14:03:56,502 [WARNING] Gate left crossed in trial state None while paused
2025-04-15 14:03:56,503 [WARNING] Gate entrance crossed in trial state None while paused
2025-04-15 14:03:57,764 [WARNING] Gate left crossed in trial state None while paused
2025-04-15 14:03:57,765 [WARNING] Gate entrance crossed in trial state None while paused
2025-04-15 14:03:57,765 [WARNING] Gate right crossed in trial state None while paused
2025-04-15 14:04:00,252 [WARNING] Gate left crossed in trial state None while paused
2025-04-15 14:04:00,253 [WARNING] Gate entrance crossed in trial state None while paused
2025-04-15 14:04:01,041 [WARNING] Gate left crossed in trial state None while paused
2025-04-15 14:04:01,041 [WARNING] Gate entrance crossed in trial state None while paused
2025-04-15 14:04:02,614 [WARNING] Gate left crossed in trial state None while paused
2025-04-15 14:04:02,615 [WARNING] Gate entrance crossed in trial state None while paused
2025-04-15 14:04:02,880 [WARNING] Gate left crossed in trial state None while paused
2025-04-15 14:04:02,881 [WARNING] Gate entrance crossed in trial state None while paused
2025-04-15 14:04:02,911 [WARNING] Gate left crossed in trial state None while paused
2025-04-15 14:04:02,911 [WARNING] Gate entrance crossed in trial state None while paused
2025-04-15 14:04:03,417 [WARNING] Gate left crossed in trial state None while paused
2025-04-15 14:04:03,731 [WARNING] Gate left crossed in trial state None while paused
2025-04-15 14:04:03,881 [WARNING] Gate left crossed in trial state None while paused
2025-04-15 14:04:03,882 [WARNING] Gate entrance crossed in trial state None while paused
2025-04-15 14:04:03,882 [WARNING] Gate right crossed in trial state None while paused
2025-04-15 14:04:03,921 [WARNING] Gate left crossed in trial state None while paused
2025-04-15 14:04:03,922 [WARNING] Gate entrance crossed in trial state None while paused
2025-04-15 14:04:03,922 [WARNING] Gate right crossed in trial state None while paused
2025-04-15 14:04:03,991 [WARNING] Gate left crossed in trial state None while paused
2025-04-15 14:04:03,992 [WARNING] Gate entrance crossed in trial state None while paused
2025-04-15 14:04:03,992 [WARNING] Gate right crossed in trial state None while paused
2025-04-15 14:04:04,205 [WARNING] Gate left crossed in trial state None while paused
2025-04-15 14:04:04,431 [WARNING] Gate left crossed in trial state None while paused
2025-04-15 14:04:04,730 [WARNING] Gate left crossed in trial state None while paused
2025-04-15 14:04:04,772 [WARNING] Gate left crossed in trial state None while paused
2025-04-15 14:04:04,942 [WARNING] Gate left crossed in trial state None while paused
2025-04-15 14:04:04,943 [WARNING] Gate entrance crossed in trial state None while paused
2025-04-15 14:04:04,943 [WARNING] Gate right crossed in trial state None while paused
2025-04-15 14:04:05,389 [WARNING] Gate left crossed in trial state None while paused
2025-04-15 14:04:05,390 [WARNING] Gate entrance crossed in trial state None while paused
2025-04-15 14:04:05,865 [WARNING] Gate left crossed in trial state None while paused
2025-04-15 14:04:10,706 [WARNING] Gate left crossed in trial state None while paused
2025-04-15 14:04:10,911 [WARNING] Gate left crossed in trial state None while paused
2025-04-15 14:04:11,117 [WARNING] Gate left crossed in trial state None while paused
2025-04-15 14:04:11,322 [WARNING] Gate left crossed in trial state None while paused
2025-04-15 14:04:11,733 [WARNING] Gate left crossed in trial state None while paused
2025-04-15 14:04:11,938 [WARNING] Gate left crossed in trial state None while paused
2025-04-15 14:04:12,143 [WARNING] Gate left crossed in trial state None while paused
2025-04-15 14:04:12,349 [WARNING] Gate left crossed in trial state None while paused
2025-04-15 14:04:12,554 [WARNING] Gate left crossed in trial state None while paused
2025-04-15 14:04:12,965 [WARNING] Gate left crossed in trial state None while paused
2025-04-15 14:04:28,392 [WARNING] Gate left crossed in trial state None while paused
2025-04-15 14:04:28,393 [WARNING] Gate entrance crossed in trial state None while paused
2025-04-15 14:04:28,393 [WARNING] Gate right crossed in trial state None while paused
2025-04-15 14:04:28,411 [WARNING] Gate left crossed in trial state None while paused
2025-04-15 14:04:28,412 [WARNING] Gate entrance crossed in trial state None while paused
2025-04-15 14:04:28,412 [WARNING] Gate right crossed in trial state None while paused
2025-04-15 14:04:28,495 [WARNING] Gate left crossed in trial state None while paused
2025-04-15 14:04:29,425 [WARNING] Gate left crossed in trial state None while paused
2025-04-15 14:04:29,425 [WARNING] Gate entrance crossed in trial state None while paused
2025-04-15 14:04:29,426 [WARNING] Gate right crossed in trial state None while paused
2025-04-15 14:04:29,473 [WARNING] Gate left crossed in trial state None while paused
2025-04-15 14:04:29,587 [WARNING] Gate left crossed in trial state None while paused
2025-04-15 14:04:31,191 [WARNING] Gate left crossed in trial state None while paused
2025-04-15 14:04:31,448 [WARNING] Gate left crossed in trial state None while paused
2025-04-15 14:04:31,448 [WARNING] Gate entrance crossed in trial state None while paused
2025-04-15 14:04:32,829 [WARNING] Gate entrance crossed in trial state None while paused
2025-04-15 14:04:32,837 [WARNING] Gate left crossed in trial state None while paused
2025-04-15 14:04:32,855 [WARNING] Gate left crossed in trial state None while paused
2025-04-15 14:04:32,874 [WARNING] Gate left crossed in trial state None while paused
2025-04-15 14:04:32,895 [WARNING] Gate entrance crossed in trial state None while paused
2025-04-15 14:04:32,898 [WARNING] Gate left crossed in trial state None while paused
2025-04-15 14:04:33,456 [WARNING] Gate left crossed in trial state None while paused
2025-04-15 14:04:33,725 [WARNING] Gate left crossed in trial state None while paused
2025-04-15 14:04:33,726 [WARNING] Gate entrance crossed in trial state None while paused
2025-04-15 14:04:33,726 [WARNING] Gate right crossed in trial state None while paused
2025-04-15 14:04:33,764 [WARNING] Gate left crossed in trial state None while paused
2025-04-15 14:04:33,882 [WARNING] Gate left crossed in trial state None while paused
2025-04-15 14:04:33,909 [WARNING] Gate left crossed in trial state None while paused
2025-04-15 14:04:34,006 [WARNING] Gate left crossed in trial state None while paused
2025-04-15 14:04:34,321 [WARNING] Gate left crossed in trial state None while paused
2025-04-15 14:04:34,802 [WARNING] Gate entrance crossed in trial state None while paused
2025-04-15 14:04:34,804 [WARNING] Gate left crossed in trial state None while paused
2025-04-15 14:04:35,018 [WARNING] Gate left crossed in trial state None while paused
2025-04-15 14:04:35,019 [WARNING] Gate entrance crossed in trial state None while paused
2025-04-15 14:04:35,019 [WARNING] Gate right crossed in trial state None while paused
2025-04-15 14:04:35,316 [WARNING] Gate entrance crossed in trial state None while paused
2025-04-15 14:04:35,317 [WARNING] Gate right crossed in trial state None while paused
2025-04-15 14:04:35,324 [WARNING] Gate left crossed in trial state None while paused
2025-04-15 14:04:35,881 [WARNING] Gate left crossed in trial state None while paused
2025-04-15 14:05:15,223 [WARNING] Gate left crossed in trial state None while paused
2025-04-15 14:05:15,223 [WARNING] Gate entrance crossed in trial state None while paused
2025-04-15 14:05:16,131 [WARNING] Gate left crossed in trial state None while paused
2025-04-15 14:05:16,131 [WARNING] Gate entrance crossed in trial state None while paused
2025-04-15 14:05:16,499 [WARNING] Gate left crossed in trial state None while paused
2025-04-15 14:05:17,370 [WARNING] Gate left crossed in trial state None while paused
2025-04-15 14:05:17,371 [WARNING] Gate entrance crossed in trial state None while paused
2025-04-15 14:05:17,371 [WARNING] Gate right crossed in trial state None while paused
2025-04-15 14:05:17,688 [WARNING] Gate entrance crossed in trial state None while paused
2025-04-15 14:05:17,689 [WARNING] Gate left crossed in trial state None while paused
2025-04-15 14:05:17,704 [WARNING] Gate entrance crossed in trial state None while paused
2025-04-15 14:05:17,711 [WARNING] Gate left crossed in trial state None while paused
2025-04-15 14:05:17,843 [WARNING] Gate left crossed in trial state None while paused
2025-04-15 14:05:18,625 [WARNING] Gate left crossed in trial state None while paused
2025-04-15 14:05:20,235 [WARNING] Gate left crossed in trial state None while paused
2025-04-15 14:05:20,235 [WARNING] Gate entrance crossed in trial state None while paused
2025-04-15 14:05:22,052 [WARNING] Gate left crossed in trial state None while paused
2025-04-15 14:05:22,053 [WARNING] Gate entrance crossed in trial state None while paused
2025-04-15 14:05:22,066 [WARNING] Gate left crossed in trial state None while paused
2025-04-15 14:05:22,094 [WARNING] Gate left crossed in trial state None while paused
2025-04-15 14:05:22,095 [WARNING] Gate entrance crossed in trial state None while paused
2025-04-15 14:05:22,650 [WARNING] Gate left crossed in trial state None while paused
2025-04-15 14:05:22,651 [WARNING] Gate entrance crossed in trial state None while paused
2025-04-15 14:05:23,628 [WARNING] Gate left crossed in trial state None while paused
2025-04-15 14:05:23,628 [WARNING] Gate entrance crossed in trial state None while paused
2025-04-15 14:05:23,650 [WARNING] Gate left crossed in trial state None while paused
2025-04-15 14:05:23,738 [WARNING] Gate entrance crossed in trial state None while paused
2025-04-15 14:05:23,739 [WARNING] Gate right crossed in trial state None while paused
2025-04-15 14:05:23,739 [WARNING] Gate left crossed in trial state None while paused
2025-04-15 14:05:26,824 [WARNING] Gate left crossed in trial state None while paused
2025-04-15 14:05:28,859 [WARNING] Gate left crossed in trial state None while paused
2025-04-15 14:05:28,859 [WARNING] Gate entrance crossed in trial state None while paused
2025-04-15 14:05:28,860 [WARNING] Gate right crossed in trial state None while paused
2025-04-15 14:05:28,942 [WARNING] Gate right crossed in trial state None while paused
2025-04-15 14:05:28,947 [WARNING] Gate left crossed in trial state None while paused
2025-04-15 14:05:28,948 [WARNING] Gate entrance crossed in trial state None while paused
2025-04-15 14:05:30,001 [WARNING] Gate entrance crossed in trial state None while paused
2025-04-15 14:05:30,002 [WARNING] Gate left crossed in trial state None while paused
2025-04-15 14:05:52,343 [WARNING] Gate right crossed in trial state None while paused
2025-04-15 14:05:52,344 [WARNING] Gate left crossed in trial state None while paused
2025-04-15 14:05:52,344 [WARNING] Gate entrance crossed in trial state None while paused
2025-04-15 14:05:52,363 [WARNING] Gate left crossed in trial state None while paused
2025-04-15 14:05:52,416 [WARNING] Gate left crossed in trial state None while paused
2025-04-15 14:05:52,417 [WARNING] Gate entrance crossed in trial state None while paused
2025-04-15 14:05:52,434 [WARNING] Gate left crossed in trial state None while paused
2025-04-15 14:05:53,529 [WARNING] Gate left crossed in trial state None while paused
2025-04-15 14:05:53,530 [WARNING] Gate entrance crossed in trial state None while paused
2025-04-15 14:05:56,071 [WARNING] Gate left crossed in trial state None while paused
2025-04-15 14:06:06,413 [WARNING] Gate left crossed in trial state None while paused
2025-04-15 14:06:06,413 [WARNING] Gate entrance crossed in trial state None while paused
2025-04-15 14:06:06,459 [WARNING] Gate left crossed in trial state None while paused
2025-04-15 14:06:08,325 [WARNING] Gate left crossed in trial state None while paused
2025-04-15 14:06:08,326 [WARNING] Gate entrance crossed in trial state None while paused
2025-04-15 14:06:08,326 [WARNING] Gate right crossed in trial state None while paused
2025-04-15 14:06:08,365 [WARNING] Gate entrance crossed in trial state None while paused
2025-04-15 14:06:08,366 [WARNING] Gate right crossed in trial state None while paused
2025-04-15 14:06:08,367 [WARNING] Gate left crossed in trial state None while paused
2025-04-15 14:06:11,614 [WARNING] Gate left crossed in trial state None while paused
2025-04-15 14:06:11,615 [WARNING] Gate entrance crossed in trial state None while paused
2025-04-15 14:06:11,615 [WARNING] Gate right crossed in trial state None while paused
2025-04-15 14:06:11,631 [WARNING] Gate left crossed in trial state None while paused
2025-04-15 14:06:11,632 [WARNING] Gate entrance crossed in trial state None while paused
2025-04-15 14:06:11,632 [WARNING] Gate right crossed in trial state None while paused
2025-04-15 14:06:11,713 [WARNING] Gate entrance crossed in trial state None while paused
2025-04-15 14:06:11,714 [WARNING] Gate right crossed in trial state None while paused
2025-04-15 14:06:11,714 [WARNING] Gate left crossed in trial state None while paused
2025-04-15 14:06:12,323 [WARNING] Gate left crossed in trial state None while paused
2025-04-15 14:06:12,323 [WARNING] Gate entrance crossed in trial state None while paused
2025-04-15 14:06:12,324 [WARNING] Gate right crossed in trial state None while paused
2025-04-15 14:06:17,144 [WARNING] Gate left crossed in trial state None while paused
2025-04-15 14:06:17,145 [WARNING] Gate entrance crossed in trial state None while paused
2025-04-15 14:06:21,247 [WARNING] Gate left crossed in trial state None while paused
2025-04-15 14:06:21,247 [WARNING] Gate entrance crossed in trial state None while paused
2025-04-15 14:06:23,980 [WARNING] Gate left crossed in trial state None while paused
2025-04-15 14:06:23,980 [WARNING] Gate entrance crossed in trial state None while paused
2025-04-15 14:06:24,219 [WARNING] Gate left crossed in trial state None while paused
2025-04-15 14:06:24,220 [WARNING] Gate entrance crossed in trial state None while paused
2025-04-15 14:06:24,269 [WARNING] Gate left crossed in trial state None while paused
2025-04-15 14:06:24,270 [WARNING] Gate entrance crossed in trial state None while paused
2025-04-15 14:06:25,539 [WARNING] Gate left crossed in trial state None while paused
2025-04-15 14:06:25,540 [WARNING] Gate entrance crossed in trial state None while paused
2025-04-15 14:06:25,631 [WARNING] Gate left crossed in trial state None while paused
2025-04-15 14:06:25,631 [WARNING] Gate entrance crossed in trial state None while paused
2025-04-15 14:06:25,632 [WARNING] Gate right crossed in trial state None while paused
2025-04-15 14:06:25,990 [WARNING] Gate left crossed in trial state None while paused
2025-04-15 14:06:33,295 [WARNING] Gate right crossed in trial state None while paused
2025-04-15 14:06:33,317 [WARNING] Gate right crossed in trial state None while paused
2025-04-15 14:06:33,344 [WARNING] Gate right crossed in trial state None while paused
2025-04-15 14:06:33,373 [WARNING] Gate right crossed in trial state None while paused
2025-04-15 14:06:33,410 [WARNING] Gate right crossed in trial state None while paused
2025-04-15 14:06:33,441 [WARNING] Gate right crossed in trial state None while paused
2025-04-15 14:06:33,500 [WARNING] Gate right crossed in trial state None while paused
2025-04-15 14:06:33,778 [WARNING] Gate right crossed in trial state None while paused
2025-04-15 14:06:48,218 [WARNING] Gate left crossed in trial state None while paused
2025-04-15 14:06:48,218 [WARNING] Gate entrance crossed in trial state None while paused
2025-04-15 14:06:48,219 [WARNING] Gate right crossed in trial state None while paused
2025-04-15 14:06:51,536 [WARNING] Gate left crossed in trial state None while paused
2025-04-15 14:06:54,782 [WARNING] Gate left crossed in trial state None while paused
2025-04-15 14:06:54,783 [WARNING] Gate entrance crossed in trial state None while paused
2025-04-15 14:06:54,783 [WARNING] Gate right crossed in trial state None while paused
2025-04-15 14:06:55,276 [WARNING] Gate left crossed in trial state None while paused
2025-04-15 14:06:55,276 [WARNING] Gate entrance crossed in trial state None while paused
2025-04-15 14:06:57,765 [WARNING] Gate left crossed in trial state None while paused
2025-04-15 14:06:57,774 [WARNING] Gate entrance crossed in trial state None while paused
2025-04-15 14:06:57,774 [WARNING] Gate right crossed in trial state None while paused
2025-04-15 14:06:57,779 [WARNING] Gate right crossed in trial state None while paused
2025-04-15 14:06:57,779 [WARNING] Gate left crossed in trial state None while paused
2025-04-15 14:06:57,780 [WARNING] Gate entrance crossed in trial state None while paused
2025-04-15 14:06:57,812 [WARNING] Gate left crossed in trial state None while paused
2025-04-15 14:06:57,813 [WARNING] Gate entrance crossed in trial state None while paused
2025-04-15 14:06:57,814 [WARNING] Gate right crossed in trial state None while paused
2025-04-15 14:06:57,829 [WARNING] Gate right crossed in trial state None while paused
2025-04-15 14:06:57,829 [WARNING] Gate left crossed in trial state None while paused
2025-04-15 14:06:57,830 [WARNING] Gate entrance crossed in trial state None while paused
2025-04-15 14:06:57,859 [WARNING] Gate entrance crossed in trial state None while paused
2025-04-15 14:06:57,859 [WARNING] Gate left crossed in trial state None while paused
2025-04-15 14:24:39,776 [WARNING] Gate right crossed in trial state None while paused
2025-04-15 14:24:39,833 [WARNING] Gate right crossed in trial state None while paused
2025-04-15 14:32:51,056 [WARNING] Gate right crossed in trial state None while paused
2025-04-15 14:32:51,087 [WARNING] Gate right crossed in trial state None while paused
2025-04-15 14:34:26,845 [WARNING] Gate right crossed in trial state None while paused
2025-04-15 14:34:26,901 [WARNING] Gate right crossed in trial state None while paused
2025-04-15 14:50:02,872 [WARNING] Gate right crossed in trial state None while paused
2025-04-15 14:52:06,736 [WARNING] Program exiting before starting
2025-04-15 14:52:06,736 [INFO] Data file closed
2025-04-15 14:52:06,740 [INFO] Mainloop exited
2025-04-15 14:52:06,742 [INFO] Program exited successfully- goodbye!
