2025-04-15 10:31:08,160 [INFO] Program started
2025-04-15 10:31:08,160 [INFO] Experiment Trials List: {1: {'trial_id': 1, 'left_bg': 'light', 'right_bg': 'dark', 'left_fg': 'white', 'right_fg': 'white'}, 2: {'trial_id': 2, 'left_bg': 'dark', 'right_bg': 'light', 'left_fg': 'white', 'right_fg': 'white'}, 3: {'trial_id': 3, 'left_bg': 'light', 'right_bg': 'dark', 'left_fg': 'black', 'right_fg': 'black'}, 4: {'trial_id': 4, 'left_bg': 'dark', 'right_bg': 'light', 'left_fg': 'black', 'right_fg': 'black'}, 5: {'trial_id': 5, 'left_bg': 'light', 'right_bg': 'light', 'left_fg': 'white', 'right_fg': 'black'}, 6: {'trial_id': 6, 'left_bg': 'dark', 'right_bg': 'dark', 'left_fg': 'white', 'right_fg': 'black'}, 7: {'trial_id': 7, 'left_bg': 'light', 'right_bg': 'light', 'left_fg': 'black', 'right_fg': 'white'}, 8: {'trial_id': 8, 'left_bg': 'dark', 'right_bg': 'dark', 'left_fg': 'black', 'right_fg': 'white'}}
2025-04-15 10:31:08,161 [INFO] Set experiment constants
2025-04-15 10:31:08,472 [INFO] Set display screen
2025-04-15 10:31:08,474 [INFO] Data writer open at file: /home/pi/Documents/masters-Electronics/data/20250415.csv
2025-04-15 10:31:08,474 [INFO] Set data writer
2025-04-15 10:31:08,478 [INFO] Set GPIO pins
2025-04-15 10:31:08,479 [INFO] Set keybinds
2025-04-15 10:31:08,479 [INFO] Gate all reset
2025-04-15 10:31:08,480 [INFO] Program paused
2025-04-15 10:31:08,480 [INFO] Set up of obstacle positioning
2025-04-15 10:31:08,481 [INFO] Setup complete
2025-04-15 10:31:08,481 [INFO] Waiting for obstacle setup to be completed
2025-04-15 10:31:19,630 [WARNING] Gate right crossed in trial state None while paused
2025-04-15 10:31:20,774 [WARNING] Gate right crossed in trial state None while paused
2025-04-15 10:32:41,304 [WARNING] Gate left crossed in trial state None while paused
2025-04-15 10:32:41,510 [WARNING] Gate left crossed in trial state None while paused
2025-04-15 10:32:41,715 [WARNING] Gate left crossed in trial state None while paused
2025-04-15 10:32:41,920 [WARNING] Gate left crossed in trial state None while paused
2025-04-15 10:32:42,126 [WARNING] Gate left crossed in trial state None while paused
2025-04-15 10:32:43,768 [WARNING] Gate left crossed in trial state None while paused
2025-04-15 10:32:43,974 [WARNING] Gate left crossed in trial state None while paused
2025-04-15 10:32:44,179 [WARNING] Gate left crossed in trial state None while paused
2025-04-15 10:32:44,384 [WARNING] Gate left crossed in trial state None while paused
2025-04-15 10:32:44,589 [WARNING] Gate left crossed in trial state None while paused
2025-04-15 10:32:44,795 [WARNING] Gate left crossed in trial state None while paused
2025-04-15 10:32:45,000 [WARNING] Gate left crossed in trial state None while paused
2025-04-15 10:32:45,206 [WARNING] Gate left crossed in trial state None while paused
2025-04-15 10:32:45,411 [WARNING] Gate left crossed in trial state None while paused
2025-04-15 10:32:45,616 [WARNING] Gate left crossed in trial state None while paused
2025-04-15 10:32:45,822 [WARNING] Gate left crossed in trial state None while paused
2025-04-15 10:32:46,027 [WARNING] Gate left crossed in trial state None while paused
2025-04-15 10:32:46,232 [WARNING] Gate left crossed in trial state None while paused
2025-04-15 10:32:46,438 [WARNING] Gate left crossed in trial state None while paused
2025-04-15 10:32:46,643 [WARNING] Gate left crossed in trial state None while paused
2025-04-15 10:32:46,848 [WARNING] Gate left crossed in trial state None while paused
2025-04-15 10:32:47,054 [WARNING] Gate left crossed in trial state None while paused
2025-04-15 10:32:47,259 [WARNING] Gate left crossed in trial state None while paused
2025-04-15 10:32:47,465 [WARNING] Gate left crossed in trial state None while paused
2025-04-15 10:32:47,670 [WARNING] Gate left crossed in trial state None while paused
2025-04-15 10:32:47,875 [WARNING] Gate left crossed in trial state None while paused
2025-04-15 10:32:48,081 [WARNING] Gate left crossed in trial state None while paused
2025-04-15 10:32:48,286 [WARNING] Gate left crossed in trial state None while paused
2025-04-15 10:32:48,491 [WARNING] Gate left crossed in trial state None while paused
2025-04-15 10:32:48,697 [WARNING] Gate left crossed in trial state None while paused
2025-04-15 10:32:48,902 [WARNING] Gate left crossed in trial state None while paused
2025-04-15 10:32:49,107 [WARNING] Gate left crossed in trial state None while paused
2025-04-15 10:32:49,313 [WARNING] Gate left crossed in trial state None while paused
2025-04-15 10:32:49,518 [WARNING] Gate left crossed in trial state None while paused
2025-04-15 10:32:49,723 [WARNING] Gate left crossed in trial state None while paused
2025-04-15 10:32:49,929 [WARNING] Gate left crossed in trial state None while paused
2025-04-15 10:32:50,134 [WARNING] Gate left crossed in trial state None while paused
2025-04-15 10:32:50,340 [WARNING] Gate left crossed in trial state None while paused
2025-04-15 10:32:50,545 [WARNING] Gate left crossed in trial state None while paused
2025-04-15 10:32:50,750 [WARNING] Gate left crossed in trial state None while paused
2025-04-15 10:32:50,956 [WARNING] Gate left crossed in trial state None while paused
2025-04-15 10:32:51,161 [WARNING] Gate left crossed in trial state None while paused
2025-04-15 10:32:51,366 [WARNING] Gate left crossed in trial state None while paused
2025-04-15 10:32:51,572 [WARNING] Gate left crossed in trial state None while paused
2025-04-15 10:33:01,457 [WARNING] Gate left crossed in trial state None while paused
2025-04-15 10:33:04,337 [WARNING] Gate left crossed in trial state None while paused
2025-04-15 10:33:04,542 [WARNING] Gate left crossed in trial state None while paused
2025-04-15 10:33:04,748 [WARNING] Gate left crossed in trial state None while paused
2025-04-15 10:33:04,953 [WARNING] Gate left crossed in trial state None while paused
2025-04-15 10:33:05,158 [WARNING] Gate left crossed in trial state None while paused
2025-04-15 10:33:05,364 [WARNING] Gate left crossed in trial state None while paused
2025-04-15 10:33:05,569 [WARNING] Gate left crossed in trial state None while paused
2025-04-15 10:33:05,774 [WARNING] Gate left crossed in trial state None while paused
2025-04-15 10:33:05,980 [WARNING] Gate left crossed in trial state None while paused
2025-04-15 10:33:06,185 [WARNING] Gate left crossed in trial state None while paused
2025-04-15 10:34:30,150 [WARNING] Gate left crossed in trial state None while paused
2025-04-15 10:34:30,355 [WARNING] Gate left crossed in trial state None while paused
2025-04-15 10:34:30,561 [WARNING] Gate left crossed in trial state None while paused
2025-04-15 10:34:30,766 [WARNING] Gate left crossed in trial state None while paused
2025-04-15 10:34:30,971 [WARNING] Gate left crossed in trial state None while paused
2025-04-15 10:34:31,177 [WARNING] Gate left crossed in trial state None while paused
2025-04-15 10:34:31,382 [WARNING] Gate left crossed in trial state None while paused
2025-04-15 10:34:31,587 [WARNING] Gate left crossed in trial state None while paused
2025-04-15 10:34:36,562 [WARNING] Gate right crossed in trial state None while paused
2025-04-15 10:34:36,833 [WARNING] Gate right crossed in trial state None while paused
2025-04-15 10:34:37,021 [WARNING] Gate right crossed in trial state None while paused
2025-04-15 10:34:37,056 [WARNING] Gate right crossed in trial state None while paused
2025-04-15 10:34:39,703 [WARNING] Gate entrance crossed in trial state None while paused
2025-04-15 10:34:39,909 [WARNING] Gate entrance crossed in trial state None while paused
2025-04-15 10:34:40,114 [WARNING] Gate entrance crossed in trial state None while paused
2025-04-15 10:34:40,319 [WARNING] Gate entrance crossed in trial state None while paused
2025-04-15 10:34:40,525 [WARNING] Gate entrance crossed in trial state None while paused
2025-04-15 10:34:43,810 [WARNING] Gate entrance crossed in trial state None while paused
2025-04-15 10:34:44,837 [WARNING] Gate entrance crossed in trial state None while paused
2025-04-15 10:34:47,301 [WARNING] Gate entrance crossed in trial state None while paused
2025-04-15 10:34:47,506 [WARNING] Gate entrance crossed in trial state None while paused
2025-04-15 10:34:47,712 [WARNING] Gate entrance crossed in trial state None while paused
2025-04-15 10:34:47,917 [WARNING] Gate entrance crossed in trial state None while paused
2025-04-15 10:34:48,122 [WARNING] Gate entrance crossed in trial state None while paused
2025-04-15 10:34:48,328 [WARNING] Gate entrance crossed in trial state None while paused
2025-04-15 10:34:48,533 [WARNING] Gate entrance crossed in trial state None while paused
2025-04-15 10:34:48,738 [WARNING] Gate entrance crossed in trial state None while paused
2025-04-15 10:34:48,944 [WARNING] Gate entrance crossed in trial state None while paused
2025-04-15 10:34:49,149 [WARNING] Gate entrance crossed in trial state None while paused
2025-04-15 10:35:56,836 [WARNING] Gate right crossed in trial state None while paused
2025-04-15 10:35:56,904 [WARNING] Gate right crossed in trial state None while paused
2025-04-15 10:35:57,887 [WARNING] Gate right crossed in trial state None while paused
2025-04-15 10:35:58,173 [WARNING] Gate right crossed in trial state None while paused
2025-04-15 10:35:58,226 [WARNING] Gate right crossed in trial state None while paused
2025-04-15 10:35:58,294 [WARNING] Gate right crossed in trial state None while paused
2025-04-15 10:35:58,623 [WARNING] Gate right crossed in trial state None while paused
2025-04-15 10:37:52,050 [WARNING] Gate entrance crossed in trial state None while paused
2025-04-15 10:37:52,255 [WARNING] Gate entrance crossed in trial state None while paused
2025-04-15 10:37:52,461 [WARNING] Gate entrance crossed in trial state None while paused
2025-04-15 10:37:52,666 [WARNING] Gate entrance crossed in trial state None while paused
2025-04-15 10:37:52,871 [WARNING] Gate entrance crossed in trial state None while paused
2025-04-15 10:37:53,077 [WARNING] Gate entrance crossed in trial state None while paused
2025-04-15 10:38:55,914 [WARNING] Gate right crossed in trial state None while paused
2025-04-15 10:40:25,857 [WARNING] Gate right crossed in trial state None while paused
2025-04-15 10:40:41,540 [WARNING] Gate right crossed in trial state None while paused
2025-04-15 10:41:34,022 [WARNING] Gate entrance crossed in trial state None while paused
2025-04-15 10:41:34,227 [WARNING] Gate entrance crossed in trial state None while paused
2025-04-15 10:41:34,432 [WARNING] Gate entrance crossed in trial state None while paused
2025-04-15 10:41:34,638 [WARNING] Gate entrance crossed in trial state None while paused
2025-04-15 10:41:34,843 [WARNING] Gate entrance crossed in trial state None while paused
2025-04-15 10:41:35,048 [WARNING] Gate entrance crossed in trial state None while paused
2025-04-15 10:41:35,253 [WARNING] Gate entrance crossed in trial state None while paused
2025-04-15 10:41:35,459 [WARNING] Gate entrance crossed in trial state None while paused
2025-04-15 10:41:35,664 [WARNING] Gate entrance crossed in trial state None while paused
2025-04-15 10:41:35,870 [WARNING] Gate entrance crossed in trial state None while paused
2025-04-15 10:41:36,075 [WARNING] Gate entrance crossed in trial state None while paused
2025-04-15 10:41:36,280 [WARNING] Gate entrance crossed in trial state None while paused
2025-04-15 10:41:36,485 [WARNING] Gate entrance crossed in trial state None while paused
2025-04-15 10:41:36,691 [WARNING] Gate entrance crossed in trial state None while paused
2025-04-15 10:41:43,337 [WARNING] Gate entrance crossed in trial state None while paused
2025-04-15 10:41:43,542 [WARNING] Gate entrance crossed in trial state None while paused
2025-04-15 10:41:43,747 [WARNING] Gate entrance crossed in trial state None while paused
2025-04-15 10:41:45,390 [WARNING] Gate entrance crossed in trial state None while paused
2025-04-15 10:41:45,595 [WARNING] Gate entrance crossed in trial state None while paused
2025-04-15 10:41:45,801 [WARNING] Gate entrance crossed in trial state None while paused
2025-04-15 10:41:46,006 [WARNING] Gate entrance crossed in trial state None while paused
2025-04-15 10:48:08,296 [WARNING] Gate entrance crossed in trial state None while paused
2025-04-15 10:48:08,296 [WARNING] Gate right crossed in trial state None while paused
2025-04-15 10:48:08,297 [WARNING] Gate left crossed in trial state None while paused
2025-04-15 10:48:08,335 [WARNING] Gate left crossed in trial state None while paused
2025-04-15 10:48:08,373 [WARNING] Gate left crossed in trial state None while paused
2025-04-15 10:48:09,202 [WARNING] Gate left crossed in trial state None while paused
2025-04-15 10:48:09,583 [WARNING] Gate left crossed in trial state None while paused
2025-04-15 10:48:09,584 [WARNING] Gate entrance crossed in trial state None while paused
2025-04-15 10:48:10,911 [WARNING] Gate left crossed in trial state None while paused
2025-04-15 10:48:11,034 [WARNING] Gate left crossed in trial state None while paused
2025-04-15 10:48:11,051 [WARNING] Gate left crossed in trial state None while paused
2025-04-15 10:48:11,756 [WARNING] Gate right crossed in trial state None while paused
2025-04-15 10:48:11,757 [WARNING] Gate left crossed in trial state None while paused
2025-04-15 10:48:11,757 [WARNING] Gate entrance crossed in trial state None while paused
2025-04-15 10:48:11,791 [WARNING] Gate left crossed in trial state None while paused
2025-04-15 10:48:11,792 [WARNING] Gate entrance crossed in trial state None while paused
2025-04-15 10:48:11,792 [WARNING] Gate right crossed in trial state None while paused
2025-04-15 10:48:11,882 [WARNING] Gate entrance crossed in trial state None while paused
2025-04-15 10:48:11,882 [WARNING] Gate right crossed in trial state None while paused
2025-04-15 10:48:11,883 [WARNING] Gate left crossed in trial state None while paused
2025-04-15 10:48:12,766 [WARNING] Gate left crossed in trial state None while paused
2025-04-15 10:48:13,014 [WARNING] Gate right crossed in trial state None while paused
2025-04-15 10:48:13,015 [WARNING] Gate left crossed in trial state None while paused
2025-04-15 10:48:13,016 [WARNING] Gate entrance crossed in trial state None while paused
2025-04-15 10:48:14,459 [WARNING] Gate left crossed in trial state None while paused
2025-04-15 10:48:14,476 [WARNING] Gate left crossed in trial state None while paused
2025-04-15 10:48:16,131 [WARNING] Gate left crossed in trial state None while paused
2025-04-15 10:48:16,213 [WARNING] Gate left crossed in trial state None while paused
2025-04-15 10:48:16,214 [WARNING] Gate entrance crossed in trial state None while paused
2025-04-15 10:48:16,230 [WARNING] Gate left crossed in trial state None while paused
2025-04-15 10:48:16,335 [WARNING] Gate left crossed in trial state None while paused
2025-04-15 10:48:20,504 [WARNING] Gate left crossed in trial state None while paused
2025-04-15 10:48:20,505 [WARNING] Gate entrance crossed in trial state None while paused
2025-04-15 10:48:20,526 [WARNING] Gate left crossed in trial state None while paused
2025-04-15 10:48:20,606 [WARNING] Gate left crossed in trial state None while paused
2025-04-15 10:48:20,607 [WARNING] Gate entrance crossed in trial state None while paused
2025-04-15 10:48:30,812 [WARNING] Gate left crossed in trial state None while paused
2025-04-15 10:48:31,018 [WARNING] Gate left crossed in trial state None while paused
2025-04-15 10:48:31,223 [WARNING] Gate left crossed in trial state None while paused
2025-04-15 10:48:31,428 [WARNING] Gate left crossed in trial state None while paused
2025-04-15 10:48:31,634 [WARNING] Gate left crossed in trial state None while paused
2025-04-15 10:48:31,839 [WARNING] Gate left crossed in trial state None while paused
2025-04-15 10:48:32,044 [WARNING] Gate left crossed in trial state None while paused
2025-04-15 10:48:32,250 [WARNING] Gate left crossed in trial state None while paused
2025-04-15 10:48:33,276 [WARNING] Gate left crossed in trial state None while paused
2025-04-15 10:48:33,482 [WARNING] Gate left crossed in trial state None while paused
2025-04-15 10:48:33,892 [WARNING] Gate left crossed in trial state None while paused
2025-04-15 10:54:39,082 [WARNING] Gate left crossed in trial state None while paused
2025-04-15 10:54:39,287 [WARNING] Gate left crossed in trial state None while paused
2025-04-15 10:54:39,492 [WARNING] Gate left crossed in trial state None while paused
2025-04-15 10:54:39,698 [WARNING] Gate left crossed in trial state None while paused
2025-04-15 10:54:39,903 [WARNING] Gate left crossed in trial state None while paused
2025-04-15 10:54:40,109 [WARNING] Gate left crossed in trial state None while paused
2025-04-15 10:54:40,314 [WARNING] Gate left crossed in trial state None while paused
2025-04-15 10:54:40,519 [WARNING] Gate left crossed in trial state None while paused
2025-04-15 10:54:40,725 [WARNING] Gate left crossed in trial state None while paused
2025-04-15 10:54:40,930 [WARNING] Gate left crossed in trial state None while paused
2025-04-15 10:54:41,136 [WARNING] Gate left crossed in trial state None while paused
2025-04-15 10:54:41,341 [WARNING] Gate left crossed in trial state None while paused
2025-04-15 10:54:41,546 [WARNING] Gate left crossed in trial state None while paused
2025-04-15 10:54:41,752 [WARNING] Gate left crossed in trial state None while paused
2025-04-15 10:54:41,957 [WARNING] Gate left crossed in trial state None while paused
2025-04-15 10:54:42,162 [WARNING] Gate left crossed in trial state None while paused
2025-04-15 10:54:42,368 [WARNING] Gate left crossed in trial state None while paused
2025-04-15 10:54:42,573 [WARNING] Gate left crossed in trial state None while paused
2025-04-15 10:54:42,778 [WARNING] Gate left crossed in trial state None while paused
2025-04-15 10:54:42,984 [WARNING] Gate left crossed in trial state None while paused
2025-04-15 10:54:43,189 [WARNING] Gate left crossed in trial state None while paused
2025-04-15 10:54:43,395 [WARNING] Gate left crossed in trial state None while paused
2025-04-15 10:54:43,600 [WARNING] Gate left crossed in trial state None while paused
2025-04-15 10:54:44,422 [WARNING] Gate left crossed in trial state None while paused
2025-04-15 10:54:44,627 [WARNING] Gate left crossed in trial state None while paused
2025-04-15 10:54:44,832 [WARNING] Gate left crossed in trial state None while paused
2025-04-15 10:54:45,038 [WARNING] Gate left crossed in trial state None while paused
2025-04-15 10:54:45,859 [WARNING] Gate left crossed in trial state None while paused
2025-04-15 10:54:46,475 [WARNING] Gate left crossed in trial state None while paused
2025-04-15 10:55:44,548 [WARNING] Gate right crossed in trial state None while paused
2025-04-15 10:55:44,733 [WARNING] Gate right crossed in trial state None while paused
2025-04-15 10:55:48,728 [WARNING] Gate right crossed in trial state None while paused
2025-04-15 10:57:35,463 [WARNING] Gate left crossed in trial state None while paused
2025-04-15 10:57:35,464 [WARNING] Gate entrance crossed in trial state None while paused
2025-04-15 10:57:35,464 [WARNING] Gate right crossed in trial state None while paused
2025-04-15 10:57:36,213 [WARNING] Gate left crossed in trial state None while paused
2025-04-15 10:57:36,214 [WARNING] Gate entrance crossed in trial state None while paused
2025-04-15 10:57:36,214 [WARNING] Gate right crossed in trial state None while paused
2025-04-15 10:57:36,251 [WARNING] Gate left crossed in trial state None while paused
2025-04-15 10:57:36,252 [WARNING] Gate entrance crossed in trial state None while paused
2025-04-15 10:57:36,252 [WARNING] Gate right crossed in trial state None while paused
2025-04-15 10:57:36,372 [WARNING] Gate left crossed in trial state None while paused
2025-04-15 10:57:36,373 [WARNING] Gate entrance crossed in trial state None while paused
2025-04-15 10:57:36,373 [WARNING] Gate right crossed in trial state None while paused
2025-04-15 10:57:38,590 [WARNING] Gate left crossed in trial state None while paused
2025-04-15 10:57:38,590 [WARNING] Gate entrance crossed in trial state None while paused
2025-04-15 10:57:39,387 [WARNING] Gate entrance crossed in trial state None while paused
2025-04-15 10:57:42,738 [WARNING] Gate left crossed in trial state None while paused
2025-04-15 10:57:42,738 [WARNING] Gate entrance crossed in trial state None while paused
2025-04-15 10:57:42,739 [WARNING] Gate right crossed in trial state None while paused
2025-04-15 10:57:43,008 [WARNING] Gate right crossed in trial state None while paused
2025-04-15 10:57:43,009 [WARNING] Gate entrance crossed in trial state None while paused
2025-04-15 10:57:43,009 [WARNING] Gate left crossed in trial state None while paused
2025-04-15 10:57:44,323 [WARNING] Gate left crossed in trial state None while paused
2025-04-15 10:57:44,324 [WARNING] Gate entrance crossed in trial state None while paused
2025-04-15 10:57:44,774 [WARNING] Gate right crossed in trial state None while paused
2025-04-15 10:57:44,775 [WARNING] Gate left crossed in trial state None while paused
2025-04-15 10:57:44,775 [WARNING] Gate entrance crossed in trial state None while paused
2025-04-15 10:57:44,796 [WARNING] Gate entrance crossed in trial state None while paused
2025-04-15 10:57:44,840 [WARNING] Gate left crossed in trial state None while paused
2025-04-15 10:57:45,170 [WARNING] Gate entrance crossed in trial state None while paused
2025-04-15 10:57:46,683 [WARNING] Gate left crossed in trial state None while paused
2025-04-15 10:57:46,683 [WARNING] Gate entrance crossed in trial state None while paused
2025-04-15 10:58:00,147 [WARNING] Gate left crossed in trial state None while paused
2025-04-15 10:58:00,147 [WARNING] Gate entrance crossed in trial state None while paused
2025-04-15 10:58:01,922 [WARNING] Gate left crossed in trial state None while paused
2025-04-15 10:58:01,923 [WARNING] Gate entrance crossed in trial state None while paused
2025-04-15 10:58:01,923 [WARNING] Gate right crossed in trial state None while paused
2025-04-15 10:58:01,980 [WARNING] Gate right crossed in trial state None while paused
2025-04-15 10:58:01,981 [WARNING] Gate left crossed in trial state None while paused
2025-04-15 10:58:01,981 [WARNING] Gate entrance crossed in trial state None while paused
2025-04-15 10:58:02,051 [WARNING] Gate left crossed in trial state None while paused
2025-04-15 10:58:02,053 [WARNING] Gate entrance crossed in trial state None while paused
2025-04-15 10:58:02,254 [WARNING] Gate left crossed in trial state None while paused
2025-04-15 10:58:02,254 [WARNING] Gate entrance crossed in trial state None while paused
2025-04-15 10:58:02,255 [WARNING] Gate right crossed in trial state None while paused
2025-04-15 10:58:02,801 [WARNING] Gate left crossed in trial state None while paused
2025-04-15 10:58:02,802 [WARNING] Gate entrance crossed in trial state None while paused
2025-04-15 10:58:02,802 [WARNING] Gate right crossed in trial state None while paused
2025-04-15 10:58:03,319 [WARNING] Gate left crossed in trial state None while paused
2025-04-15 10:58:03,320 [WARNING] Gate entrance crossed in trial state None while paused
2025-04-15 10:58:03,321 [WARNING] Gate right crossed in trial state None while paused
2025-04-15 10:58:03,873 [WARNING] Gate left crossed in trial state None while paused
2025-04-15 10:58:03,874 [WARNING] Gate entrance crossed in trial state None while paused
2025-04-15 10:58:04,062 [WARNING] Gate entrance crossed in trial state None while paused
2025-04-15 10:58:04,201 [WARNING] Gate left crossed in trial state None while paused
2025-04-15 10:58:04,201 [WARNING] Gate entrance crossed in trial state None while paused
2025-04-15 10:58:06,853 [WARNING] Gate left crossed in trial state None while paused
2025-04-15 10:58:06,854 [WARNING] Gate entrance crossed in trial state None while paused
2025-04-15 10:58:06,855 [WARNING] Gate right crossed in trial state None while paused
2025-04-15 10:58:07,059 [WARNING] Gate left crossed in trial state None while paused
2025-04-15 10:58:07,059 [WARNING] Gate entrance crossed in trial state None while paused
2025-04-15 10:58:07,060 [WARNING] Gate right crossed in trial state None while paused
2025-04-15 10:58:07,197 [WARNING] Gate left crossed in trial state None while paused
2025-04-15 10:58:07,197 [WARNING] Gate entrance crossed in trial state None while paused
2025-04-15 10:58:07,198 [WARNING] Gate right crossed in trial state None while paused
2025-04-15 10:58:07,883 [WARNING] Gate left crossed in trial state None while paused
2025-04-15 10:58:07,883 [WARNING] Gate entrance crossed in trial state None while paused
2025-04-15 10:58:07,884 [WARNING] Gate right crossed in trial state None while paused
2025-04-15 10:58:07,939 [WARNING] Gate entrance crossed in trial state None while paused
2025-04-15 10:58:07,940 [WARNING] Gate right crossed in trial state None while paused
2025-04-15 10:58:07,941 [WARNING] Gate left crossed in trial state None while paused
2025-04-15 10:58:33,553 [WARNING] Gate left crossed in trial state None while paused
2025-04-15 10:58:39,288 [WARNING] Gate left crossed in trial state None while paused
2025-04-15 10:58:39,696 [WARNING] Gate left crossed in trial state None while paused
2025-04-15 10:58:39,901 [WARNING] Gate left crossed in trial state None while paused
2025-04-15 10:58:40,106 [WARNING] Gate left crossed in trial state None while paused
2025-04-15 10:58:40,311 [WARNING] Gate left crossed in trial state None while paused
2025-04-15 10:58:42,689 [WARNING] Gate entrance crossed in trial state None while paused
2025-04-15 10:58:42,895 [WARNING] Gate entrance crossed in trial state None while paused
2025-04-15 10:58:43,100 [WARNING] Gate entrance crossed in trial state None while paused
2025-04-15 10:58:43,306 [WARNING] Gate entrance crossed in trial state None while paused
2025-04-15 10:58:43,511 [WARNING] Gate entrance crossed in trial state None while paused
2025-04-15 10:58:43,716 [WARNING] Gate entrance crossed in trial state None while paused
2025-04-15 10:58:49,261 [WARNING] Gate entrance crossed in trial state None while paused
2025-04-15 10:58:49,466 [WARNING] Gate entrance crossed in trial state None while paused
2025-04-15 10:58:49,672 [WARNING] Gate entrance crossed in trial state None while paused
2025-04-15 10:58:49,877 [WARNING] Gate entrance crossed in trial state None while paused
2025-04-15 10:58:50,083 [WARNING] Gate entrance crossed in trial state None while paused
2025-04-15 11:05:44,575 [WARNING] Gate left crossed in trial state None while paused
2025-04-15 11:06:30,272 [WARNING] Gate right crossed in trial state None while paused
2025-04-15 11:06:30,343 [WARNING] Gate right crossed in trial state None while paused
2025-04-15 11:06:30,356 [WARNING] Gate right crossed in trial state None while paused
2025-04-15 11:10:51,672 [WARNING] Gate left crossed in trial state None while paused
2025-04-15 11:11:30,142 [WARNING] Gate entrance crossed in trial state None while paused
2025-04-15 11:11:30,202 [WARNING] Gate left crossed in trial state None while paused
2025-04-15 11:11:30,203 [WARNING] Gate entrance crossed in trial state None while paused
2025-04-15 11:11:30,203 [WARNING] Gate right crossed in trial state None while paused
2025-04-15 11:11:30,213 [WARNING] Gate left crossed in trial state None while paused
2025-04-15 11:11:30,213 [WARNING] Gate entrance crossed in trial state None while paused
2025-04-15 11:11:30,213 [WARNING] Gate right crossed in trial state None while paused
2025-04-15 11:11:30,251 [WARNING] Gate left crossed in trial state None while paused
2025-04-15 11:11:30,252 [WARNING] Gate entrance crossed in trial state None while paused
2025-04-15 11:11:30,252 [WARNING] Gate right crossed in trial state None while paused
2025-04-15 11:11:30,428 [WARNING] Gate left crossed in trial state None while paused
2025-04-15 11:11:30,429 [WARNING] Gate right crossed in trial state None while paused
2025-04-15 11:11:30,439 [WARNING] Gate left crossed in trial state None while paused
2025-04-15 11:11:30,440 [WARNING] Gate entrance crossed in trial state None while paused
2025-04-15 11:11:30,503 [WARNING] Gate left crossed in trial state None while paused
2025-04-15 11:11:30,503 [WARNING] Gate entrance crossed in trial state None while paused
2025-04-15 11:11:30,504 [WARNING] Gate right crossed in trial state None while paused
2025-04-15 11:11:30,615 [WARNING] Gate left crossed in trial state None while paused
2025-04-15 11:11:30,737 [WARNING] Gate left crossed in trial state None while paused
2025-04-15 11:11:30,737 [WARNING] Gate entrance crossed in trial state None while paused
2025-04-15 11:11:31,478 [WARNING] Gate left crossed in trial state None while paused
2025-04-15 11:11:31,478 [WARNING] Gate entrance crossed in trial state None while paused
2025-04-15 11:11:31,581 [WARNING] Gate left crossed in trial state None while paused
2025-04-15 11:11:31,582 [WARNING] Gate entrance crossed in trial state None while paused
2025-04-15 11:11:31,611 [WARNING] Gate left crossed in trial state None while paused
2025-04-15 11:11:31,612 [WARNING] Gate entrance crossed in trial state None while paused
2025-04-15 11:11:32,768 [WARNING] Gate left crossed in trial state None while paused
2025-04-15 11:11:32,768 [WARNING] Gate entrance crossed in trial state None while paused
2025-04-15 11:11:32,769 [WARNING] Gate right crossed in trial state None while paused
2025-04-15 11:11:32,826 [WARNING] Gate left crossed in trial state None while paused
2025-04-15 11:11:32,827 [WARNING] Gate entrance crossed in trial state None while paused
2025-04-15 11:11:32,897 [WARNING] Gate left crossed in trial state None while paused
2025-04-15 11:11:33,036 [WARNING] Gate entrance crossed in trial state None while paused
2025-04-15 11:11:33,128 [WARNING] Gate left crossed in trial state None while paused
2025-04-15 11:11:33,129 [WARNING] Gate entrance crossed in trial state None while paused
2025-04-15 11:11:33,486 [WARNING] Gate right crossed in trial state None while paused
2025-04-15 11:11:33,494 [WARNING] Gate left crossed in trial state None while paused
2025-04-15 11:11:33,495 [WARNING] Gate entrance crossed in trial state None while paused
2025-04-15 11:11:33,625 [WARNING] Gate left crossed in trial state None while paused
2025-04-15 11:11:33,626 [WARNING] Gate entrance crossed in trial state None while paused
2025-04-15 11:11:33,892 [WARNING] Gate left crossed in trial state None while paused
2025-04-15 11:11:33,892 [WARNING] Gate entrance crossed in trial state None while paused
2025-04-15 11:11:33,893 [WARNING] Gate right crossed in trial state None while paused
2025-04-15 11:11:33,937 [WARNING] Gate left crossed in trial state None while paused
2025-04-15 11:11:33,938 [WARNING] Gate entrance crossed in trial state None while paused
2025-04-15 11:11:33,938 [WARNING] Gate right crossed in trial state None while paused
2025-04-15 11:11:33,956 [WARNING] Gate left crossed in trial state None while paused
2025-04-15 11:11:33,957 [WARNING] Gate entrance crossed in trial state None while paused
2025-04-15 11:11:33,957 [WARNING] Gate right crossed in trial state None while paused
2025-04-15 11:11:33,994 [WARNING] Gate left crossed in trial state None while paused
2025-04-15 11:11:33,995 [WARNING] Gate entrance crossed in trial state None while paused
2025-04-15 11:11:33,996 [WARNING] Gate right crossed in trial state None while paused
2025-04-15 11:11:34,020 [WARNING] Gate left crossed in trial state None while paused
2025-04-15 11:11:34,021 [WARNING] Gate entrance crossed in trial state None while paused
2025-04-15 11:11:34,089 [WARNING] Gate left crossed in trial state None while paused
2025-04-15 11:11:34,089 [WARNING] Gate entrance crossed in trial state None while paused
2025-04-15 11:11:36,283 [WARNING] Gate left crossed in trial state None while paused
2025-04-15 11:11:36,283 [WARNING] Gate entrance crossed in trial state None while paused
2025-04-15 11:11:36,501 [WARNING] Gate right crossed in trial state None while paused
2025-04-15 11:11:36,501 [WARNING] Gate left crossed in trial state None while paused
2025-04-15 11:11:36,502 [WARNING] Gate entrance crossed in trial state None while paused
2025-04-15 11:11:36,518 [WARNING] Gate left crossed in trial state None while paused
2025-04-15 11:11:36,518 [WARNING] Gate entrance crossed in trial state None while paused
2025-04-15 11:11:36,519 [WARNING] Gate right crossed in trial state None while paused
2025-04-15 11:11:36,604 [WARNING] Gate left crossed in trial state None while paused
2025-04-15 11:11:36,604 [WARNING] Gate entrance crossed in trial state None while paused
2025-04-15 11:11:36,844 [WARNING] Gate left crossed in trial state None while paused
2025-04-15 11:11:36,844 [WARNING] Gate entrance crossed in trial state None while paused
2025-04-15 11:11:36,845 [WARNING] Gate right crossed in trial state None while paused
2025-04-15 11:11:36,963 [WARNING] Gate right crossed in trial state None while paused
2025-04-15 11:11:36,975 [WARNING] Gate entrance crossed in trial state None while paused
2025-04-15 11:11:36,979 [WARNING] Gate left crossed in trial state None while paused
2025-04-15 11:11:36,989 [WARNING] Gate left crossed in trial state None while paused
2025-04-15 11:11:36,990 [WARNING] Gate entrance crossed in trial state None while paused
2025-04-15 11:11:37,028 [WARNING] Gate left crossed in trial state None while paused
2025-04-15 11:11:37,029 [WARNING] Gate entrance crossed in trial state None while paused
2025-04-15 11:11:37,071 [WARNING] Gate left crossed in trial state None while paused
2025-04-15 11:11:37,071 [WARNING] Gate entrance crossed in trial state None while paused
2025-04-15 11:11:37,072 [WARNING] Gate right crossed in trial state None while paused
2025-04-15 11:11:37,092 [WARNING] Gate left crossed in trial state None while paused
2025-04-15 11:11:37,092 [WARNING] Gate entrance crossed in trial state None while paused
2025-04-15 11:11:37,184 [WARNING] Gate left crossed in trial state None while paused
2025-04-15 11:11:37,185 [WARNING] Gate entrance crossed in trial state None while paused
2025-04-15 11:11:37,185 [WARNING] Gate right crossed in trial state None while paused
2025-04-15 11:11:37,208 [WARNING] Gate left crossed in trial state None while paused
2025-04-15 11:11:37,289 [WARNING] Gate right crossed in trial state None while paused
2025-04-15 11:11:37,289 [WARNING] Gate left crossed in trial state None while paused
2025-04-15 11:11:37,290 [WARNING] Gate entrance crossed in trial state None while paused
2025-04-15 11:11:37,362 [WARNING] Gate entrance crossed in trial state None while paused
2025-04-15 11:11:37,363 [WARNING] Gate left crossed in trial state None while paused
2025-04-15 11:11:37,383 [WARNING] Gate left crossed in trial state None while paused
2025-04-15 11:11:37,383 [WARNING] Gate entrance crossed in trial state None while paused
2025-04-15 11:11:37,939 [WARNING] Gate left crossed in trial state None while paused
2025-04-15 11:11:37,940 [WARNING] Gate entrance crossed in trial state None while paused
2025-04-15 11:11:38,780 [WARNING] Gate left crossed in trial state None while paused
2025-04-15 11:11:38,780 [WARNING] Gate entrance crossed in trial state None while paused
2025-04-15 11:11:38,889 [WARNING] Gate left crossed in trial state None while paused
2025-04-15 11:11:39,024 [WARNING] Gate left crossed in trial state None while paused
2025-04-15 11:11:39,025 [WARNING] Gate entrance crossed in trial state None while paused
2025-04-15 11:11:39,036 [WARNING] Gate left crossed in trial state None while paused
2025-04-15 11:11:39,036 [WARNING] Gate entrance crossed in trial state None while paused
2025-04-15 11:11:39,037 [WARNING] Gate right crossed in trial state None while paused
2025-04-15 11:11:39,177 [WARNING] Gate left crossed in trial state None while paused
2025-04-15 11:11:39,177 [WARNING] Gate entrance crossed in trial state None while paused
2025-04-15 11:11:39,178 [WARNING] Gate right crossed in trial state None while paused
2025-04-15 11:11:39,188 [WARNING] Gate left crossed in trial state None while paused
2025-04-15 11:11:39,188 [WARNING] Gate entrance crossed in trial state None while paused
2025-04-15 11:11:39,188 [WARNING] Gate right crossed in trial state None while paused
2025-04-15 11:11:39,198 [WARNING] Gate left crossed in trial state None while paused
2025-04-15 11:11:39,199 [WARNING] Gate entrance crossed in trial state None while paused
2025-04-15 11:11:39,199 [WARNING] Gate right crossed in trial state None while paused
2025-04-15 11:11:39,476 [WARNING] Gate left crossed in trial state None while paused
2025-04-15 11:11:39,477 [WARNING] Gate entrance crossed in trial state None while paused
2025-04-15 11:11:39,477 [WARNING] Gate right crossed in trial state None while paused
2025-04-15 11:11:39,509 [WARNING] Gate left crossed in trial state None while paused
2025-04-15 11:11:39,510 [WARNING] Gate entrance crossed in trial state None while paused
2025-04-15 11:11:39,511 [WARNING] Gate right crossed in trial state None while paused
2025-04-15 11:11:39,707 [WARNING] Gate left crossed in trial state None while paused
2025-04-15 11:11:39,774 [WARNING] Gate left crossed in trial state None while paused
2025-04-15 11:11:39,775 [WARNING] Gate entrance crossed in trial state None while paused
2025-04-15 11:11:39,775 [WARNING] Gate right crossed in trial state None while paused
2025-04-15 11:11:41,278 [WARNING] Gate entrance crossed in trial state None while paused
2025-04-15 11:11:41,575 [WARNING] Gate left crossed in trial state None while paused
2025-04-15 11:11:41,575 [WARNING] Gate entrance crossed in trial state None while paused
2025-04-15 11:11:42,913 [WARNING] Gate left crossed in trial state None while paused
2025-04-15 11:11:42,913 [WARNING] Gate entrance crossed in trial state None while paused
2025-04-15 11:11:46,876 [WARNING] Gate left crossed in trial state None while paused
2025-04-15 11:11:46,876 [WARNING] Gate right crossed in trial state None while paused
2025-04-15 11:11:46,878 [WARNING] Gate entrance crossed in trial state None while paused
2025-04-15 11:12:02,880 [WARNING] Gate left crossed in trial state None while paused
2025-04-15 11:12:06,054 [WARNING] Gate left crossed in trial state None while paused
2025-04-15 11:12:06,076 [WARNING] Gate left crossed in trial state None while paused
2025-04-15 11:12:06,097 [WARNING] Gate left crossed in trial state None while paused
2025-04-15 11:12:06,124 [WARNING] Gate left crossed in trial state None while paused
2025-04-15 11:12:06,153 [WARNING] Gate left crossed in trial state None while paused
2025-04-15 11:12:06,188 [WARNING] Gate left crossed in trial state None while paused
2025-04-15 11:12:06,223 [WARNING] Gate left crossed in trial state None while paused
2025-04-15 11:12:06,251 [WARNING] Gate left crossed in trial state None while paused
2025-04-15 11:12:06,275 [WARNING] Gate left crossed in trial state None while paused
2025-04-15 11:12:06,314 [WARNING] Gate left crossed in trial state None while paused
2025-04-15 11:12:06,354 [WARNING] Gate left crossed in trial state None while paused
2025-04-15 11:12:06,377 [WARNING] Gate left crossed in trial state None while paused
2025-04-15 11:12:06,393 [WARNING] Gate left crossed in trial state None while paused
2025-04-15 11:12:06,417 [WARNING] Gate left crossed in trial state None while paused
2025-04-15 11:12:07,704 [WARNING] Gate left crossed in trial state None while paused
2025-04-15 11:12:09,880 [WARNING] Gate left crossed in trial state None while paused
2025-04-15 11:12:33,793 [WARNING] Gate left crossed in trial state None while paused
2025-04-15 11:12:33,816 [WARNING] Gate left crossed in trial state None while paused
2025-04-15 11:12:33,817 [WARNING] Gate entrance crossed in trial state None while paused
2025-04-15 11:12:33,886 [WARNING] Gate right crossed in trial state None while paused
2025-04-15 11:12:33,904 [WARNING] Gate left crossed in trial state None while paused
2025-04-15 11:12:33,904 [WARNING] Gate entrance crossed in trial state None while paused
2025-04-15 11:12:33,944 [WARNING] Gate left crossed in trial state None while paused
2025-04-15 11:12:33,944 [WARNING] Gate entrance crossed in trial state None while paused
2025-04-15 11:12:33,962 [WARNING] Gate entrance crossed in trial state None while paused
2025-04-15 11:12:34,031 [WARNING] Gate right crossed in trial state None while paused
2025-04-15 11:12:34,038 [WARNING] Gate left crossed in trial state None while paused
2025-04-15 11:12:34,044 [WARNING] Gate entrance crossed in trial state None while paused
2025-04-15 11:12:34,084 [WARNING] Gate entrance crossed in trial state None while paused
2025-04-15 11:12:34,125 [WARNING] Gate entrance crossed in trial state None while paused
2025-04-15 11:12:34,145 [WARNING] Gate entrance crossed in trial state None while paused
2025-04-15 11:12:34,172 [WARNING] Gate left crossed in trial state None while paused
2025-04-15 11:12:34,224 [WARNING] Gate left crossed in trial state None while paused
2025-04-15 11:12:34,243 [WARNING] Gate entrance crossed in trial state None while paused
2025-04-15 11:12:34,250 [WARNING] Gate left crossed in trial state None while paused
2025-04-15 11:12:34,268 [WARNING] Gate entrance crossed in trial state None while paused
2025-04-15 11:12:34,291 [WARNING] Gate left crossed in trial state None while paused
2025-04-15 11:12:34,292 [WARNING] Gate entrance crossed in trial state None while paused
2025-04-15 11:12:34,506 [WARNING] Gate entrance crossed in trial state None while paused
2025-04-15 11:12:34,515 [WARNING] Gate left crossed in trial state None while paused
2025-04-15 11:12:34,531 [WARNING] Gate left crossed in trial state None while paused
2025-04-15 11:12:34,533 [WARNING] Gate entrance crossed in trial state None while paused
2025-04-15 11:12:35,062 [WARNING] Gate left crossed in trial state None while paused
2025-04-15 11:12:35,062 [WARNING] Gate entrance crossed in trial state None while paused
2025-04-15 11:12:35,063 [WARNING] Gate right crossed in trial state None while paused
2025-04-15 11:12:35,603 [WARNING] Gate left crossed in trial state None while paused
2025-04-15 11:12:35,604 [WARNING] Gate entrance crossed in trial state None while paused
2025-04-15 11:12:35,604 [WARNING] Gate right crossed in trial state None while paused
2025-04-15 11:12:36,176 [WARNING] Gate left crossed in trial state None while paused
2025-04-15 11:12:36,201 [WARNING] Gate left crossed in trial state None while paused
2025-04-15 11:12:36,202 [WARNING] Gate right crossed in trial state None while paused
2025-04-15 11:12:36,202 [WARNING] Gate entrance crossed in trial state None while paused
2025-04-15 11:12:36,277 [WARNING] Gate left crossed in trial state None while paused
2025-04-15 11:12:36,277 [WARNING] Gate entrance crossed in trial state None while paused
2025-04-15 11:12:36,760 [WARNING] Gate left crossed in trial state None while paused
2025-04-15 11:12:36,761 [WARNING] Gate entrance crossed in trial state None while paused
2025-04-15 11:12:37,598 [WARNING] Gate left crossed in trial state None while paused
2025-04-15 11:12:37,598 [WARNING] Gate entrance crossed in trial state None while paused
2025-04-15 11:12:38,530 [WARNING] Gate left crossed in trial state None while paused
2025-04-15 11:12:38,530 [WARNING] Gate right crossed in trial state None while paused
2025-04-15 11:12:38,530 [WARNING] Gate entrance crossed in trial state None while paused
2025-04-15 11:12:38,843 [WARNING] Gate left crossed in trial state None while paused
2025-04-15 11:12:38,843 [WARNING] Gate right crossed in trial state None while paused
2025-04-15 11:12:38,844 [WARNING] Gate entrance crossed in trial state None while paused
2025-04-15 11:12:43,126 [WARNING] Gate left crossed in trial state None while paused
2025-04-15 11:12:43,126 [WARNING] Gate right crossed in trial state None while paused
2025-04-15 11:12:43,131 [WARNING] Gate entrance crossed in trial state None while paused
2025-04-15 11:12:43,229 [WARNING] Gate left crossed in trial state None while paused
2025-04-15 11:12:43,229 [WARNING] Gate entrance crossed in trial state None while paused
2025-04-15 11:12:43,310 [WARNING] Gate entrance crossed in trial state None while paused
2025-04-15 11:12:43,340 [WARNING] Gate right crossed in trial state None while paused
2025-04-15 11:12:43,359 [WARNING] Gate left crossed in trial state None while paused
2025-04-15 11:12:43,378 [WARNING] Gate entrance crossed in trial state None while paused
2025-04-15 11:12:43,379 [WARNING] Gate left crossed in trial state None while paused
2025-04-15 11:12:43,388 [WARNING] Gate right crossed in trial state None while paused
2025-04-15 11:12:43,390 [WARNING] Gate left crossed in trial state None while paused
2025-04-15 11:12:43,391 [WARNING] Gate entrance crossed in trial state None while paused
2025-04-15 11:12:43,421 [WARNING] Gate entrance crossed in trial state None while paused
2025-04-15 11:12:43,551 [WARNING] Gate entrance crossed in trial state None while paused
2025-04-15 11:12:43,575 [WARNING] Gate left crossed in trial state None while paused
2025-04-15 11:12:43,931 [WARNING] Gate entrance crossed in trial state None while paused
2025-04-15 11:12:43,945 [WARNING] Gate entrance crossed in trial state None while paused
2025-04-15 11:12:43,968 [WARNING] Gate left crossed in trial state None while paused
2025-04-15 11:12:43,970 [WARNING] Gate entrance crossed in trial state None while paused
2025-04-15 11:12:44,030 [WARNING] Gate entrance crossed in trial state None while paused
2025-04-15 11:12:44,045 [WARNING] Gate left crossed in trial state None while paused
2025-04-15 11:12:44,050 [WARNING] Gate entrance crossed in trial state None while paused
2025-04-15 11:12:44,062 [WARNING] Gate left crossed in trial state None while paused
2025-04-15 11:12:45,981 [WARNING] Gate left crossed in trial state None while paused
2025-04-15 11:12:45,981 [WARNING] Gate entrance crossed in trial state None while paused
2025-04-15 11:12:46,149 [WARNING] Gate entrance crossed in trial state None while paused
2025-04-15 11:12:56,542 [WARNING] Gate entrance crossed in trial state None while paused
2025-04-15 11:12:56,748 [WARNING] Gate entrance crossed in trial state None while paused
2025-04-15 11:12:56,953 [WARNING] Gate entrance crossed in trial state None while paused
2025-04-15 11:12:57,159 [WARNING] Gate entrance crossed in trial state None while paused
2025-04-15 11:12:57,364 [WARNING] Gate entrance crossed in trial state None while paused
2025-04-15 11:12:57,569 [WARNING] Gate entrance crossed in trial state None while paused
2025-04-15 11:12:57,775 [WARNING] Gate entrance crossed in trial state None while paused
2025-04-15 11:13:02,207 [WARNING] Gate right crossed in trial state None while paused
2025-04-15 11:13:04,140 [WARNING] Gate entrance crossed in trial state None while paused
2025-04-15 11:13:04,346 [WARNING] Gate entrance crossed in trial state None while paused
2025-04-15 11:13:04,962 [WARNING] Gate entrance crossed in trial state None while paused
2025-04-15 11:13:05,167 [WARNING] Gate entrance crossed in trial state None while paused
2025-04-15 11:13:05,372 [WARNING] Gate entrance crossed in trial state None while paused
2025-04-15 11:13:05,578 [WARNING] Gate entrance crossed in trial state None while paused
2025-04-15 11:13:05,783 [WARNING] Gate entrance crossed in trial state None while paused
2025-04-15 11:13:05,986 [WARNING] Gate entrance crossed in trial state None while paused
2025-04-15 11:13:24,999 [WARNING] Gate left crossed in trial state None while paused
2025-04-15 11:13:26,774 [WARNING] Gate left crossed in trial state None while paused
2025-04-15 11:13:26,915 [WARNING] Gate left crossed in trial state None while paused
2025-04-15 11:13:27,582 [WARNING] Gate left crossed in trial state None while paused
2025-04-15 11:13:28,146 [WARNING] Gate left crossed in trial state None while paused
2025-04-15 11:13:28,255 [WARNING] Gate left crossed in trial state None while paused
2025-04-15 11:13:28,277 [WARNING] Gate left crossed in trial state None while paused
2025-04-15 11:13:28,422 [WARNING] Gate left crossed in trial state None while paused
2025-04-15 11:13:28,793 [WARNING] Gate left crossed in trial state None while paused
2025-04-15 11:13:28,830 [WARNING] Gate left crossed in trial state None while paused
2025-04-15 11:13:28,994 [WARNING] Gate left crossed in trial state None while paused
2025-04-15 11:13:29,016 [WARNING] Gate left crossed in trial state None while paused
2025-04-15 11:13:29,926 [WARNING] Gate left crossed in trial state None while paused
2025-04-15 11:13:32,287 [WARNING] Gate left crossed in trial state None while paused
2025-04-15 11:13:32,333 [WARNING] Gate left crossed in trial state None while paused
2025-04-15 11:13:32,513 [WARNING] Gate left crossed in trial state None while paused
2025-04-15 11:13:33,324 [WARNING] Gate left crossed in trial state None while paused
2025-04-15 11:13:33,390 [WARNING] Gate left crossed in trial state None while paused
2025-04-15 11:13:34,127 [WARNING] Gate left crossed in trial state None while paused
2025-04-15 11:13:35,695 [WARNING] Gate left crossed in trial state None while paused
2025-04-15 11:13:35,709 [WARNING] Gate left crossed in trial state None while paused
2025-04-15 11:13:35,725 [WARNING] Gate left crossed in trial state None while paused
2025-04-15 11:13:35,746 [WARNING] Gate left crossed in trial state None while paused
2025-04-15 11:13:35,985 [WARNING] Gate left crossed in trial state None while paused
2025-04-15 11:13:36,122 [WARNING] Gate left crossed in trial state None while paused
2025-04-15 11:13:36,174 [WARNING] Gate left crossed in trial state None while paused
2025-04-15 11:13:36,571 [WARNING] Gate left crossed in trial state None while paused
2025-04-15 11:13:36,586 [WARNING] Gate left crossed in trial state None while paused
2025-04-15 11:13:36,599 [WARNING] Gate left crossed in trial state None while paused
2025-04-15 11:13:37,607 [WARNING] Gate left crossed in trial state None while paused
2025-04-15 11:13:37,628 [WARNING] Gate left crossed in trial state None while paused
2025-04-15 11:13:37,663 [WARNING] Gate left crossed in trial state None while paused
2025-04-15 11:13:37,700 [WARNING] Gate left crossed in trial state None while paused
2025-04-15 11:13:37,720 [WARNING] Gate left crossed in trial state None while paused
2025-04-15 11:13:37,767 [WARNING] Gate entrance crossed in trial state None while paused
2025-04-15 11:13:39,966 [WARNING] Gate left crossed in trial state None while paused
2025-04-15 11:13:40,071 [WARNING] Gate left crossed in trial state None while paused
2025-04-15 11:13:40,085 [WARNING] Gate left crossed in trial state None while paused
2025-04-15 11:13:40,097 [WARNING] Gate left crossed in trial state None while paused
2025-04-15 11:13:40,117 [WARNING] Gate left crossed in trial state None while paused
2025-04-15 11:13:42,723 [WARNING] Gate left crossed in trial state None while paused
2025-04-15 11:13:54,998 [WARNING] Gate left crossed in trial state None while paused
2025-04-15 11:13:55,940 [WARNING] Gate left crossed in trial state None while paused
2025-04-15 11:13:55,961 [WARNING] Gate left crossed in trial state None while paused
2025-04-15 11:13:55,983 [WARNING] Gate left crossed in trial state None while paused
2025-04-15 11:13:55,994 [WARNING] Gate left crossed in trial state None while paused
2025-04-15 11:13:56,005 [WARNING] Gate left crossed in trial state None while paused
2025-04-15 11:13:56,039 [WARNING] Gate left crossed in trial state None while paused
2025-04-15 11:13:56,069 [WARNING] Gate left crossed in trial state None while paused
2025-04-15 11:13:56,103 [WARNING] Gate left crossed in trial state None while paused
2025-04-15 11:13:56,114 [WARNING] Gate left crossed in trial state None while paused
2025-04-15 11:13:56,125 [WARNING] Gate left crossed in trial state None while paused
2025-04-15 11:13:56,162 [WARNING] Gate left crossed in trial state None while paused
2025-04-15 11:13:56,193 [WARNING] Gate left crossed in trial state None while paused
2025-04-15 11:13:56,223 [WARNING] Gate left crossed in trial state None while paused
2025-04-15 11:13:56,255 [WARNING] Gate left crossed in trial state None while paused
2025-04-15 11:13:56,285 [WARNING] Gate left crossed in trial state None while paused
2025-04-15 11:13:56,316 [WARNING] Gate left crossed in trial state None while paused
2025-04-15 11:13:56,744 [WARNING] Gate left crossed in trial state None while paused
2025-04-15 11:13:57,796 [WARNING] Gate left crossed in trial state None while paused
2025-04-15 11:14:07,237 [WARNING] Gate left crossed in trial state None while paused
2025-04-15 11:14:07,631 [WARNING] Gate left crossed in trial state None while paused
2025-04-15 11:14:07,643 [WARNING] Gate left crossed in trial state None while paused
2025-04-15 11:14:07,659 [WARNING] Gate left crossed in trial state None while paused
2025-04-15 11:14:08,944 [WARNING] Gate left crossed in trial state None while paused
2025-04-15 11:14:08,971 [WARNING] Gate left crossed in trial state None while paused
2025-04-15 11:14:09,015 [WARNING] Gate left crossed in trial state None while paused
2025-04-15 11:14:24,738 [WARNING] Gate left crossed in trial state None while paused
2025-04-15 11:14:24,738 [WARNING] Gate entrance crossed in trial state None while paused
2025-04-15 11:14:24,739 [WARNING] Gate right crossed in trial state None while paused
2025-04-15 11:14:24,753 [WARNING] Gate left crossed in trial state None while paused
2025-04-15 11:14:24,753 [WARNING] Gate right crossed in trial state None while paused
2025-04-15 11:14:24,753 [WARNING] Gate entrance crossed in trial state None while paused
2025-04-15 11:14:25,287 [WARNING] Gate left crossed in trial state None while paused
2025-04-15 11:14:25,288 [WARNING] Gate entrance crossed in trial state None while paused
2025-04-15 11:14:25,288 [WARNING] Gate right crossed in trial state None while paused
2025-04-15 11:14:25,384 [WARNING] Gate left crossed in trial state None while paused
2025-04-15 11:14:25,385 [WARNING] Gate entrance crossed in trial state None while paused
2025-04-15 11:14:25,385 [WARNING] Gate right crossed in trial state None while paused
2025-04-15 11:14:25,433 [WARNING] Gate left crossed in trial state None while paused
2025-04-15 11:14:25,434 [WARNING] Gate right crossed in trial state None while paused
2025-04-15 11:14:25,434 [WARNING] Gate entrance crossed in trial state None while paused
2025-04-15 11:14:25,544 [WARNING] Gate left crossed in trial state None while paused
2025-04-15 11:14:25,545 [WARNING] Gate entrance crossed in trial state None while paused
2025-04-15 11:14:25,545 [WARNING] Gate right crossed in trial state None while paused
2025-04-15 11:14:25,704 [WARNING] Gate entrance crossed in trial state None while paused
2025-04-15 11:14:25,924 [WARNING] Gate left crossed in trial state None while paused
2025-04-15 11:14:25,925 [WARNING] Gate entrance crossed in trial state None while paused
2025-04-15 11:14:25,925 [WARNING] Gate right crossed in trial state None while paused
2025-04-15 11:14:26,403 [WARNING] Gate left crossed in trial state None while paused
2025-04-15 11:14:26,403 [WARNING] Gate entrance crossed in trial state None while paused
2025-04-15 11:14:26,420 [WARNING] Gate entrance crossed in trial state None while paused
2025-04-15 11:14:26,940 [WARNING] Gate left crossed in trial state None while paused
2025-04-15 11:14:26,941 [WARNING] Gate entrance crossed in trial state None while paused
2025-04-15 11:14:28,441 [WARNING] Gate left crossed in trial state None while paused
2025-04-15 11:14:28,442 [WARNING] Gate entrance crossed in trial state None while paused
2025-04-15 11:14:28,442 [WARNING] Gate right crossed in trial state None while paused
2025-04-15 11:14:28,643 [WARNING] Gate left crossed in trial state None while paused
2025-04-15 11:14:28,644 [WARNING] Gate entrance crossed in trial state None while paused
2025-04-15 11:14:28,645 [WARNING] Gate right crossed in trial state None while paused
2025-04-15 11:14:29,262 [WARNING] Gate entrance crossed in trial state None while paused
2025-04-15 11:14:37,194 [WARNING] Gate left crossed in trial state None while paused
2025-04-15 11:14:37,194 [WARNING] Gate entrance crossed in trial state None while paused
2025-04-15 11:14:37,195 [WARNING] Gate right crossed in trial state None while paused
2025-04-15 11:14:37,274 [WARNING] Gate left crossed in trial state None while paused
2025-04-15 11:14:37,274 [WARNING] Gate right crossed in trial state None while paused
2025-04-15 11:14:37,275 [WARNING] Gate entrance crossed in trial state None while paused
2025-04-15 11:14:37,368 [WARNING] Gate left crossed in trial state None while paused
2025-04-15 11:14:37,368 [WARNING] Gate entrance crossed in trial state None while paused
2025-04-15 11:14:37,369 [WARNING] Gate right crossed in trial state None while paused
2025-04-15 11:14:37,454 [WARNING] Gate entrance crossed in trial state None while paused
2025-04-15 11:14:37,611 [WARNING] Gate right crossed in trial state None while paused
2025-04-15 11:14:37,617 [WARNING] Gate left crossed in trial state None while paused
2025-04-15 11:14:37,618 [WARNING] Gate entrance crossed in trial state None while paused
2025-04-15 11:14:37,643 [WARNING] Gate left crossed in trial state None while paused
2025-04-15 11:14:37,643 [WARNING] Gate entrance crossed in trial state None while paused
2025-04-15 11:14:37,644 [WARNING] Gate right crossed in trial state None while paused
2025-04-15 11:14:37,883 [WARNING] Gate left crossed in trial state None while paused
2025-04-15 11:14:37,884 [WARNING] Gate entrance crossed in trial state None while paused
2025-04-15 11:14:37,884 [WARNING] Gate right crossed in trial state None while paused
2025-04-15 11:14:38,083 [WARNING] Gate left crossed in trial state None while paused
2025-04-15 11:14:38,083 [WARNING] Gate entrance crossed in trial state None while paused
2025-04-15 11:14:38,331 [WARNING] Gate entrance crossed in trial state None while paused
2025-04-15 11:14:38,344 [WARNING] Gate left crossed in trial state None while paused
2025-04-15 11:14:38,344 [WARNING] Gate right crossed in trial state None while paused
2025-04-15 11:14:38,350 [WARNING] Gate entrance crossed in trial state None while paused
2025-04-15 11:14:38,455 [WARNING] Gate left crossed in trial state None while paused
2025-04-15 11:14:38,456 [WARNING] Gate entrance crossed in trial state None while paused
2025-04-15 11:14:38,456 [WARNING] Gate right crossed in trial state None while paused
2025-04-15 11:14:38,555 [WARNING] Gate left crossed in trial state None while paused
2025-04-15 11:14:38,556 [WARNING] Gate entrance crossed in trial state None while paused
2025-04-15 11:14:38,711 [WARNING] Gate entrance crossed in trial state None while paused
2025-04-15 11:14:38,752 [WARNING] Gate entrance crossed in trial state None while paused
2025-04-15 11:14:38,932 [WARNING] Gate left crossed in trial state None while paused
2025-04-15 11:14:38,933 [WARNING] Gate entrance crossed in trial state None while paused
2025-04-15 11:14:38,933 [WARNING] Gate right crossed in trial state None while paused
2025-04-15 11:14:39,082 [WARNING] Gate left crossed in trial state None while paused
2025-04-15 11:14:39,082 [WARNING] Gate right crossed in trial state None while paused
2025-04-15 11:14:39,089 [WARNING] Gate entrance crossed in trial state None while paused
2025-04-15 11:14:39,104 [WARNING] Gate left crossed in trial state None while paused
2025-04-15 11:14:39,104 [WARNING] Gate entrance crossed in trial state None while paused
2025-04-15 11:14:39,105 [WARNING] Gate right crossed in trial state None while paused
2025-04-15 11:14:39,115 [WARNING] Gate left crossed in trial state None while paused
2025-04-15 11:14:39,116 [WARNING] Gate entrance crossed in trial state None while paused
2025-04-15 11:14:39,116 [WARNING] Gate right crossed in trial state None while paused
2025-04-15 11:14:39,356 [WARNING] Gate left crossed in trial state None while paused
2025-04-15 11:14:39,357 [WARNING] Gate entrance crossed in trial state None while paused
2025-04-15 11:14:39,357 [WARNING] Gate right crossed in trial state None while paused
2025-04-15 11:14:40,510 [WARNING] Gate left crossed in trial state None while paused
2025-04-15 11:14:40,510 [WARNING] Gate entrance crossed in trial state None while paused
2025-04-15 11:14:40,510 [WARNING] Gate right crossed in trial state None while paused
2025-04-15 11:14:42,860 [WARNING] Gate entrance crossed in trial state None while paused
2025-04-15 11:14:42,940 [WARNING] Gate entrance crossed in trial state None while paused
2025-04-15 11:15:08,163 [WARNING] Gate left crossed in trial state None while paused
2025-04-15 11:15:08,368 [WARNING] Gate left crossed in trial state None while paused
2025-04-15 11:15:08,573 [WARNING] Gate left crossed in trial state None while paused
2025-04-15 11:15:08,779 [WARNING] Gate left crossed in trial state None while paused
2025-04-15 11:15:08,984 [WARNING] Gate left crossed in trial state None while paused
2025-04-15 11:15:09,189 [WARNING] Gate left crossed in trial state None while paused
2025-04-15 11:15:09,395 [WARNING] Gate left crossed in trial state None while paused
2025-04-15 11:15:09,600 [WARNING] Gate left crossed in trial state None while paused
2025-04-15 11:15:09,805 [WARNING] Gate left crossed in trial state None while paused
2025-04-15 11:15:18,116 [WARNING] Gate left crossed in trial state None while paused
2025-04-15 11:15:18,322 [WARNING] Gate left crossed in trial state None while paused
2025-04-15 11:15:18,527 [WARNING] Gate left crossed in trial state None while paused
2025-04-15 11:15:18,732 [WARNING] Gate left crossed in trial state None while paused
2025-04-15 11:15:18,937 [WARNING] Gate left crossed in trial state None while paused
2025-04-15 11:15:19,143 [WARNING] Gate left crossed in trial state None while paused
2025-04-15 11:15:19,348 [WARNING] Gate left crossed in trial state None while paused
2025-04-15 11:15:19,553 [WARNING] Gate left crossed in trial state None while paused
2025-04-15 11:15:19,759 [WARNING] Gate left crossed in trial state None while paused
2025-04-15 11:15:19,964 [WARNING] Gate left crossed in trial state None while paused
2025-04-15 11:15:20,743 [WARNING] Gate right crossed in trial state None while paused
2025-04-15 11:15:20,799 [WARNING] Gate right crossed in trial state None while paused
2025-04-15 11:15:20,892 [WARNING] Gate right crossed in trial state None while paused
2025-04-15 11:15:21,224 [WARNING] Gate right crossed in trial state None while paused
2025-04-15 11:24:35,978 [WARNING] Gate right crossed in trial state None while paused
2025-04-15 11:24:36,033 [WARNING] Gate right crossed in trial state None while paused
2025-04-15 11:24:36,108 [WARNING] Gate right crossed in trial state None while paused
2025-04-15 11:24:36,368 [WARNING] Gate right crossed in trial state None while paused
2025-04-15 11:24:36,495 [WARNING] Gate right crossed in trial state None while paused
2025-04-15 11:24:36,578 [WARNING] Gate right crossed in trial state None while paused
2025-04-15 11:24:36,624 [WARNING] Gate right crossed in trial state None while paused
2025-04-15 11:24:36,924 [WARNING] Gate right crossed in trial state None while paused
2025-04-15 11:24:36,978 [WARNING] Gate right crossed in trial state None while paused
2025-04-15 11:24:37,105 [WARNING] Gate right crossed in trial state None while paused
2025-04-15 11:24:37,201 [WARNING] Gate right crossed in trial state None while paused
2025-04-15 11:32:32,818 [WARNING] Gate left crossed in trial state None while paused
2025-04-15 11:32:33,023 [WARNING] Gate left crossed in trial state None while paused
2025-04-15 11:32:33,228 [WARNING] Gate left crossed in trial state None while paused
2025-04-15 11:32:33,434 [WARNING] Gate left crossed in trial state None while paused
2025-04-15 11:33:02,980 [WARNING] Program exiting before starting
2025-04-15 11:33:02,981 [INFO] Data file closed
2025-04-15 11:33:02,982 [INFO] Mainloop exited
2025-04-15 11:33:02,983 [INFO] Program exited successfully- goodbye!
