2025-04-01 08:39:16,488 [INFO] Program started
2025-04-01 08:39:16,488 [INFO] Experiment Trials List: {1: {'trial_id': 1, 'left_bg': 'light', 'right_bg': 'dark', 'left_fg': 'white', 'right_fg': 'white'}, 2: {'trial_id': 2, 'left_bg': 'dark', 'right_bg': 'light', 'left_fg': 'white', 'right_fg': 'white'}, 3: {'trial_id': 3, 'left_bg': 'light', 'right_bg': 'dark', 'left_fg': 'black', 'right_fg': 'black'}, 4: {'trial_id': 4, 'left_bg': 'dark', 'right_bg': 'light', 'left_fg': 'black', 'right_fg': 'black'}, 5: {'trial_id': 5, 'left_bg': 'light', 'right_bg': 'light', 'left_fg': 'white', 'right_fg': 'black'}, 6: {'trial_id': 6, 'left_bg': 'dark', 'right_bg': 'dark', 'left_fg': 'white', 'right_fg': 'black'}, 7: {'trial_id': 7, 'left_bg': 'light', 'right_bg': 'light', 'left_fg': 'black', 'right_fg': 'white'}, 8: {'trial_id': 8, 'left_bg': 'dark', 'right_bg': 'dark', 'left_fg': 'black', 'right_fg': 'white'}}
2025-04-01 08:39:16,488 [INFO] Set experiment constants
2025-04-01 08:39:16,819 [INFO] Set display screen
2025-04-01 08:39:16,820 [INFO] Data writer open at file: /home/pi/Documents/masters-Electronics/data/20250401.csv
2025-04-01 08:39:16,821 [INFO] Set data writer
2025-04-01 08:39:16,825 [INFO] Set GPIO pins
2025-04-01 08:39:16,825 [INFO] Set keybinds
2025-04-01 08:39:16,826 [INFO] Gate all reset
2025-04-01 08:39:16,826 [INFO] Program paused
2025-04-01 08:39:16,826 [INFO] Set up of obstacle positioning
2025-04-01 08:39:16,827 [INFO] Setup complete
2025-04-01 08:39:16,827 [INFO] Waiting for obstacle setup to be completed
2025-04-01 08:39:26,617 [WARNING] Gate right crossed in trial state None while paused
2025-04-01 08:39:28,593 [WARNING] Gate right crossed in trial state None while paused
2025-04-01 08:39:32,533 [WARNING] Gate left crossed in trial state None while paused
2025-04-01 08:39:33,552 [WARNING] Gate left crossed in trial state None while paused
2025-04-01 08:39:34,023 [WARNING] Gate left crossed in trial state None while paused
2025-04-01 08:39:44,645 [WARNING] Gate left crossed in trial state None while paused
2025-04-01 08:39:45,179 [WARNING] Gate left crossed in trial state None while paused
2025-04-01 08:40:23,830 [WARNING] Gate left crossed in trial state None while paused
2025-04-01 08:40:24,036 [WARNING] Gate left crossed in trial state None while paused
2025-04-01 08:40:24,242 [WARNING] Gate left crossed in trial state None while paused
2025-04-01 08:40:24,447 [WARNING] Gate left crossed in trial state None while paused
2025-04-01 08:40:24,652 [WARNING] Gate left crossed in trial state None while paused
2025-04-01 08:40:24,858 [WARNING] Gate left crossed in trial state None while paused
2025-04-01 08:40:25,063 [WARNING] Gate left crossed in trial state None while paused
2025-04-01 08:40:25,268 [WARNING] Gate left crossed in trial state None while paused
2025-04-01 08:40:25,474 [WARNING] Gate left crossed in trial state None while paused
2025-04-01 08:40:25,679 [WARNING] Gate left crossed in trial state None while paused
2025-04-01 08:40:25,885 [WARNING] Gate left crossed in trial state None while paused
2025-04-01 08:40:26,090 [WARNING] Gate left crossed in trial state None while paused
2025-04-01 08:40:26,295 [WARNING] Gate left crossed in trial state None while paused
2025-04-01 08:40:27,322 [WARNING] Gate left crossed in trial state None while paused
2025-04-01 08:40:27,527 [WARNING] Gate left crossed in trial state None while paused
2025-04-01 08:40:27,730 [WARNING] Gate left crossed in trial state None while paused
2025-04-01 08:40:27,935 [WARNING] Gate left crossed in trial state None while paused
2025-04-01 08:40:28,140 [WARNING] Gate left crossed in trial state None while paused
2025-04-01 08:40:28,346 [WARNING] Gate left crossed in trial state None while paused
2025-04-01 08:40:28,551 [WARNING] Gate left crossed in trial state None while paused
2025-04-01 08:40:28,756 [WARNING] Gate left crossed in trial state None while paused
2025-04-01 08:40:28,962 [WARNING] Gate left crossed in trial state None while paused
2025-04-01 08:40:29,167 [WARNING] Gate left crossed in trial state None while paused
2025-04-01 08:40:29,372 [WARNING] Gate left crossed in trial state None while paused
2025-04-01 08:40:29,578 [WARNING] Gate left crossed in trial state None while paused
2025-04-01 08:40:29,783 [WARNING] Gate left crossed in trial state None while paused
2025-04-01 08:40:29,989 [WARNING] Gate left crossed in trial state None while paused
2025-04-01 08:40:30,194 [WARNING] Gate left crossed in trial state None while paused
2025-04-01 08:40:30,399 [WARNING] Gate left crossed in trial state None while paused
2025-04-01 08:40:30,605 [WARNING] Gate left crossed in trial state None while paused
2025-04-01 08:40:56,167 [WARNING] Gate left crossed in trial state None while paused
2025-04-01 08:40:56,659 [WARNING] Gate left crossed in trial state None while paused
2025-04-01 08:40:58,537 [WARNING] Gate left crossed in trial state None while paused
2025-04-01 08:41:01,779 [WARNING] Gate right crossed in trial state None while paused
2025-04-01 08:41:02,785 [WARNING] Gate right crossed in trial state None while paused
2025-04-01 08:41:40,416 [WARNING] Gate right crossed in trial state None while paused
2025-04-01 08:41:40,624 [WARNING] Gate right crossed in trial state None while paused
2025-04-01 08:41:40,974 [WARNING] Gate right crossed in trial state None while paused
2025-04-01 08:41:41,164 [WARNING] Gate right crossed in trial state None while paused
2025-04-01 08:41:41,487 [WARNING] Gate right crossed in trial state None while paused
2025-04-01 08:41:45,268 [WARNING] Gate left crossed in trial state None while paused
2025-04-01 08:42:14,764 [WARNING] Gate entrance crossed in trial state None while paused
2025-04-01 08:42:18,921 [WARNING] Gate entrance crossed in trial state None while paused
2025-04-01 08:42:19,858 [WARNING] Gate entrance crossed in trial state None while paused
2025-04-01 08:42:20,129 [WARNING] Gate entrance crossed in trial state None while paused
2025-04-01 08:42:20,613 [WARNING] Gate entrance crossed in trial state None while paused
2025-04-01 08:42:21,101 [WARNING] Gate entrance crossed in trial state None while paused
2025-04-01 08:42:21,420 [WARNING] Gate entrance crossed in trial state None while paused
2025-04-01 08:42:21,588 [WARNING] Gate entrance crossed in trial state None while paused
2025-04-01 08:42:21,823 [WARNING] Gate entrance crossed in trial state None while paused
2025-04-01 08:42:21,856 [WARNING] Gate entrance crossed in trial state None while paused
2025-04-01 08:42:22,052 [WARNING] Gate entrance crossed in trial state None while paused
2025-04-01 08:42:22,247 [WARNING] Gate entrance crossed in trial state None while paused
2025-04-01 08:42:22,536 [WARNING] Gate entrance crossed in trial state None while paused
2025-04-01 08:42:22,666 [WARNING] Gate entrance crossed in trial state None while paused
2025-04-01 08:42:22,835 [WARNING] Gate entrance crossed in trial state None while paused
2025-04-01 08:42:22,992 [WARNING] Gate entrance crossed in trial state None while paused
2025-04-01 08:42:23,167 [WARNING] Gate entrance crossed in trial state None while paused
2025-04-01 08:42:23,322 [WARNING] Gate entrance crossed in trial state None while paused
2025-04-01 08:42:23,576 [WARNING] Gate entrance crossed in trial state None while paused
2025-04-01 08:42:23,711 [WARNING] Gate entrance crossed in trial state None while paused
2025-04-01 08:42:23,867 [WARNING] Gate entrance crossed in trial state None while paused
2025-04-01 08:42:24,299 [WARNING] Gate entrance crossed in trial state None while paused
2025-04-01 08:42:24,719 [WARNING] Gate entrance crossed in trial state None while paused
2025-04-01 08:42:25,039 [WARNING] Gate entrance crossed in trial state None while paused
2025-04-01 08:42:25,213 [WARNING] Gate entrance crossed in trial state None while paused
2025-04-01 08:42:25,266 [WARNING] Gate entrance crossed in trial state None while paused
2025-04-01 08:42:25,505 [WARNING] Gate entrance crossed in trial state None while paused
2025-04-01 08:42:26,411 [WARNING] Gate entrance crossed in trial state None while paused
2025-04-01 08:43:11,575 [WARNING] Gate right crossed in trial state None while paused
2025-04-01 08:43:15,219 [WARNING] Gate right crossed in trial state None while paused
2025-04-01 08:43:17,171 [WARNING] Gate right crossed in trial state None while paused
2025-04-01 08:43:39,599 [WARNING] Gate left crossed in trial state None while paused
2025-04-01 08:44:08,774 [WARNING] Gate left crossed in trial state None while paused
2025-04-01 08:44:09,377 [WARNING] Gate left crossed in trial state None while paused
2025-04-01 08:44:21,893 [WARNING] Gate left crossed in trial state None while paused
2025-04-01 08:44:22,954 [WARNING] Gate left crossed in trial state None while paused
2025-04-01 08:44:23,334 [WARNING] Gate left crossed in trial state None while paused
2025-04-01 08:44:23,674 [WARNING] Gate left crossed in trial state None while paused
2025-04-01 08:44:38,789 [WARNING] Gate entrance crossed in trial state None while paused
2025-04-01 08:44:38,994 [WARNING] Gate entrance crossed in trial state None while paused
2025-04-01 08:44:39,200 [WARNING] Gate entrance crossed in trial state None while paused
2025-04-01 08:44:39,405 [WARNING] Gate entrance crossed in trial state None while paused
2025-04-01 08:44:39,610 [WARNING] Gate entrance crossed in trial state None while paused
2025-04-01 08:44:40,024 [WARNING] Gate entrance crossed in trial state None while paused
2025-04-01 08:44:40,226 [WARNING] Gate entrance crossed in trial state None while paused
2025-04-01 08:44:40,432 [WARNING] Gate entrance crossed in trial state None while paused
2025-04-01 08:44:40,637 [WARNING] Gate entrance crossed in trial state None while paused
2025-04-01 08:44:40,842 [WARNING] Gate entrance crossed in trial state None while paused
2025-04-01 08:44:41,048 [WARNING] Gate entrance crossed in trial state None while paused
2025-04-01 08:44:41,253 [WARNING] Gate entrance crossed in trial state None while paused
2025-04-01 08:44:41,462 [WARNING] Gate entrance crossed in trial state None while paused
2025-04-01 08:44:41,667 [WARNING] Gate entrance crossed in trial state None while paused
2025-04-01 08:44:41,869 [WARNING] Gate entrance crossed in trial state None while paused
2025-04-01 08:44:42,074 [WARNING] Gate entrance crossed in trial state None while paused
2025-04-01 08:44:42,280 [WARNING] Gate entrance crossed in trial state None while paused
2025-04-01 08:44:42,485 [WARNING] Gate entrance crossed in trial state None while paused
2025-04-01 08:44:44,541 [WARNING] Gate entrance crossed in trial state None while paused
2025-04-01 08:44:45,568 [WARNING] Gate entrance crossed in trial state None while paused
2025-04-01 08:44:45,773 [WARNING] Gate entrance crossed in trial state None while paused
2025-04-01 08:44:45,984 [WARNING] Gate entrance crossed in trial state None while paused
2025-04-01 08:44:46,184 [WARNING] Gate entrance crossed in trial state None while paused
2025-04-01 08:44:46,393 [WARNING] Gate entrance crossed in trial state None while paused
2025-04-01 08:44:46,623 [WARNING] Gate entrance crossed in trial state None while paused
2025-04-01 08:44:46,878 [WARNING] Gate entrance crossed in trial state None while paused
2025-04-01 08:44:47,030 [WARNING] Gate entrance crossed in trial state None while paused
2025-04-01 08:44:47,231 [WARNING] Gate entrance crossed in trial state None while paused
2025-04-01 08:44:47,432 [WARNING] Gate entrance crossed in trial state None while paused
2025-04-01 08:44:47,675 [WARNING] Gate entrance crossed in trial state None while paused
2025-04-01 08:44:47,888 [WARNING] Gate entrance crossed in trial state None while paused
2025-04-01 08:44:48,042 [WARNING] Gate entrance crossed in trial state None while paused
2025-04-01 08:44:48,237 [WARNING] Gate entrance crossed in trial state None while paused
2025-04-01 08:44:48,443 [WARNING] Gate entrance crossed in trial state None while paused
2025-04-01 08:44:49,055 [WARNING] Gate left crossed in trial state None while paused
2025-04-01 08:44:57,072 [WARNING] Gate left crossed in trial state None while paused
2025-04-01 08:44:58,157 [WARNING] Gate left crossed in trial state None while paused
2025-04-01 08:44:58,576 [WARNING] Gate left crossed in trial state None while paused
2025-04-01 08:44:58,858 [WARNING] Gate left crossed in trial state None while paused
2025-04-01 08:44:59,804 [WARNING] Gate left crossed in trial state None while paused
2025-04-01 08:45:01,121 [WARNING] Gate left crossed in trial state None while paused
2025-04-01 08:45:01,718 [WARNING] Gate left crossed in trial state None while paused
2025-04-01 08:45:02,266 [WARNING] Gate left crossed in trial state None while paused
2025-04-01 08:45:05,002 [WARNING] Gate left crossed in trial state None while paused
2025-04-01 08:45:05,218 [WARNING] Gate left crossed in trial state None while paused
2025-04-01 08:45:49,269 [WARNING] Gate left crossed in trial state None while paused
2025-04-01 08:45:49,305 [WARNING] Gate left crossed in trial state None while paused
2025-04-01 08:46:23,962 [WARNING] Gate left crossed in trial state None while paused
2025-04-01 08:46:24,757 [WARNING] Gate left crossed in trial state None while paused
2025-04-01 08:46:28,163 [WARNING] Gate left crossed in trial state None while paused
2025-04-01 08:46:28,344 [WARNING] Gate left crossed in trial state None while paused
2025-04-01 08:46:28,602 [WARNING] Gate left crossed in trial state None while paused
2025-04-01 08:46:28,802 [WARNING] Gate left crossed in trial state None while paused
2025-04-01 08:46:29,026 [WARNING] Gate left crossed in trial state None while paused
2025-04-01 08:46:29,157 [WARNING] Gate left crossed in trial state None while paused
2025-04-01 08:46:29,185 [WARNING] Gate left crossed in trial state None while paused
2025-04-01 08:46:29,454 [WARNING] Gate left crossed in trial state None while paused
2025-04-01 08:46:29,481 [WARNING] Gate left crossed in trial state None while paused
2025-04-01 08:46:29,721 [WARNING] Gate left crossed in trial state None while paused
2025-04-01 08:46:29,766 [WARNING] Gate left crossed in trial state None while paused
2025-04-01 08:46:29,872 [WARNING] Gate left crossed in trial state None while paused
2025-04-01 08:46:29,883 [WARNING] Gate left crossed in trial state None while paused
2025-04-01 08:46:29,896 [WARNING] Gate left crossed in trial state None while paused
2025-04-01 08:46:29,914 [WARNING] Gate left crossed in trial state None while paused
2025-04-01 08:46:29,948 [WARNING] Gate left crossed in trial state None while paused
2025-04-01 08:46:29,983 [WARNING] Gate left crossed in trial state None while paused
2025-04-01 08:46:30,343 [WARNING] Gate left crossed in trial state None while paused
2025-04-01 08:46:32,165 [WARNING] Gate left crossed in trial state None while paused
2025-04-01 08:46:33,359 [WARNING] Gate left crossed in trial state None while paused
2025-04-01 08:46:33,396 [WARNING] Gate left crossed in trial state None while paused
2025-04-01 08:46:34,416 [WARNING] Gate left crossed in trial state None while paused
2025-04-01 08:46:36,462 [WARNING] Gate left crossed in trial state None while paused
2025-04-01 08:46:37,508 [WARNING] Gate left crossed in trial state None while paused
2025-04-01 08:46:38,563 [WARNING] Gate left crossed in trial state None while paused
2025-04-01 08:46:40,959 [WARNING] Gate left crossed in trial state None while paused
2025-04-01 08:46:43,921 [WARNING] Gate right crossed in trial state None while paused
2025-04-01 08:46:44,696 [WARNING] Gate right crossed in trial state None while paused
2025-04-01 08:46:46,858 [WARNING] Gate left crossed in trial state None while paused
2025-04-01 08:46:47,814 [WARNING] Gate left crossed in trial state None while paused
2025-04-01 08:46:48,759 [WARNING] Gate left crossed in trial state None while paused
2025-04-01 08:46:51,593 [WARNING] Gate entrance crossed in trial state None while paused
2025-04-01 08:46:52,631 [WARNING] Gate entrance crossed in trial state None while paused
2025-04-01 08:46:53,338 [WARNING] Gate entrance crossed in trial state None while paused
2025-04-01 08:46:55,979 [WARNING] Gate left crossed in trial state None while paused
2025-04-01 08:46:58,157 [WARNING] Gate left crossed in trial state None while paused
2025-04-01 08:46:59,975 [WARNING] Gate left crossed in trial state None while paused
2025-04-01 08:47:05,805 [WARNING] Gate left crossed in trial state None while paused
2025-04-01 08:47:05,999 [WARNING] Gate left crossed in trial state None while paused
2025-04-01 08:47:08,168 [WARNING] Gate left crossed in trial state None while paused
2025-04-01 08:47:09,977 [WARNING] Gate left crossed in trial state None while paused
2025-04-01 08:47:10,811 [WARNING] Gate left crossed in trial state None while paused
2025-04-01 08:47:16,551 [WARNING] Gate entrance crossed in trial state None while paused
2025-04-01 08:47:17,416 [WARNING] Gate entrance crossed in trial state None while paused
2025-04-01 08:47:18,221 [WARNING] Gate left crossed in trial state None while paused
2025-04-01 08:47:19,019 [WARNING] Gate entrance crossed in trial state None while paused
2025-04-01 08:47:22,251 [WARNING] Gate entrance crossed in trial state None while paused
2025-04-01 08:47:24,025 [WARNING] Gate entrance crossed in trial state None while paused
2025-04-01 08:47:24,036 [WARNING] Gate entrance crossed in trial state None while paused
2025-04-01 08:47:24,047 [WARNING] Gate entrance crossed in trial state None while paused
2025-04-01 08:47:24,062 [WARNING] Gate entrance crossed in trial state None while paused
2025-04-01 08:47:24,093 [WARNING] Gate entrance crossed in trial state None while paused
2025-04-01 08:47:24,125 [WARNING] Gate entrance crossed in trial state None while paused
2025-04-01 08:47:24,155 [WARNING] Gate entrance crossed in trial state None while paused
2025-04-01 08:47:24,187 [WARNING] Gate entrance crossed in trial state None while paused
2025-04-01 08:47:24,218 [WARNING] Gate entrance crossed in trial state None while paused
2025-04-01 08:47:24,250 [WARNING] Gate entrance crossed in trial state None while paused
2025-04-01 08:47:24,281 [WARNING] Gate entrance crossed in trial state None while paused
2025-04-01 08:47:24,313 [WARNING] Gate entrance crossed in trial state None while paused
2025-04-01 08:47:40,588 [WARNING] Gate entrance crossed in trial state None while paused
2025-04-01 08:47:41,160 [WARNING] Gate entrance crossed in trial state None while paused
2025-04-01 08:47:41,570 [WARNING] Gate entrance crossed in trial state None while paused
2025-04-01 08:47:48,851 [WARNING] Gate entrance crossed in trial state None while paused
2025-04-01 08:47:49,305 [WARNING] Gate entrance crossed in trial state None while paused
2025-04-01 08:47:49,624 [WARNING] Gate entrance crossed in trial state None while paused
2025-04-01 08:47:51,259 [WARNING] Gate entrance crossed in trial state None while paused
2025-04-01 08:47:56,975 [WARNING] Gate entrance crossed in trial state None while paused
2025-04-01 08:47:59,123 [WARNING] Gate left crossed in trial state None while paused
2025-04-01 08:47:59,753 [WARNING] Gate left crossed in trial state None while paused
2025-04-01 08:47:59,822 [WARNING] Gate left crossed in trial state None while paused
2025-04-01 08:47:59,909 [WARNING] Gate left crossed in trial state None while paused
2025-04-01 08:47:59,991 [WARNING] Gate entrance crossed in trial state None while paused
2025-04-01 08:48:01,334 [WARNING] Gate entrance crossed in trial state None while paused
2025-04-01 08:48:01,775 [WARNING] Gate right crossed in trial state None while paused
2025-04-01 08:48:01,814 [WARNING] Gate entrance crossed in trial state None while paused
2025-04-01 08:48:02,098 [WARNING] Gate right crossed in trial state None while paused
2025-04-01 08:48:02,287 [WARNING] Gate right crossed in trial state None while paused
2025-04-01 08:48:02,339 [WARNING] Gate entrance crossed in trial state None while paused
2025-04-01 08:48:04,258 [WARNING] Gate entrance crossed in trial state None while paused
2025-04-01 08:48:05,226 [WARNING] Gate entrance crossed in trial state None while paused
2025-04-01 08:48:08,874 [WARNING] Gate entrance crossed in trial state None while paused
2025-04-01 08:48:09,240 [WARNING] Gate entrance crossed in trial state None while paused
2025-04-01 08:48:09,409 [WARNING] Gate entrance crossed in trial state None while paused
2025-04-01 08:48:10,690 [WARNING] Gate entrance crossed in trial state None while paused
2025-04-01 08:48:12,028 [WARNING] Gate entrance crossed in trial state None while paused
2025-04-01 08:48:12,178 [WARNING] Gate left crossed in trial state None while paused
2025-04-01 08:48:13,436 [WARNING] Gate entrance crossed in trial state None while paused
2025-04-01 08:48:13,444 [WARNING] Gate left crossed in trial state None while paused
2025-04-01 08:48:14,609 [WARNING] Gate left crossed in trial state None while paused
2025-04-01 08:48:20,759 [WARNING] Gate left crossed in trial state None while paused
2025-04-01 08:48:29,024 [WARNING] Gate right crossed in trial state None while paused
2025-04-01 08:48:29,824 [WARNING] Gate right crossed in trial state None while paused
2025-04-01 08:48:31,446 [WARNING] Gate left crossed in trial state None while paused
2025-04-01 08:48:32,130 [WARNING] Gate left crossed in trial state None while paused
2025-04-01 08:48:32,734 [WARNING] Gate left crossed in trial state None while paused
2025-04-01 08:48:42,254 [WARNING] Gate entrance crossed in trial state None while paused
2025-04-01 08:48:42,907 [WARNING] Gate entrance crossed in trial state None while paused
2025-04-01 08:48:43,373 [WARNING] Gate entrance crossed in trial state None while paused
2025-04-01 08:48:43,624 [WARNING] Gate entrance crossed in trial state None while paused
2025-04-01 08:48:44,034 [WARNING] Gate entrance crossed in trial state None while paused
2025-04-01 08:48:44,270 [WARNING] Gate entrance crossed in trial state None while paused
2025-04-01 08:48:47,577 [WARNING] Gate entrance crossed in trial state None while paused
2025-04-01 08:48:47,992 [WARNING] Gate entrance crossed in trial state None while paused
2025-04-01 08:48:48,325 [WARNING] Gate entrance crossed in trial state None while paused
2025-04-01 08:49:41,998 [WARNING] Program exiting before starting
2025-04-01 08:49:41,999 [INFO] Data file closed
2025-04-01 08:49:42,001 [INFO] Mainloop exited
2025-04-01 08:49:42,002 [INFO] Program exited successfully- goodbye!
