2025-03-25 10:10:58,476 [INFO] Program started
2025-03-25 10:10:58,477 [INFO] Experiment Trials List: {1: {'trial_id': 1, 'left_bg': 'light', 'right_bg': 'dark', 'left_fg': 'white', 'right_fg': 'white'}, 2: {'trial_id': 2, 'left_bg': 'dark', 'right_bg': 'light', 'left_fg': 'white', 'right_fg': 'white'}, 3: {'trial_id': 3, 'left_bg': 'light', 'right_bg': 'dark', 'left_fg': 'black', 'right_fg': 'black'}, 4: {'trial_id': 4, 'left_bg': 'dark', 'right_bg': 'light', 'left_fg': 'black', 'right_fg': 'black'}, 5: {'trial_id': 5, 'left_bg': 'light', 'right_bg': 'light', 'left_fg': 'white', 'right_fg': 'black'}, 6: {'trial_id': 6, 'left_bg': 'dark', 'right_bg': 'dark', 'left_fg': 'white', 'right_fg': 'black'}, 7: {'trial_id': 7, 'left_bg': 'light', 'right_bg': 'light', 'left_fg': 'black', 'right_fg': 'white'}, 8: {'trial_id': 8, 'left_bg': 'dark', 'right_bg': 'dark', 'left_fg': 'black', 'right_fg': 'white'}}
2025-03-25 10:10:58,477 [INFO] Set experiment constants
2025-03-25 10:10:58,801 [INFO] Set display screen
2025-03-25 10:10:58,803 [INFO] Data writer open at file: /home/pi/Documents/masters-Electronics/data/20250325.csv
2025-03-25 10:10:58,803 [INFO] Set data writer
2025-03-25 10:10:58,807 [INFO] Set GPIO pins
2025-03-25 10:10:58,808 [INFO] Set keybinds
2025-03-25 10:10:58,809 [INFO] Program paused
2025-03-25 10:10:58,809 [INFO] Set up of obstacle positioning
2025-03-25 10:10:58,810 [INFO] Setup complete
2025-03-25 10:10:58,810 [INFO] Waiting for obstacle setup to be completed
2025-03-25 10:12:31,794 [WARNING] Gate right crossed in trial state None while paused
2025-03-25 10:12:32,421 [WARNING] Gate right crossed in trial state None while paused
2025-03-25 10:12:32,936 [WARNING] Gate right crossed in trial state None while paused
2025-03-25 10:12:34,220 [WARNING] Gate left crossed in trial state None while paused
2025-03-25 10:12:34,533 [WARNING] Gate left crossed in trial state None while paused
2025-03-25 10:12:34,858 [WARNING] Gate left crossed in trial state None while paused
2025-03-25 10:12:37,477 [WARNING] Gate entrance crossed in trial state None while paused
2025-03-25 10:12:37,668 [WARNING] Gate entrance crossed in trial state None while paused
2025-03-25 10:12:38,498 [WARNING] Gate entrance crossed in trial state None while paused
2025-03-25 10:12:38,894 [WARNING] Gate entrance crossed in trial state None while paused
2025-03-25 10:12:39,335 [WARNING] Gate entrance crossed in trial state None while paused
2025-03-25 10:12:39,952 [WARNING] Gate right crossed in trial state None while paused
2025-03-25 10:12:39,975 [WARNING] Gate entrance crossed in trial state None while paused
2025-03-25 10:12:40,148 [WARNING] Gate entrance crossed in trial state None while paused
2025-03-25 10:12:40,211 [WARNING] Gate right crossed in trial state None while paused
2025-03-25 10:12:58,424 [WARNING] Program exiting before starting
2025-03-25 10:12:58,425 [INFO] Data file closed
2025-03-25 10:12:58,426 [INFO] Mainloop exited
2025-03-25 10:12:58,427 [INFO] Program exited successfully- goodbye!
