2025-04-24 11:45:12,643 [INFO] Program started
2025-04-24 11:45:12,644 [INFO] Experiment Trials List: {1: {'trial_id': 1, 'left_bg': 'light', 'right_bg': 'dark', 'left_fg': 'white', 'right_fg': 'white'}, 2: {'trial_id': 2, 'left_bg': 'dark', 'right_bg': 'light', 'left_fg': 'white', 'right_fg': 'white'}, 3: {'trial_id': 3, 'left_bg': 'light', 'right_bg': 'dark', 'left_fg': 'black', 'right_fg': 'black'}, 4: {'trial_id': 4, 'left_bg': 'dark', 'right_bg': 'light', 'left_fg': 'black', 'right_fg': 'black'}, 5: {'trial_id': 5, 'left_bg': 'light', 'right_bg': 'light', 'left_fg': 'white', 'right_fg': 'black'}, 6: {'trial_id': 6, 'left_bg': 'dark', 'right_bg': 'dark', 'left_fg': 'white', 'right_fg': 'black'}, 7: {'trial_id': 7, 'left_bg': 'light', 'right_bg': 'light', 'left_fg': 'black', 'right_fg': 'white'}, 8: {'trial_id': 8, 'left_bg': 'dark', 'right_bg': 'dark', 'left_fg': 'black', 'right_fg': 'white'}}
2025-04-24 11:45:12,644 [INFO] Set experiment constants
2025-04-24 11:45:12,969 [INFO] Set display screen
2025-04-24 11:45:12,970 [INFO] Data writer open at file: /home/pi/Documents/masters-Electronics/data/20250424.csv
2025-04-24 11:45:12,970 [INFO] Set data writer
2025-04-24 11:45:12,975 [INFO] Set GPIO pins
2025-04-24 11:45:12,975 [INFO] Set keybinds
2025-04-24 11:45:12,975 [INFO] Gate all reset
2025-04-24 11:45:12,976 [INFO] Program paused
2025-04-24 11:45:12,976 [INFO] Set up of obstacle positioning
2025-04-24 11:45:12,976 [INFO] Setup complete
2025-04-24 11:45:12,977 [INFO] Waiting for obstacle setup to be completed
2025-04-24 11:45:30,812 [WARNING] Gate right crossed in trial state None while paused
2025-04-24 11:45:32,221 [WARNING] Gate right crossed in trial state None while paused
2025-04-24 11:45:36,866 [WARNING] Gate right crossed in trial state None while paused
2025-04-24 11:45:41,120 [WARNING] Gate right crossed in trial state None while paused
2025-04-24 11:45:43,737 [WARNING] Gate right crossed in trial state None while paused
2025-04-24 11:45:45,286 [WARNING] Gate right crossed in trial state None while paused
2025-04-24 11:45:45,470 [WARNING] Gate right crossed in trial state None while paused
2025-04-24 11:45:47,908 [WARNING] Gate left crossed in trial state None while paused
2025-04-24 11:45:47,945 [WARNING] Gate left crossed in trial state None while paused
2025-04-24 11:45:47,957 [WARNING] Gate left crossed in trial state None while paused
2025-04-24 11:45:48,120 [WARNING] Gate left crossed in trial state None while paused
2025-04-24 11:45:48,137 [WARNING] Gate left crossed in trial state None while paused
2025-04-24 11:45:48,157 [WARNING] Gate left crossed in trial state None while paused
2025-04-24 11:45:48,669 [WARNING] Gate left crossed in trial state None while paused
2025-04-24 11:45:48,897 [WARNING] Gate left crossed in trial state None while paused
2025-04-24 11:45:48,928 [WARNING] Gate left crossed in trial state None while paused
2025-04-24 11:45:48,946 [WARNING] Gate left crossed in trial state None while paused
2025-04-24 11:45:48,992 [WARNING] Gate left crossed in trial state None while paused
2025-04-24 11:45:49,016 [WARNING] Gate left crossed in trial state None while paused
2025-04-24 11:45:49,029 [WARNING] Gate left crossed in trial state None while paused
2025-04-24 11:45:49,358 [WARNING] Gate left crossed in trial state None while paused
2025-04-24 11:45:49,393 [WARNING] Gate left crossed in trial state None while paused
2025-04-24 11:45:52,490 [WARNING] Gate left crossed in trial state None while paused
2025-04-24 11:45:58,736 [WARNING] Gate left crossed in trial state None while paused
2025-04-24 11:45:58,788 [WARNING] Gate left crossed in trial state None while paused
2025-04-24 11:45:58,810 [WARNING] Gate left crossed in trial state None while paused
2025-04-24 11:45:59,073 [WARNING] Gate left crossed in trial state None while paused
2025-04-24 11:45:59,096 [WARNING] Gate left crossed in trial state None while paused
2025-04-24 11:45:59,194 [WARNING] Gate left crossed in trial state None while paused
2025-04-24 11:46:00,101 [WARNING] Gate left crossed in trial state None while paused
2025-04-24 11:46:02,755 [WARNING] Gate left crossed in trial state None while paused
2025-04-24 11:46:02,829 [WARNING] Gate left crossed in trial state None while paused
2025-04-24 11:46:02,870 [WARNING] Gate left crossed in trial state None while paused
2025-04-24 11:46:02,925 [WARNING] Gate left crossed in trial state None while paused
2025-04-24 11:46:02,991 [WARNING] Gate left crossed in trial state None while paused
2025-04-24 11:46:03,147 [WARNING] Gate left crossed in trial state None while paused
2025-04-24 11:46:03,237 [WARNING] Gate left crossed in trial state None while paused
2025-04-24 11:46:03,275 [WARNING] Gate left crossed in trial state None while paused
2025-04-24 11:46:03,359 [WARNING] Gate left crossed in trial state None while paused
2025-04-24 11:46:03,394 [WARNING] Gate left crossed in trial state None while paused
2025-04-24 11:46:03,479 [WARNING] Gate left crossed in trial state None while paused
2025-04-24 11:46:03,509 [WARNING] Gate left crossed in trial state None while paused
2025-04-24 11:46:03,541 [WARNING] Gate left crossed in trial state None while paused
2025-04-24 11:46:03,577 [WARNING] Gate left crossed in trial state None while paused
2025-04-24 11:46:03,617 [WARNING] Gate left crossed in trial state None while paused
2025-04-24 11:46:03,698 [WARNING] Gate left crossed in trial state None while paused
2025-04-24 11:46:03,753 [WARNING] Gate left crossed in trial state None while paused
2025-04-24 11:46:04,367 [WARNING] Gate left crossed in trial state None while paused
2025-04-24 11:46:04,447 [WARNING] Gate left crossed in trial state None while paused
2025-04-24 11:46:04,730 [WARNING] Gate left crossed in trial state None while paused
2025-04-24 11:46:07,328 [WARNING] Gate right crossed in trial state None while paused
2025-04-24 11:46:07,918 [WARNING] Gate right crossed in trial state None while paused
2025-04-24 11:46:09,487 [WARNING] Gate left crossed in trial state None while paused
2025-04-24 11:46:10,301 [WARNING] Gate left crossed in trial state None while paused
2025-04-24 11:46:13,068 [WARNING] Gate left crossed in trial state None while paused
2025-04-24 11:46:17,530 [WARNING] Gate left crossed in trial state None while paused
2025-04-24 11:46:20,546 [WARNING] Gate left crossed in trial state None while paused
2025-04-24 11:46:20,609 [WARNING] Gate left crossed in trial state None while paused
2025-04-24 11:46:20,623 [WARNING] Gate left crossed in trial state None while paused
2025-04-24 11:46:44,513 [WARNING] Gate right crossed in trial state None while paused
2025-04-24 11:46:44,674 [WARNING] Gate right crossed in trial state None while paused
2025-04-24 11:46:44,770 [WARNING] Gate right crossed in trial state None while paused
2025-04-24 11:46:44,981 [WARNING] Gate right crossed in trial state None while paused
2025-04-24 11:46:45,186 [WARNING] Gate right crossed in trial state None while paused
2025-04-24 11:46:45,392 [WARNING] Gate right crossed in trial state None while paused
2025-04-24 11:46:45,597 [WARNING] Gate right crossed in trial state None while paused
2025-04-24 11:46:45,802 [WARNING] Gate right crossed in trial state None while paused
2025-04-24 11:46:46,008 [WARNING] Gate right crossed in trial state None while paused
2025-04-24 11:46:46,213 [WARNING] Gate right crossed in trial state None while paused
2025-04-24 11:46:46,419 [WARNING] Gate right crossed in trial state None while paused
2025-04-24 11:46:46,624 [WARNING] Gate right crossed in trial state None while paused
2025-04-24 11:46:46,829 [WARNING] Gate right crossed in trial state None while paused
2025-04-24 11:46:47,035 [WARNING] Gate right crossed in trial state None while paused
2025-04-24 11:46:47,240 [WARNING] Gate right crossed in trial state None while paused
2025-04-24 11:46:47,445 [WARNING] Gate right crossed in trial state None while paused
2025-04-24 11:46:47,651 [WARNING] Gate right crossed in trial state None while paused
2025-04-24 11:46:47,856 [WARNING] Gate right crossed in trial state None while paused
2025-04-24 11:46:48,062 [WARNING] Gate right crossed in trial state None while paused
2025-04-24 11:46:48,267 [WARNING] Gate right crossed in trial state None while paused
2025-04-24 11:46:48,472 [WARNING] Gate right crossed in trial state None while paused
2025-04-24 11:47:08,233 [WARNING] Gate entrance crossed in trial state None while paused
2025-04-24 11:47:08,438 [WARNING] Gate entrance crossed in trial state None while paused
2025-04-24 11:47:08,643 [WARNING] Gate entrance crossed in trial state None while paused
2025-04-24 11:47:08,848 [WARNING] Gate entrance crossed in trial state None while paused
2025-04-24 11:47:09,054 [WARNING] Gate entrance crossed in trial state None while paused
2025-04-24 11:47:09,259 [WARNING] Gate entrance crossed in trial state None while paused
2025-04-24 11:47:09,465 [WARNING] Gate entrance crossed in trial state None while paused
2025-04-24 11:47:09,670 [WARNING] Gate entrance crossed in trial state None while paused
2025-04-24 11:47:09,875 [WARNING] Gate entrance crossed in trial state None while paused
2025-04-24 11:47:17,269 [WARNING] Gate entrance crossed in trial state None while paused
2025-04-24 11:47:17,474 [WARNING] Gate entrance crossed in trial state None while paused
2025-04-24 11:47:17,679 [WARNING] Gate entrance crossed in trial state None while paused
2025-04-24 11:47:17,884 [WARNING] Gate entrance crossed in trial state None while paused
2025-04-24 11:47:18,090 [WARNING] Gate entrance crossed in trial state None while paused
2025-04-24 11:47:18,295 [WARNING] Gate entrance crossed in trial state None while paused
2025-04-24 11:47:27,081 [WARNING] Gate left crossed in trial state None while paused
2025-04-24 11:47:27,286 [WARNING] Gate left crossed in trial state None while paused
2025-04-24 11:47:27,492 [WARNING] Gate left crossed in trial state None while paused
2025-04-24 11:48:06,359 [WARNING] Gate right crossed in trial state None while paused
2025-04-24 11:48:06,397 [WARNING] Gate right crossed in trial state None while paused
2025-04-24 11:48:06,437 [WARNING] Gate right crossed in trial state None while paused
2025-04-24 11:48:06,480 [WARNING] Gate right crossed in trial state None while paused
2025-04-24 11:48:06,603 [WARNING] Gate right crossed in trial state None while paused
2025-04-24 11:48:06,713 [WARNING] Gate right crossed in trial state None while paused
2025-04-24 11:48:23,591 [WARNING] Gate entrance crossed in trial state None while paused
2025-04-24 11:48:23,810 [WARNING] Gate entrance crossed in trial state None while paused
2025-04-24 11:48:48,238 [WARNING] Gate right crossed in trial state None while paused
2025-04-24 11:48:48,268 [WARNING] Gate right crossed in trial state None while paused
2025-04-24 11:48:48,350 [WARNING] Gate right crossed in trial state None while paused
2025-04-24 11:48:48,419 [WARNING] Gate right crossed in trial state None while paused
2025-04-24 11:48:48,461 [WARNING] Gate right crossed in trial state None while paused
2025-04-24 11:48:48,792 [WARNING] Gate right crossed in trial state None while paused
2025-04-24 11:52:00,210 [WARNING] Gate right crossed in trial state None while paused
2025-04-24 11:52:44,892 [WARNING] Gate right crossed in trial state None while paused
2025-04-24 11:55:37,979 [WARNING] Gate right crossed in trial state None while paused
2025-04-24 11:55:38,000 [WARNING] Gate right crossed in trial state None while paused
2025-04-24 11:59:16,188 [WARNING] Gate right crossed in trial state None while paused
2025-04-24 11:59:16,211 [WARNING] Gate right crossed in trial state None while paused
2025-04-24 11:59:16,745 [WARNING] Gate right crossed in trial state None while paused
2025-04-24 12:05:19,032 [WARNING] Gate right crossed in trial state None while paused
2025-04-24 12:14:31,502 [WARNING] Gate right crossed in trial state None while paused
2025-04-24 12:19:55,367 [WARNING] Gate entrance crossed in trial state None while paused
2025-04-24 12:19:55,392 [WARNING] Gate entrance crossed in trial state None while paused
2025-04-24 12:19:56,826 [WARNING] Gate entrance crossed in trial state None while paused
2025-04-24 12:19:57,603 [WARNING] Gate entrance crossed in trial state None while paused
2025-04-24 12:20:17,315 [WARNING] Gate entrance crossed in trial state None while paused
2025-04-24 12:20:32,688 [WARNING] Gate entrance crossed in trial state None while paused
2025-04-24 12:21:42,935 [WARNING] Gate entrance crossed in trial state None while paused
2025-04-24 12:21:48,593 [WARNING] Gate entrance crossed in trial state None while paused
2025-04-24 12:21:58,293 [WARNING] Gate entrance crossed in trial state None while paused
2025-04-24 12:25:11,247 [WARNING] Gate entrance crossed in trial state None while paused
2025-04-24 12:28:26,444 [WARNING] Gate entrance crossed in trial state None while paused
2025-04-24 12:28:26,476 [WARNING] Gate entrance crossed in trial state None while paused
2025-04-24 12:28:26,509 [WARNING] Gate entrance crossed in trial state None while paused
2025-04-24 12:28:26,543 [WARNING] Gate entrance crossed in trial state None while paused
2025-04-24 12:28:26,575 [WARNING] Gate entrance crossed in trial state None while paused
2025-04-24 12:28:26,609 [WARNING] Gate entrance crossed in trial state None while paused
2025-04-24 12:28:26,643 [WARNING] Gate entrance crossed in trial state None while paused
2025-04-24 12:34:24,370 [WARNING] Gate entrance crossed in trial state None while paused
2025-04-24 12:34:24,397 [WARNING] Gate entrance crossed in trial state None while paused
2025-04-24 12:34:24,430 [WARNING] Gate entrance crossed in trial state None while paused
2025-04-24 12:34:24,463 [WARNING] Gate entrance crossed in trial state None while paused
2025-04-24 12:34:24,500 [WARNING] Gate entrance crossed in trial state None while paused
2025-04-24 12:34:24,536 [WARNING] Gate entrance crossed in trial state None while paused
2025-04-24 12:34:24,574 [WARNING] Gate entrance crossed in trial state None while paused
2025-04-24 12:34:24,609 [WARNING] Gate entrance crossed in trial state None while paused
2025-04-24 12:35:10,383 [WARNING] Gate entrance crossed in trial state None while paused
2025-04-24 12:36:26,186 [WARNING] Gate right crossed in trial state None while paused
2025-04-24 12:36:26,397 [WARNING] Gate right crossed in trial state None while paused
2025-04-24 12:36:29,326 [WARNING] Gate right crossed in trial state None while paused
2025-04-24 12:36:29,410 [WARNING] Gate right crossed in trial state None while paused
2025-04-24 12:36:30,886 [WARNING] Gate right crossed in trial state None while paused
2025-04-24 12:36:31,574 [WARNING] Gate right crossed in trial state None while paused
2025-04-24 12:36:31,611 [WARNING] Gate right crossed in trial state None while paused
2025-04-24 12:36:54,930 [WARNING] Gate right crossed in trial state None while paused
2025-04-24 12:36:55,110 [WARNING] Gate right crossed in trial state None while paused
2025-04-24 12:37:00,769 [WARNING] Gate right crossed in trial state None while paused
2025-04-24 12:37:00,909 [WARNING] Gate right crossed in trial state None while paused
2025-04-24 12:37:06,917 [WARNING] Gate right crossed in trial state None while paused
2025-04-24 12:37:07,367 [WARNING] Gate right crossed in trial state None while paused
2025-04-24 12:37:07,678 [WARNING] Gate right crossed in trial state None while paused
2025-04-24 12:39:53,576 [WARNING] Gate left crossed in trial state None while paused
2025-04-24 12:39:53,619 [WARNING] Gate left crossed in trial state None while paused
2025-04-24 12:39:53,659 [WARNING] Gate left crossed in trial state None while paused
2025-04-24 12:39:53,697 [WARNING] Gate left crossed in trial state None while paused
2025-04-24 12:39:53,733 [WARNING] Gate left crossed in trial state None while paused
2025-04-24 12:39:53,772 [WARNING] Gate left crossed in trial state None while paused
2025-04-24 12:39:53,793 [WARNING] Gate entrance crossed in trial state None while paused
2025-04-24 12:39:53,812 [WARNING] Gate left crossed in trial state None while paused
2025-04-24 12:39:53,817 [WARNING] Gate entrance crossed in trial state None while paused
2025-04-24 12:39:53,861 [WARNING] Gate left crossed in trial state None while paused
2025-04-24 12:39:54,021 [WARNING] Gate left crossed in trial state None while paused
2025-04-24 12:39:54,045 [WARNING] Gate left crossed in trial state None while paused
2025-04-24 12:41:18,164 [WARNING] Gate left crossed in trial state None while paused
2025-04-24 12:41:19,764 [WARNING] Gate left crossed in trial state None while paused
2025-04-24 12:41:39,379 [WARNING] Gate left crossed in trial state None while paused
2025-04-24 12:41:48,912 [WARNING] Gate left crossed in trial state None while paused
2025-04-24 12:41:49,364 [WARNING] Gate left crossed in trial state None while paused
2025-04-24 12:41:49,402 [WARNING] Gate left crossed in trial state None while paused
2025-04-24 12:42:21,531 [WARNING] Gate left crossed in trial state None while paused
2025-04-24 12:42:23,818 [WARNING] Gate left crossed in trial state None while paused
2025-04-24 12:42:24,300 [WARNING] Gate left crossed in trial state None while paused
2025-04-24 12:42:26,710 [WARNING] Gate left crossed in trial state None while paused
2025-04-24 12:42:29,692 [WARNING] Gate left crossed in trial state None while paused
2025-04-24 12:42:30,390 [WARNING] Gate left crossed in trial state None while paused
2025-04-24 12:42:34,334 [WARNING] Gate left crossed in trial state None while paused
2025-04-24 12:42:34,737 [WARNING] Gate left crossed in trial state None while paused
2025-04-24 12:42:35,714 [WARNING] Gate left crossed in trial state None while paused
2025-04-24 12:42:35,882 [WARNING] Gate left crossed in trial state None while paused
2025-04-24 12:42:36,166 [WARNING] Gate left crossed in trial state None while paused
2025-04-24 12:42:36,231 [WARNING] Gate entrance crossed in trial state None while paused
2025-04-24 12:42:36,253 [WARNING] Gate left crossed in trial state None while paused
2025-04-24 12:42:36,259 [WARNING] Gate entrance crossed in trial state None while paused
2025-04-24 12:42:36,275 [WARNING] Gate entrance crossed in trial state None while paused
2025-04-24 12:42:36,291 [WARNING] Gate left crossed in trial state None while paused
2025-04-24 12:42:36,335 [WARNING] Gate left crossed in trial state None while paused
2025-04-24 12:42:36,376 [WARNING] Gate left crossed in trial state None while paused
2025-04-24 12:42:36,456 [WARNING] Gate left crossed in trial state None while paused
2025-04-24 12:42:36,556 [WARNING] Gate left crossed in trial state None while paused
2025-04-24 12:42:36,603 [WARNING] Gate entrance crossed in trial state None while paused
2025-04-24 12:42:36,801 [WARNING] Gate left crossed in trial state None while paused
2025-04-24 12:42:50,753 [WARNING] Gate left crossed in trial state None while paused
2025-04-24 12:42:55,419 [WARNING] Gate left crossed in trial state None while paused
2025-04-24 12:42:56,543 [WARNING] Gate left crossed in trial state None while paused
2025-04-24 12:43:02,497 [WARNING] Gate left crossed in trial state None while paused
2025-04-24 12:43:03,170 [WARNING] Gate left crossed in trial state None while paused
2025-04-24 12:43:06,609 [WARNING] Gate left crossed in trial state None while paused
2025-04-24 12:43:08,713 [WARNING] Gate right crossed in trial state None while paused
2025-04-24 12:43:08,840 [WARNING] Gate entrance crossed in trial state None while paused
2025-04-24 12:43:08,858 [WARNING] Gate entrance crossed in trial state None while paused
2025-04-24 12:43:24,194 [WARNING] Gate left crossed in trial state None while paused
2025-04-24 12:43:26,108 [WARNING] Gate right crossed in trial state None while paused
2025-04-24 12:43:29,165 [WARNING] Gate right crossed in trial state None while paused
2025-04-24 12:43:35,668 [WARNING] Gate left crossed in trial state None while paused
2025-04-24 12:43:44,506 [WARNING] Gate right crossed in trial state None while paused
2025-04-24 12:43:46,239 [WARNING] Gate right crossed in trial state None while paused
2025-04-24 12:43:49,891 [WARNING] Gate left crossed in trial state None while paused
2025-04-24 12:43:51,164 [WARNING] Gate right crossed in trial state None while paused
2025-04-24 12:43:51,586 [WARNING] Gate entrance crossed in trial state None while paused
2025-04-24 12:43:59,588 [WARNING] Gate left crossed in trial state None while paused
2025-04-24 12:44:01,303 [WARNING] Gate left crossed in trial state None while paused
2025-04-24 12:44:02,961 [WARNING] Gate entrance crossed in trial state None while paused
2025-04-24 12:44:02,972 [WARNING] Gate entrance crossed in trial state None while paused
2025-04-24 12:44:02,997 [WARNING] Gate entrance crossed in trial state None while paused
2025-04-24 12:44:17,787 [WARNING] Gate right crossed in trial state None while paused
2025-04-24 12:44:18,102 [WARNING] Gate right crossed in trial state None while paused
2025-04-24 12:44:18,501 [WARNING] Gate right crossed in trial state None while paused
2025-04-24 12:44:19,947 [WARNING] Gate entrance crossed in trial state None while paused
2025-04-24 12:44:20,410 [WARNING] Gate left crossed in trial state None while paused
2025-04-24 12:44:20,446 [WARNING] Gate left crossed in trial state None while paused
2025-04-24 12:44:20,470 [WARNING] Gate left crossed in trial state None while paused
2025-04-24 12:44:26,719 [WARNING] Gate right crossed in trial state None while paused
2025-04-24 12:44:27,871 [WARNING] Gate entrance crossed in trial state None while paused
2025-04-24 12:44:30,145 [WARNING] Gate left crossed in trial state None while paused
2025-04-24 12:44:30,375 [WARNING] Gate left crossed in trial state None while paused
2025-04-24 12:47:19,098 [WARNING] Gate left crossed in trial state None while paused
2025-04-24 12:47:25,268 [WARNING] Gate entrance crossed in trial state None while paused
2025-04-24 12:47:25,493 [WARNING] Gate left crossed in trial state None while paused
2025-04-24 12:47:25,567 [WARNING] Gate left crossed in trial state None while paused
2025-04-24 12:47:26,247 [WARNING] Gate left crossed in trial state None while paused
2025-04-24 12:47:36,350 [WARNING] Gate left crossed in trial state None while paused
2025-04-24 12:47:37,533 [WARNING] Gate left crossed in trial state None while paused
2025-04-24 12:47:39,054 [WARNING] Gate left crossed in trial state None while paused
2025-04-24 12:47:42,299 [WARNING] Gate left crossed in trial state None while paused
2025-04-24 12:47:50,350 [WARNING] Gate entrance crossed in trial state None while paused
2025-04-24 12:47:50,392 [WARNING] Gate entrance crossed in trial state None while paused
2025-04-24 12:47:57,045 [WARNING] Gate entrance crossed in trial state None while paused
2025-04-24 12:47:57,080 [WARNING] Gate entrance crossed in trial state None while paused
2025-04-24 12:47:57,118 [WARNING] Gate entrance crossed in trial state None while paused
2025-04-24 12:47:57,155 [WARNING] Gate entrance crossed in trial state None while paused
2025-04-24 12:47:59,231 [WARNING] Gate right crossed in trial state None while paused
2025-04-24 12:48:00,433 [WARNING] Gate entrance crossed in trial state None while paused
2025-04-24 12:48:00,646 [WARNING] Gate entrance crossed in trial state None while paused
2025-04-24 12:48:00,688 [WARNING] Gate entrance crossed in trial state None while paused
2025-04-24 12:48:01,435 [WARNING] Gate right crossed in trial state None while paused
2025-04-24 12:48:01,584 [WARNING] Gate entrance crossed in trial state None while paused
2025-04-24 12:48:01,616 [WARNING] Gate entrance crossed in trial state None while paused
2025-04-24 12:48:01,688 [WARNING] Gate entrance crossed in trial state None while paused
2025-04-24 12:48:01,742 [WARNING] Gate entrance crossed in trial state None while paused
2025-04-24 12:48:01,824 [WARNING] Gate entrance crossed in trial state None while paused
2025-04-24 12:48:03,692 [WARNING] Gate entrance crossed in trial state None while paused
2025-04-24 12:48:03,733 [WARNING] Gate entrance crossed in trial state None while paused
2025-04-24 12:48:19,423 [WARNING] Gate entrance crossed in trial state None while paused
2025-04-24 12:48:20,253 [WARNING] Gate left crossed in trial state None while paused
2025-04-24 12:48:20,279 [WARNING] Gate left crossed in trial state None while paused
2025-04-24 12:48:20,856 [WARNING] Gate entrance crossed in trial state None while paused
2025-04-24 12:48:20,896 [WARNING] Gate entrance crossed in trial state None while paused
2025-04-24 12:48:20,932 [WARNING] Gate entrance crossed in trial state None while paused
2025-04-24 12:48:20,970 [WARNING] Gate entrance crossed in trial state None while paused
2025-04-24 12:48:26,660 [WARNING] Gate left crossed in trial state None while paused
2025-04-24 12:48:49,996 [WARNING] Gate entrance crossed in trial state None while paused
2025-04-24 12:48:50,035 [WARNING] Gate entrance crossed in trial state None while paused
2025-04-24 12:48:50,071 [WARNING] Gate entrance crossed in trial state None while paused
2025-04-24 12:49:11,935 [WARNING] Gate entrance crossed in trial state None while paused
2025-04-24 12:49:11,970 [WARNING] Gate entrance crossed in trial state None while paused
2025-04-24 12:49:17,238 [WARNING] Gate entrance crossed in trial state None while paused
2025-04-24 12:49:17,277 [WARNING] Gate entrance crossed in trial state None while paused
2025-04-24 12:49:17,315 [WARNING] Gate entrance crossed in trial state None while paused
2025-04-24 12:49:17,351 [WARNING] Gate entrance crossed in trial state None while paused
2025-04-24 12:51:01,632 [WARNING] Gate right crossed in trial state None while paused
2025-04-24 12:51:01,656 [WARNING] Gate right crossed in trial state None while paused
2025-04-24 12:51:01,797 [WARNING] Gate entrance crossed in trial state None while paused
2025-04-24 12:51:04,659 [WARNING] Gate entrance crossed in trial state None while paused
2025-04-24 12:51:04,877 [WARNING] Gate entrance crossed in trial state None while paused
2025-04-24 12:51:04,918 [WARNING] Gate entrance crossed in trial state None while paused
2025-04-24 12:51:04,954 [WARNING] Gate entrance crossed in trial state None while paused
2025-04-24 12:51:04,989 [WARNING] Gate entrance crossed in trial state None while paused
2025-04-24 12:51:15,606 [WARNING] Gate entrance crossed in trial state None while paused
2025-04-24 12:51:15,640 [WARNING] Gate entrance crossed in trial state None while paused
2025-04-24 12:51:15,680 [WARNING] Gate entrance crossed in trial state None while paused
2025-04-24 12:51:17,818 [WARNING] Gate entrance crossed in trial state None while paused
2025-04-24 12:51:17,861 [WARNING] Gate entrance crossed in trial state None while paused
2025-04-24 12:51:43,966 [WARNING] Gate entrance crossed in trial state None while paused
2025-04-24 12:51:47,334 [WARNING] Gate entrance crossed in trial state None while paused
2025-04-24 12:51:48,329 [WARNING] Gate entrance crossed in trial state None while paused
2025-04-24 12:51:59,683 [WARNING] Gate entrance crossed in trial state None while paused
2025-04-24 12:52:00,012 [WARNING] Gate entrance crossed in trial state None while paused
2025-04-24 12:52:18,824 [WARNING] Gate entrance crossed in trial state None while paused
2025-04-24 12:52:18,865 [WARNING] Gate entrance crossed in trial state None while paused
2025-04-24 12:52:21,869 [WARNING] Gate entrance crossed in trial state None while paused
2025-04-24 12:52:26,552 [WARNING] Gate entrance crossed in trial state None while paused
2025-04-24 12:53:11,743 [WARNING] Gate entrance crossed in trial state None while paused
2025-04-24 12:53:11,776 [WARNING] Gate entrance crossed in trial state None while paused
2025-04-24 12:53:11,811 [WARNING] Gate entrance crossed in trial state None while paused
2025-04-24 12:53:11,846 [WARNING] Gate entrance crossed in trial state None while paused
2025-04-24 12:53:11,881 [WARNING] Gate entrance crossed in trial state None while paused
2025-04-24 12:53:11,925 [WARNING] Gate entrance crossed in trial state None while paused
2025-04-24 12:53:13,339 [WARNING] Gate entrance crossed in trial state None while paused
2025-04-24 12:53:13,387 [WARNING] Gate entrance crossed in trial state None while paused
2025-04-24 12:53:13,576 [WARNING] Gate left crossed in trial state None while paused
2025-04-24 12:54:00,463 [WARNING] Gate entrance crossed in trial state None while paused
2025-04-24 12:54:00,503 [WARNING] Gate entrance crossed in trial state None while paused
2025-04-24 12:54:00,684 [WARNING] Gate entrance crossed in trial state None while paused
2025-04-24 12:54:00,871 [WARNING] Gate left crossed in trial state None while paused
2025-04-24 12:54:34,499 [WARNING] Gate entrance crossed in trial state None while paused
2025-04-24 12:54:34,571 [WARNING] Gate entrance crossed in trial state None while paused
2025-04-24 12:54:34,613 [WARNING] Gate entrance crossed in trial state None while paused
2025-04-24 12:54:34,652 [WARNING] Gate entrance crossed in trial state None while paused
2025-04-24 12:55:17,248 [WARNING] Gate entrance crossed in trial state None while paused
2025-04-24 12:55:18,188 [WARNING] Gate left crossed in trial state None while paused
2025-04-24 12:55:41,764 [WARNING] Gate entrance crossed in trial state None while paused
2025-04-24 12:55:44,249 [WARNING] Gate entrance crossed in trial state None while paused
2025-04-24 12:55:50,970 [WARNING] Gate entrance crossed in trial state None while paused
2025-04-24 12:55:56,305 [WARNING] Gate entrance crossed in trial state None while paused
2025-04-24 12:56:05,918 [WARNING] Gate right crossed in trial state None while paused
2025-04-24 12:56:05,952 [WARNING] Gate right crossed in trial state None while paused
2025-04-24 12:56:25,878 [WARNING] Gate entrance crossed in trial state None while paused
2025-04-24 12:56:41,658 [WARNING] Gate entrance crossed in trial state None while paused
2025-04-24 12:56:41,700 [WARNING] Gate entrance crossed in trial state None while paused
2025-04-24 12:57:14,566 [WARNING] Gate left crossed in trial state None while paused
2025-04-24 12:57:26,406 [WARNING] Gate entrance crossed in trial state None while paused
2025-04-24 12:57:27,844 [WARNING] Gate right crossed in trial state None while paused
2025-04-24 12:57:27,966 [WARNING] Gate entrance crossed in trial state None while paused
2025-04-24 12:57:28,584 [WARNING] Gate right crossed in trial state None while paused
2025-04-24 12:57:28,703 [WARNING] Gate entrance crossed in trial state None while paused
2025-04-24 12:57:28,725 [WARNING] Gate entrance crossed in trial state None while paused
2025-04-24 12:57:29,059 [WARNING] Gate right crossed in trial state None while paused
2025-04-24 12:57:29,171 [WARNING] Gate entrance crossed in trial state None while paused
2025-04-24 12:57:35,400 [WARNING] Gate entrance crossed in trial state None while paused
2025-04-24 12:57:35,428 [WARNING] Gate entrance crossed in trial state None while paused
2025-04-24 12:57:50,462 [WARNING] Gate entrance crossed in trial state None while paused
2025-04-24 12:57:52,588 [WARNING] Gate entrance crossed in trial state None while paused
2025-04-24 12:57:56,066 [WARNING] Gate entrance crossed in trial state None while paused
2025-04-24 13:00:58,754 [WARNING] Gate right crossed in trial state None while paused
2025-04-24 13:03:37,994 [WARNING] Gate left crossed in trial state None while paused
2025-04-24 13:04:23,229 [WARNING] Gate left crossed in trial state None while paused
2025-04-24 13:04:26,839 [WARNING] Gate entrance crossed in trial state None while paused
2025-04-24 13:04:26,874 [WARNING] Gate entrance crossed in trial state None while paused
2025-04-24 13:04:26,912 [WARNING] Gate entrance crossed in trial state None while paused
2025-04-24 13:04:26,949 [WARNING] Gate entrance crossed in trial state None while paused
2025-04-24 13:04:26,991 [WARNING] Gate entrance crossed in trial state None while paused
2025-04-24 13:04:28,240 [WARNING] Gate entrance crossed in trial state None while paused
2025-04-24 13:05:02,365 [WARNING] Gate entrance crossed in trial state None while paused
2025-04-24 13:05:02,850 [WARNING] Gate entrance crossed in trial state None while paused
2025-04-24 13:05:02,886 [WARNING] Gate entrance crossed in trial state None while paused
2025-04-24 13:05:03,291 [WARNING] Gate entrance crossed in trial state None while paused
2025-04-24 13:05:03,331 [WARNING] Gate entrance crossed in trial state None while paused
2025-04-24 13:05:03,363 [WARNING] Gate entrance crossed in trial state None while paused
2025-04-24 13:05:20,648 [WARNING] Gate entrance crossed in trial state None while paused
2025-04-24 13:05:20,688 [WARNING] Gate entrance crossed in trial state None while paused
2025-04-24 13:05:20,724 [WARNING] Gate entrance crossed in trial state None while paused
2025-04-24 13:05:38,582 [WARNING] Gate entrance crossed in trial state None while paused
2025-04-24 13:05:38,622 [WARNING] Gate entrance crossed in trial state None while paused
2025-04-24 13:05:38,773 [WARNING] Gate left crossed in trial state None while paused
2025-04-24 13:05:38,809 [WARNING] Gate left crossed in trial state None while paused
2025-04-24 13:05:40,570 [WARNING] Gate entrance crossed in trial state None while paused
2025-04-24 13:05:40,809 [WARNING] Gate left crossed in trial state None while paused
2025-04-24 13:07:30,539 [WARNING] Gate entrance crossed in trial state None while paused
2025-04-24 13:07:30,990 [WARNING] Gate entrance crossed in trial state None while paused
2025-04-24 13:07:32,810 [WARNING] Gate left crossed in trial state None while paused
2025-04-24 13:07:32,840 [WARNING] Gate left crossed in trial state None while paused
2025-04-24 13:07:33,006 [WARNING] Gate entrance crossed in trial state None while paused
2025-04-24 13:07:33,388 [WARNING] Gate entrance crossed in trial state None while paused
2025-04-24 13:07:34,917 [WARNING] Gate left crossed in trial state None while paused
2025-04-24 13:07:36,856 [WARNING] Gate right crossed in trial state None while paused
2025-04-24 13:07:36,880 [WARNING] Gate right crossed in trial state None while paused
2025-04-24 13:08:35,740 [WARNING] Gate right crossed in trial state None while paused
2025-04-24 13:08:42,267 [WARNING] Gate right crossed in trial state None while paused
2025-04-24 13:08:42,288 [WARNING] Gate right crossed in trial state None while paused
2025-04-24 13:09:10,156 [WARNING] Gate right crossed in trial state None while paused
2025-04-24 13:09:10,659 [WARNING] Gate right crossed in trial state None while paused
2025-04-24 13:09:12,050 [WARNING] Gate right crossed in trial state None while paused
2025-04-24 13:09:12,185 [WARNING] Gate entrance crossed in trial state None while paused
2025-04-24 13:09:15,357 [WARNING] Gate right crossed in trial state None while paused
2025-04-24 13:09:15,875 [WARNING] Gate right crossed in trial state None while paused
2025-04-24 13:09:16,003 [WARNING] Gate right crossed in trial state None while paused
2025-04-24 13:09:16,198 [WARNING] Gate right crossed in trial state None while paused
2025-04-24 13:09:26,825 [WARNING] Gate right crossed in trial state None while paused
2025-04-24 13:09:35,661 [WARNING] Gate right crossed in trial state None while paused
2025-04-24 13:11:14,238 [WARNING] Gate left crossed in trial state None while paused
2025-04-24 13:12:43,736 [WARNING] Gate entrance crossed in trial state None while paused
2025-04-24 13:12:55,717 [WARNING] Gate left crossed in trial state None while paused
2025-04-24 13:12:55,755 [WARNING] Gate left crossed in trial state None while paused
2025-04-24 13:13:02,635 [WARNING] Gate left crossed in trial state None while paused
2025-04-24 13:13:12,600 [WARNING] Gate right crossed in trial state None while paused
2025-04-24 13:13:14,996 [WARNING] Gate entrance crossed in trial state None while paused
2025-04-24 13:13:15,027 [WARNING] Gate entrance crossed in trial state None while paused
2025-04-24 13:13:17,331 [WARNING] Gate entrance crossed in trial state None while paused
2025-04-24 13:13:17,371 [WARNING] Gate entrance crossed in trial state None while paused
2025-04-24 13:13:17,476 [WARNING] Gate entrance crossed in trial state None while paused
2025-04-24 13:13:21,356 [WARNING] Gate entrance crossed in trial state None while paused
2025-04-24 13:13:21,561 [WARNING] Gate left crossed in trial state None while paused
2025-04-24 13:13:21,574 [WARNING] Gate left crossed in trial state None while paused
2025-04-24 13:13:21,603 [WARNING] Gate left crossed in trial state None while paused
2025-04-24 13:13:52,339 [WARNING] Gate entrance crossed in trial state None while paused
2025-04-24 13:13:52,477 [WARNING] Gate entrance crossed in trial state None while paused
2025-04-24 13:13:52,605 [WARNING] Gate entrance crossed in trial state None while paused
2025-04-24 13:14:15,915 [WARNING] Gate entrance crossed in trial state None while paused
2025-04-24 13:14:47,421 [WARNING] Gate left crossed in trial state None while paused
2025-04-24 13:15:37,841 [WARNING] Gate left crossed in trial state None while paused
2025-04-24 13:15:43,250 [WARNING] Gate left crossed in trial state None while paused
2025-04-24 13:18:25,905 [WARNING] Gate entrance crossed in trial state None while paused
2025-04-24 13:18:44,750 [WARNING] Gate entrance crossed in trial state None while paused
2025-04-24 13:20:09,197 [WARNING] Gate right crossed in trial state None while paused
2025-04-24 13:20:14,533 [WARNING] Gate right crossed in trial state None while paused
2025-04-24 13:20:14,992 [WARNING] Gate right crossed in trial state None while paused
2025-04-24 13:20:43,063 [WARNING] Program exiting before starting
2025-04-24 13:20:43,064 [INFO] Data file closed
2025-04-24 13:20:43,065 [INFO] Mainloop exited
2025-04-24 13:20:43,066 [INFO] Program exited successfully- goodbye!
