2025-04-23 12:50:22,062 [INFO] Program started
2025-04-23 12:50:22,063 [INFO] Experiment Trials List: {1: {'trial_id': 1, 'left_bg': 'light', 'right_bg': 'dark', 'left_fg': 'white', 'right_fg': 'white'}, 2: {'trial_id': 2, 'left_bg': 'dark', 'right_bg': 'light', 'left_fg': 'white', 'right_fg': 'white'}, 3: {'trial_id': 3, 'left_bg': 'light', 'right_bg': 'dark', 'left_fg': 'black', 'right_fg': 'black'}, 4: {'trial_id': 4, 'left_bg': 'dark', 'right_bg': 'light', 'left_fg': 'black', 'right_fg': 'black'}, 5: {'trial_id': 5, 'left_bg': 'light', 'right_bg': 'light', 'left_fg': 'white', 'right_fg': 'black'}, 6: {'trial_id': 6, 'left_bg': 'dark', 'right_bg': 'dark', 'left_fg': 'white', 'right_fg': 'black'}, 7: {'trial_id': 7, 'left_bg': 'light', 'right_bg': 'light', 'left_fg': 'black', 'right_fg': 'white'}, 8: {'trial_id': 8, 'left_bg': 'dark', 'right_bg': 'dark', 'left_fg': 'black', 'right_fg': 'white'}}
2025-04-23 12:50:22,063 [INFO] Set experiment constants
2025-04-23 12:50:22,372 [INFO] Set display screen
2025-04-23 12:50:22,374 [INFO] Data writer open at file: /home/pi/Documents/masters-Electronics/data/20250423.csv
2025-04-23 12:50:22,374 [INFO] Set data writer
2025-04-23 12:50:22,378 [INFO] Set GPIO pins
2025-04-23 12:50:22,379 [INFO] Set keybinds
2025-04-23 12:50:22,379 [INFO] Gate all reset
2025-04-23 12:50:22,379 [INFO] Program paused
2025-04-23 12:50:22,380 [INFO] Set up of obstacle positioning
2025-04-23 12:50:22,380 [INFO] Setup complete
2025-04-23 12:50:22,380 [INFO] Waiting for obstacle setup to be completed
2025-04-23 12:50:27,573 [WARNING] Gate right crossed in trial state None while paused
2025-04-23 12:50:27,840 [WARNING] Gate right crossed in trial state None while paused
2025-04-23 12:50:27,916 [WARNING] Gate right crossed in trial state None while paused
2025-04-23 12:50:40,441 [WARNING] Program exiting before starting
2025-04-23 12:50:40,442 [INFO] Data file closed
2025-04-23 12:50:40,442 [INFO] Mainloop exited
2025-04-23 12:50:40,443 [INFO] Program exited successfully- goodbye!
