2025-04-15 10:03:36,460 [INFO] Program started
2025-04-15 10:03:36,460 [INFO] Experiment Trials List: {1: {'trial_id': 1, 'left_bg': 'light', 'right_bg': 'dark', 'left_fg': 'white', 'right_fg': 'white'}, 2: {'trial_id': 2, 'left_bg': 'dark', 'right_bg': 'light', 'left_fg': 'white', 'right_fg': 'white'}, 3: {'trial_id': 3, 'left_bg': 'light', 'right_bg': 'dark', 'left_fg': 'black', 'right_fg': 'black'}, 4: {'trial_id': 4, 'left_bg': 'dark', 'right_bg': 'light', 'left_fg': 'black', 'right_fg': 'black'}, 5: {'trial_id': 5, 'left_bg': 'light', 'right_bg': 'light', 'left_fg': 'white', 'right_fg': 'black'}, 6: {'trial_id': 6, 'left_bg': 'dark', 'right_bg': 'dark', 'left_fg': 'white', 'right_fg': 'black'}, 7: {'trial_id': 7, 'left_bg': 'light', 'right_bg': 'light', 'left_fg': 'black', 'right_fg': 'white'}, 8: {'trial_id': 8, 'left_bg': 'dark', 'right_bg': 'dark', 'left_fg': 'black', 'right_fg': 'white'}}
2025-04-15 10:03:36,460 [INFO] Set experiment constants
2025-04-15 10:03:37,039 [INFO] Set display screen
2025-04-15 10:03:37,041 [INFO] Data writer open at file: /home/pi/Documents/masters-Electronics/data/20250415.csv
2025-04-15 10:03:37,041 [INFO] Set data writer
2025-04-15 10:03:37,046 [INFO] Set GPIO pins
2025-04-15 10:03:37,046 [INFO] Set keybinds
2025-04-15 10:03:37,047 [INFO] Gate all reset
2025-04-15 10:03:37,047 [INFO] Program paused
2025-04-15 10:03:37,047 [INFO] Set up of obstacle positioning
2025-04-15 10:03:37,048 [INFO] Setup complete
2025-04-15 10:03:37,048 [INFO] Waiting for obstacle setup to be completed
2025-04-15 10:04:26,954 [WARNING] Gate right crossed in trial state None while paused
2025-04-15 10:04:27,019 [WARNING] Gate right crossed in trial state None while paused
2025-04-15 10:04:38,619 [WARNING] Gate right crossed in trial state None while paused
2025-04-15 10:04:38,879 [WARNING] Gate right crossed in trial state None while paused
2025-04-15 10:04:39,043 [WARNING] Gate right crossed in trial state None while paused
2025-04-15 10:04:39,245 [WARNING] Gate right crossed in trial state None while paused
2025-04-15 10:04:39,368 [WARNING] Gate right crossed in trial state None while paused
2025-04-15 10:04:46,653 [WARNING] Gate right crossed in trial state None while paused
2025-04-15 10:04:49,701 [WARNING] Gate right crossed in trial state None while paused
2025-04-15 10:04:50,150 [WARNING] Gate right crossed in trial state None while paused
2025-04-15 10:04:50,487 [WARNING] Gate right crossed in trial state None while paused
2025-04-15 10:05:05,109 [WARNING] Gate right crossed in trial state None while paused
2025-04-15 10:05:07,591 [WARNING] Gate right crossed in trial state None while paused
2025-04-15 10:05:07,655 [WARNING] Gate right crossed in trial state None while paused
2025-04-15 10:05:14,048 [WARNING] Gate right crossed in trial state None while paused
2025-04-15 10:05:47,446 [WARNING] Gate right crossed in trial state None while paused
2025-04-15 10:05:51,874 [WARNING] Gate right crossed in trial state None while paused
2025-04-15 10:05:58,976 [WARNING] Gate right crossed in trial state None while paused
2025-04-15 10:06:00,478 [WARNING] Gate right crossed in trial state None while paused
2025-04-15 10:06:21,712 [WARNING] Gate right crossed in trial state None while paused
2025-04-15 10:06:21,833 [WARNING] Gate right crossed in trial state None while paused
2025-04-15 10:06:21,869 [WARNING] Gate right crossed in trial state None while paused
2025-04-15 10:06:21,916 [WARNING] Gate right crossed in trial state None while paused
2025-04-15 10:06:22,026 [WARNING] Gate right crossed in trial state None while paused
2025-04-15 10:06:22,057 [WARNING] Gate right crossed in trial state None while paused
2025-04-15 10:06:22,112 [WARNING] Gate right crossed in trial state None while paused
2025-04-15 10:06:43,202 [WARNING] Gate right crossed in trial state None while paused
2025-04-15 10:07:43,755 [WARNING] Gate right crossed in trial state None while paused
2025-04-15 10:07:44,153 [WARNING] Gate right crossed in trial state None while paused
2025-04-15 10:07:44,806 [WARNING] Gate right crossed in trial state None while paused
2025-04-15 10:07:45,150 [WARNING] Gate right crossed in trial state None while paused
2025-04-15 10:07:45,367 [WARNING] Gate right crossed in trial state None while paused
2025-04-15 10:07:45,620 [WARNING] Gate right crossed in trial state None while paused
2025-04-15 10:07:46,040 [WARNING] Gate right crossed in trial state None while paused
2025-04-15 10:07:57,835 [WARNING] Gate right crossed in trial state None while paused
2025-04-15 10:07:58,075 [WARNING] Gate right crossed in trial state None while paused
2025-04-15 10:07:58,188 [WARNING] Gate right crossed in trial state None while paused
2025-04-15 10:07:58,270 [WARNING] Gate right crossed in trial state None while paused
2025-04-15 10:07:58,362 [WARNING] Gate right crossed in trial state None while paused
2025-04-15 10:07:58,452 [WARNING] Gate right crossed in trial state None while paused
2025-04-15 10:07:58,595 [WARNING] Gate right crossed in trial state None while paused
2025-04-15 10:07:58,691 [WARNING] Gate right crossed in trial state None while paused
2025-04-15 10:07:58,841 [WARNING] Gate right crossed in trial state None while paused
2025-04-15 10:07:58,924 [WARNING] Gate right crossed in trial state None while paused
2025-04-15 10:07:59,047 [WARNING] Gate right crossed in trial state None while paused
2025-04-15 10:07:59,158 [WARNING] Gate right crossed in trial state None while paused
2025-04-15 10:07:59,294 [WARNING] Gate right crossed in trial state None while paused
2025-04-15 10:07:59,382 [WARNING] Gate right crossed in trial state None while paused
2025-04-15 10:07:59,514 [WARNING] Gate right crossed in trial state None while paused
2025-04-15 10:07:59,597 [WARNING] Gate right crossed in trial state None while paused
2025-04-15 10:07:59,727 [WARNING] Gate right crossed in trial state None while paused
2025-04-15 10:07:59,814 [WARNING] Gate right crossed in trial state None while paused
2025-04-15 10:07:59,935 [WARNING] Gate right crossed in trial state None while paused
2025-04-15 10:08:00,035 [WARNING] Gate right crossed in trial state None while paused
2025-04-15 10:08:00,147 [WARNING] Gate right crossed in trial state None while paused
2025-04-15 10:08:00,332 [WARNING] Gate right crossed in trial state None while paused
2025-04-15 10:08:00,444 [WARNING] Gate right crossed in trial state None while paused
2025-04-15 10:08:00,532 [WARNING] Gate right crossed in trial state None while paused
2025-04-15 10:08:00,626 [WARNING] Gate right crossed in trial state None while paused
2025-04-15 10:08:00,741 [WARNING] Gate right crossed in trial state None while paused
2025-04-15 10:08:00,828 [WARNING] Gate right crossed in trial state None while paused
2025-04-15 10:08:00,957 [WARNING] Gate right crossed in trial state None while paused
2025-04-15 10:08:01,042 [WARNING] Gate right crossed in trial state None while paused
2025-04-15 10:08:16,672 [WARNING] Gate right crossed in trial state None while paused
2025-04-15 10:08:17,506 [WARNING] Gate right crossed in trial state None while paused
2025-04-15 10:08:17,720 [WARNING] Gate right crossed in trial state None while paused
2025-04-15 10:08:18,231 [WARNING] Gate right crossed in trial state None while paused
2025-04-15 10:08:18,558 [WARNING] Gate right crossed in trial state None while paused
2025-04-15 10:08:18,778 [WARNING] Gate right crossed in trial state None while paused
2025-04-15 10:08:19,108 [WARNING] Gate right crossed in trial state None while paused
2025-04-15 10:08:19,422 [WARNING] Gate right crossed in trial state None while paused
2025-04-15 10:08:19,532 [WARNING] Gate right crossed in trial state None while paused
2025-04-15 10:08:19,682 [WARNING] Gate right crossed in trial state None while paused
2025-04-15 10:08:19,813 [WARNING] Gate right crossed in trial state None while paused
2025-04-15 10:08:19,960 [WARNING] Gate right crossed in trial state None while paused
2025-04-15 10:08:20,072 [WARNING] Gate right crossed in trial state None while paused
2025-04-15 10:08:20,231 [WARNING] Gate right crossed in trial state None while paused
2025-04-15 10:08:20,340 [WARNING] Gate right crossed in trial state None while paused
2025-04-15 10:08:20,473 [WARNING] Gate right crossed in trial state None while paused
2025-04-15 10:08:20,600 [WARNING] Gate right crossed in trial state None while paused
2025-04-15 10:08:20,710 [WARNING] Gate right crossed in trial state None while paused
2025-04-15 10:08:20,823 [WARNING] Gate right crossed in trial state None while paused
2025-04-15 10:08:20,938 [WARNING] Gate right crossed in trial state None while paused
2025-04-15 10:08:21,141 [WARNING] Gate right crossed in trial state None while paused
2025-04-15 10:09:47,217 [WARNING] Gate right crossed in trial state None while paused
2025-04-15 10:09:48,042 [WARNING] Gate right crossed in trial state None while paused
2025-04-15 10:09:48,592 [WARNING] Gate right crossed in trial state None while paused
2025-04-15 10:09:49,053 [WARNING] Gate right crossed in trial state None while paused
2025-04-15 10:11:20,128 [WARNING] Gate right crossed in trial state None while paused
2025-04-15 10:11:20,286 [WARNING] Gate right crossed in trial state None while paused
2025-04-15 10:11:20,491 [WARNING] Gate right crossed in trial state None while paused
2025-04-15 10:11:20,697 [WARNING] Gate right crossed in trial state None while paused
2025-04-15 10:11:20,902 [WARNING] Gate right crossed in trial state None while paused
2025-04-15 10:11:21,107 [WARNING] Gate right crossed in trial state None while paused
2025-04-15 10:11:21,313 [WARNING] Gate right crossed in trial state None while paused
2025-04-15 10:11:21,518 [WARNING] Gate right crossed in trial state None while paused
2025-04-15 10:11:21,723 [WARNING] Gate right crossed in trial state None while paused
2025-04-15 10:11:21,929 [WARNING] Gate right crossed in trial state None while paused
2025-04-15 10:11:26,857 [WARNING] Gate left crossed in trial state None while paused
2025-04-15 10:11:27,062 [WARNING] Gate left crossed in trial state None while paused
2025-04-15 10:11:27,268 [WARNING] Gate left crossed in trial state None while paused
2025-04-15 10:11:27,473 [WARNING] Gate left crossed in trial state None while paused
2025-04-15 10:11:27,678 [WARNING] Gate left crossed in trial state None while paused
2025-04-15 10:11:27,884 [WARNING] Gate left crossed in trial state None while paused
2025-04-15 10:11:28,089 [WARNING] Gate left crossed in trial state None while paused
2025-04-15 10:11:28,294 [WARNING] Gate left crossed in trial state None while paused
2025-04-15 10:11:28,500 [WARNING] Gate left crossed in trial state None while paused
2025-04-15 10:11:28,705 [WARNING] Gate left crossed in trial state None while paused
2025-04-15 10:11:28,910 [WARNING] Gate left crossed in trial state None while paused
2025-04-15 10:11:29,115 [WARNING] Gate left crossed in trial state None while paused
2025-04-15 10:11:29,321 [WARNING] Gate left crossed in trial state None while paused
2025-04-15 10:11:29,526 [WARNING] Gate left crossed in trial state None while paused
2025-04-15 10:11:31,536 [WARNING] Gate right crossed in trial state None while paused
2025-04-15 10:11:31,547 [WARNING] Gate right crossed in trial state None while paused
2025-04-15 10:11:31,565 [WARNING] Gate right crossed in trial state None while paused
2025-04-15 10:11:39,703 [WARNING] Gate right crossed in trial state None while paused
2025-04-15 10:11:39,769 [WARNING] Gate right crossed in trial state None while paused
2025-04-15 10:11:39,782 [WARNING] Gate right crossed in trial state None while paused
2025-04-15 10:11:39,795 [WARNING] Gate right crossed in trial state None while paused
2025-04-15 10:11:39,815 [WARNING] Gate right crossed in trial state None while paused
2025-04-15 10:11:39,836 [WARNING] Gate right crossed in trial state None while paused
2025-04-15 10:11:39,848 [WARNING] Gate right crossed in trial state None while paused
2025-04-15 10:11:39,872 [WARNING] Gate right crossed in trial state None while paused
2025-04-15 10:11:39,883 [WARNING] Gate right crossed in trial state None while paused
2025-04-15 10:11:39,895 [WARNING] Gate right crossed in trial state None while paused
2025-04-15 10:11:39,922 [WARNING] Gate right crossed in trial state None while paused
2025-04-15 10:11:39,944 [WARNING] Gate right crossed in trial state None while paused
2025-04-15 10:11:40,852 [WARNING] Gate right crossed in trial state None while paused
2025-04-15 10:11:40,879 [WARNING] Gate right crossed in trial state None while paused
2025-04-15 10:11:40,906 [WARNING] Gate right crossed in trial state None while paused
2025-04-15 10:11:40,932 [WARNING] Gate right crossed in trial state None while paused
2025-04-15 10:11:41,005 [WARNING] Gate right crossed in trial state None while paused
2025-04-15 10:11:41,058 [WARNING] Gate right crossed in trial state None while paused
2025-04-15 10:11:41,113 [WARNING] Gate right crossed in trial state None while paused
2025-04-15 10:11:41,140 [WARNING] Gate right crossed in trial state None while paused
2025-04-15 10:11:41,158 [WARNING] Gate right crossed in trial state None while paused
2025-04-15 10:11:41,220 [WARNING] Gate right crossed in trial state None while paused
2025-04-15 10:11:41,445 [WARNING] Gate right crossed in trial state None while paused
2025-04-15 10:11:41,461 [WARNING] Gate right crossed in trial state None while paused
2025-04-15 10:11:41,474 [WARNING] Gate right crossed in trial state None while paused
2025-04-15 10:11:41,493 [WARNING] Gate right crossed in trial state None while paused
2025-04-15 10:11:41,542 [WARNING] Gate right crossed in trial state None while paused
2025-04-15 10:11:41,569 [WARNING] Gate right crossed in trial state None while paused
2025-04-15 10:11:41,596 [WARNING] Gate right crossed in trial state None while paused
2025-04-15 10:11:41,618 [WARNING] Gate right crossed in trial state None while paused
2025-04-15 10:11:41,660 [WARNING] Gate right crossed in trial state None while paused
2025-04-15 10:11:41,674 [WARNING] Gate right crossed in trial state None while paused
2025-04-15 10:11:41,711 [WARNING] Gate right crossed in trial state None while paused
2025-04-15 10:11:41,737 [WARNING] Gate right crossed in trial state None while paused
2025-04-15 10:11:41,758 [WARNING] Gate right crossed in trial state None while paused
2025-04-15 10:11:41,820 [WARNING] Gate right crossed in trial state None while paused
2025-04-15 10:11:41,831 [WARNING] Gate right crossed in trial state None while paused
2025-04-15 10:11:41,866 [WARNING] Gate right crossed in trial state None while paused
2025-04-15 10:11:41,877 [WARNING] Gate right crossed in trial state None while paused
2025-04-15 10:11:41,889 [WARNING] Gate right crossed in trial state None while paused
2025-04-15 10:11:41,900 [WARNING] Gate right crossed in trial state None while paused
2025-04-15 10:11:41,935 [WARNING] Gate right crossed in trial state None while paused
2025-04-15 10:11:41,963 [WARNING] Gate right crossed in trial state None while paused
2025-04-15 10:11:41,988 [WARNING] Gate right crossed in trial state None while paused
2025-04-15 10:11:42,018 [WARNING] Gate right crossed in trial state None while paused
2025-04-15 10:11:42,039 [WARNING] Gate right crossed in trial state None while paused
2025-04-15 10:11:42,053 [WARNING] Gate right crossed in trial state None while paused
2025-04-15 10:11:42,078 [WARNING] Gate right crossed in trial state None while paused
2025-04-15 10:11:42,119 [WARNING] Gate right crossed in trial state None while paused
2025-04-15 10:11:42,130 [WARNING] Gate right crossed in trial state None while paused
2025-04-15 10:11:42,151 [WARNING] Gate right crossed in trial state None while paused
2025-04-15 10:11:42,163 [WARNING] Gate right crossed in trial state None while paused
2025-04-15 10:11:42,175 [WARNING] Gate right crossed in trial state None while paused
2025-04-15 10:11:42,186 [WARNING] Gate right crossed in trial state None while paused
2025-04-15 10:11:42,216 [WARNING] Gate right crossed in trial state None while paused
2025-04-15 10:11:42,264 [WARNING] Gate right crossed in trial state None while paused
2025-04-15 10:11:42,279 [WARNING] Gate right crossed in trial state None while paused
2025-04-15 10:11:42,302 [WARNING] Gate right crossed in trial state None while paused
2025-04-15 10:11:42,313 [WARNING] Gate right crossed in trial state None while paused
2025-04-15 10:11:42,334 [WARNING] Gate right crossed in trial state None while paused
2025-04-15 10:11:42,360 [WARNING] Gate right crossed in trial state None while paused
2025-04-15 10:11:42,407 [WARNING] Gate right crossed in trial state None while paused
2025-04-15 10:11:42,449 [WARNING] Gate right crossed in trial state None while paused
2025-04-15 10:11:42,477 [WARNING] Gate right crossed in trial state None while paused
2025-04-15 10:11:42,496 [WARNING] Gate right crossed in trial state None while paused
2025-04-15 10:11:42,506 [WARNING] Gate right crossed in trial state None while paused
2025-04-15 10:11:42,544 [WARNING] Gate right crossed in trial state None while paused
2025-04-15 10:11:42,567 [WARNING] Gate right crossed in trial state None while paused
2025-04-15 10:11:42,597 [WARNING] Gate right crossed in trial state None while paused
2025-04-15 10:11:42,611 [WARNING] Gate right crossed in trial state None while paused
2025-04-15 10:11:42,627 [WARNING] Gate right crossed in trial state None while paused
2025-04-15 10:11:42,654 [WARNING] Gate right crossed in trial state None while paused
2025-04-15 10:11:42,703 [WARNING] Gate right crossed in trial state None while paused
2025-04-15 10:11:42,725 [WARNING] Gate right crossed in trial state None while paused
2025-04-15 10:11:42,748 [WARNING] Gate right crossed in trial state None while paused
2025-04-15 10:11:42,762 [WARNING] Gate right crossed in trial state None while paused
2025-04-15 10:11:42,782 [WARNING] Gate right crossed in trial state None while paused
2025-04-15 10:11:42,817 [WARNING] Gate right crossed in trial state None while paused
2025-04-15 10:11:42,866 [WARNING] Gate right crossed in trial state None while paused
2025-04-15 10:11:42,894 [WARNING] Gate right crossed in trial state None while paused
2025-04-15 10:11:42,910 [WARNING] Gate right crossed in trial state None while paused
2025-04-15 10:11:42,920 [WARNING] Gate right crossed in trial state None while paused
2025-04-15 10:11:42,934 [WARNING] Gate right crossed in trial state None while paused
2025-04-15 10:11:42,960 [WARNING] Gate right crossed in trial state None while paused
2025-04-15 10:11:42,981 [WARNING] Gate right crossed in trial state None while paused
2025-04-15 10:11:43,012 [WARNING] Gate right crossed in trial state None while paused
2025-04-15 10:11:43,040 [WARNING] Gate right crossed in trial state None while paused
2025-04-15 10:11:43,051 [WARNING] Gate right crossed in trial state None while paused
2025-04-15 10:11:43,081 [WARNING] Gate right crossed in trial state None while paused
2025-04-15 10:11:43,103 [WARNING] Gate right crossed in trial state None while paused
2025-04-15 10:11:43,148 [WARNING] Gate right crossed in trial state None while paused
2025-04-15 10:11:43,170 [WARNING] Gate right crossed in trial state None while paused
2025-04-15 10:11:43,203 [WARNING] Gate right crossed in trial state None while paused
2025-04-15 10:11:43,243 [WARNING] Gate right crossed in trial state None while paused
2025-04-15 10:11:43,272 [WARNING] Gate right crossed in trial state None while paused
2025-04-15 10:11:43,285 [WARNING] Gate right crossed in trial state None while paused
2025-04-15 10:11:43,297 [WARNING] Gate right crossed in trial state None while paused
2025-04-15 10:11:43,339 [WARNING] Gate right crossed in trial state None while paused
2025-04-15 10:11:43,381 [WARNING] Gate right crossed in trial state None while paused
2025-04-15 10:11:43,415 [WARNING] Gate right crossed in trial state None while paused
2025-04-15 10:11:43,434 [WARNING] Gate right crossed in trial state None while paused
2025-04-15 10:11:43,458 [WARNING] Gate right crossed in trial state None while paused
2025-04-15 10:11:43,507 [WARNING] Gate right crossed in trial state None while paused
2025-04-15 10:11:43,529 [WARNING] Gate right crossed in trial state None while paused
2025-04-15 10:11:43,550 [WARNING] Gate right crossed in trial state None while paused
2025-04-15 10:11:43,561 [WARNING] Gate right crossed in trial state None while paused
2025-04-15 10:11:43,575 [WARNING] Gate right crossed in trial state None while paused
2025-04-15 10:11:43,597 [WARNING] Gate right crossed in trial state None while paused
2025-04-15 10:11:43,624 [WARNING] Gate right crossed in trial state None while paused
2025-04-15 10:11:43,687 [WARNING] Gate right crossed in trial state None while paused
2025-04-15 10:11:43,697 [WARNING] Gate right crossed in trial state None while paused
2025-04-15 10:11:43,715 [WARNING] Gate right crossed in trial state None while paused
2025-04-15 10:11:43,741 [WARNING] Gate right crossed in trial state None while paused
2025-04-15 10:11:43,780 [WARNING] Gate right crossed in trial state None while paused
2025-04-15 10:11:43,809 [WARNING] Gate right crossed in trial state None while paused
2025-04-15 10:11:43,826 [WARNING] Gate right crossed in trial state None while paused
2025-04-15 10:11:43,837 [WARNING] Gate right crossed in trial state None while paused
2025-04-15 10:11:43,864 [WARNING] Gate right crossed in trial state None while paused
2025-04-15 10:11:43,880 [WARNING] Gate right crossed in trial state None while paused
2025-04-15 10:11:43,898 [WARNING] Gate right crossed in trial state None while paused
2025-04-15 10:11:43,911 [WARNING] Gate right crossed in trial state None while paused
2025-04-15 10:11:43,922 [WARNING] Gate right crossed in trial state None while paused
2025-04-15 10:11:43,944 [WARNING] Gate right crossed in trial state None while paused
2025-04-15 10:11:43,954 [WARNING] Gate right crossed in trial state None while paused
2025-04-15 10:11:43,972 [WARNING] Gate right crossed in trial state None while paused
2025-04-15 10:11:43,986 [WARNING] Gate right crossed in trial state None while paused
2025-04-15 10:11:53,483 [WARNING] Gate right crossed in trial state None while paused
2025-04-15 10:11:53,505 [WARNING] Gate right crossed in trial state None while paused
2025-04-15 10:11:54,408 [WARNING] Gate right crossed in trial state None while paused
2025-04-15 10:11:57,168 [WARNING] Gate left crossed in trial state None while paused
2025-04-15 10:11:57,374 [WARNING] Gate left crossed in trial state None while paused
2025-04-15 10:11:57,579 [WARNING] Gate left crossed in trial state None while paused
2025-04-15 10:11:57,784 [WARNING] Gate left crossed in trial state None while paused
2025-04-15 10:11:57,990 [WARNING] Gate left crossed in trial state None while paused
2025-04-15 10:11:58,195 [WARNING] Gate left crossed in trial state None while paused
2025-04-15 10:11:58,400 [WARNING] Gate left crossed in trial state None while paused
2025-04-15 10:11:58,606 [WARNING] Gate left crossed in trial state None while paused
2025-04-15 10:11:58,811 [WARNING] Gate left crossed in trial state None while paused
2025-04-15 10:11:59,017 [WARNING] Gate left crossed in trial state None while paused
2025-04-15 10:11:59,179 [WARNING] Gate right crossed in trial state None while paused
2025-04-15 10:11:59,222 [WARNING] Gate left crossed in trial state None while paused
2025-04-15 10:11:59,427 [WARNING] Gate left crossed in trial state None while paused
2025-04-15 10:11:59,962 [WARNING] Gate right crossed in trial state None while paused
2025-04-15 10:12:00,124 [WARNING] Gate right crossed in trial state None while paused
2025-04-15 10:12:00,170 [WARNING] Gate right crossed in trial state None while paused
2025-04-15 10:12:01,814 [WARNING] Gate right crossed in trial state None while paused
2025-04-15 10:12:01,846 [WARNING] Gate right crossed in trial state None while paused
2025-04-15 10:12:01,919 [WARNING] Gate right crossed in trial state None while paused
2025-04-15 10:12:01,939 [WARNING] Gate right crossed in trial state None while paused
2025-04-15 10:12:01,953 [WARNING] Gate right crossed in trial state None while paused
2025-04-15 10:12:01,974 [WARNING] Gate right crossed in trial state None while paused
2025-04-15 10:12:02,032 [WARNING] Gate right crossed in trial state None while paused
2025-04-15 10:12:02,057 [WARNING] Gate right crossed in trial state None while paused
2025-04-15 10:12:02,137 [WARNING] Gate right crossed in trial state None while paused
2025-04-15 10:12:02,919 [WARNING] Gate right crossed in trial state None while paused
2025-04-15 10:12:02,936 [WARNING] Gate right crossed in trial state None while paused
2025-04-15 10:12:02,948 [WARNING] Gate right crossed in trial state None while paused
2025-04-15 10:12:02,993 [WARNING] Gate right crossed in trial state None while paused
2025-04-15 10:12:03,035 [WARNING] Gate right crossed in trial state None while paused
2025-04-15 10:12:03,056 [WARNING] Gate right crossed in trial state None while paused
2025-04-15 10:12:03,072 [WARNING] Gate right crossed in trial state None while paused
2025-04-15 10:12:03,529 [WARNING] Gate right crossed in trial state None while paused
2025-04-15 10:12:05,019 [WARNING] Gate right crossed in trial state None while paused
2025-04-15 10:12:06,896 [WARNING] Gate right crossed in trial state None while paused
2025-04-15 10:12:08,264 [WARNING] Gate right crossed in trial state None while paused
2025-04-15 10:12:09,564 [WARNING] Gate right crossed in trial state None while paused
2025-04-15 10:12:10,045 [WARNING] Gate right crossed in trial state None while paused
2025-04-15 10:12:10,178 [WARNING] Gate right crossed in trial state None while paused
2025-04-15 10:12:10,577 [WARNING] Gate right crossed in trial state None while paused
2025-04-15 10:12:10,931 [WARNING] Gate right crossed in trial state None while paused
2025-04-15 10:12:11,380 [WARNING] Gate right crossed in trial state None while paused
2025-04-15 10:12:11,564 [WARNING] Gate right crossed in trial state None while paused
2025-04-15 10:12:17,563 [WARNING] Gate left crossed in trial state None while paused
2025-04-15 10:12:17,768 [WARNING] Gate left crossed in trial state None while paused
2025-04-15 10:12:17,973 [WARNING] Gate left crossed in trial state None while paused
2025-04-15 10:12:18,178 [WARNING] Gate left crossed in trial state None while paused
2025-04-15 10:12:18,384 [WARNING] Gate left crossed in trial state None while paused
2025-04-15 10:12:18,589 [WARNING] Gate left crossed in trial state None while paused
2025-04-15 10:12:31,895 [WARNING] Gate right crossed in trial state None while paused
2025-04-15 10:12:31,928 [WARNING] Gate right crossed in trial state None while paused
2025-04-15 10:12:31,945 [WARNING] Gate right crossed in trial state None while paused
2025-04-15 10:12:31,963 [WARNING] Gate right crossed in trial state None while paused
2025-04-15 10:12:31,976 [WARNING] Gate right crossed in trial state None while paused
2025-04-15 10:12:31,992 [WARNING] Gate right crossed in trial state None while paused
2025-04-15 10:12:32,027 [WARNING] Gate right crossed in trial state None while paused
2025-04-15 10:12:32,088 [WARNING] Gate right crossed in trial state None while paused
2025-04-15 10:12:32,130 [WARNING] Gate right crossed in trial state None while paused
2025-04-15 10:12:32,143 [WARNING] Gate right crossed in trial state None while paused
2025-04-15 10:12:32,165 [WARNING] Gate right crossed in trial state None while paused
2025-04-15 10:12:32,180 [WARNING] Gate right crossed in trial state None while paused
2025-04-15 10:12:32,228 [WARNING] Gate right crossed in trial state None while paused
2025-04-15 10:12:32,257 [WARNING] Gate right crossed in trial state None while paused
2025-04-15 10:12:32,283 [WARNING] Gate right crossed in trial state None while paused
2025-04-15 10:12:32,315 [WARNING] Gate right crossed in trial state None while paused
2025-04-15 10:12:32,326 [WARNING] Gate right crossed in trial state None while paused
2025-04-15 10:12:32,346 [WARNING] Gate right crossed in trial state None while paused
2025-04-15 10:12:32,378 [WARNING] Gate right crossed in trial state None while paused
2025-04-15 10:12:32,409 [WARNING] Gate right crossed in trial state None while paused
2025-04-15 10:12:32,440 [WARNING] Gate right crossed in trial state None while paused
2025-04-15 10:12:32,457 [WARNING] Gate right crossed in trial state None while paused
2025-04-15 10:12:32,472 [WARNING] Gate right crossed in trial state None while paused
2025-04-15 10:12:32,503 [WARNING] Gate right crossed in trial state None while paused
2025-04-15 10:12:32,534 [WARNING] Gate right crossed in trial state None while paused
2025-04-15 10:12:32,566 [WARNING] Gate right crossed in trial state None while paused
2025-04-15 10:12:32,604 [WARNING] Gate right crossed in trial state None while paused
2025-04-15 10:12:32,629 [WARNING] Gate right crossed in trial state None while paused
2025-04-15 10:12:32,661 [WARNING] Gate right crossed in trial state None while paused
2025-04-15 10:12:32,698 [WARNING] Gate right crossed in trial state None while paused
2025-04-15 10:12:32,765 [WARNING] Gate right crossed in trial state None while paused
2025-04-15 10:12:32,775 [WARNING] Gate right crossed in trial state None while paused
2025-04-15 10:12:32,792 [WARNING] Gate right crossed in trial state None while paused
2025-04-15 10:12:32,819 [WARNING] Gate right crossed in trial state None while paused
2025-04-15 10:12:32,847 [WARNING] Gate right crossed in trial state None while paused
2025-04-15 10:12:32,908 [WARNING] Gate right crossed in trial state None while paused
2025-04-15 10:12:32,936 [WARNING] Gate right crossed in trial state None while paused
2025-04-15 10:12:32,963 [WARNING] Gate right crossed in trial state None while paused
2025-04-15 10:12:33,032 [WARNING] Gate right crossed in trial state None while paused
2025-04-15 10:12:33,043 [WARNING] Gate right crossed in trial state None while paused
2025-04-15 10:12:33,060 [WARNING] Gate right crossed in trial state None while paused
2025-04-15 10:12:33,078 [WARNING] Gate right crossed in trial state None while paused
2025-04-15 10:12:33,088 [WARNING] Gate right crossed in trial state None while paused
2025-04-15 10:12:33,101 [WARNING] Gate right crossed in trial state None while paused
2025-04-15 10:12:33,112 [WARNING] Gate right crossed in trial state None while paused
2025-04-15 10:12:33,128 [WARNING] Gate right crossed in trial state None while paused
2025-04-15 10:12:33,144 [WARNING] Gate right crossed in trial state None while paused
2025-04-15 10:12:33,198 [WARNING] Gate right crossed in trial state None while paused
2025-04-15 10:12:33,299 [WARNING] Gate right crossed in trial state None while paused
2025-04-15 10:12:33,328 [WARNING] Gate right crossed in trial state None while paused
2025-04-15 10:12:33,537 [WARNING] Gate right crossed in trial state None while paused
2025-04-15 10:12:33,743 [WARNING] Gate right crossed in trial state None while paused
2025-04-15 10:12:33,824 [WARNING] Gate right crossed in trial state None while paused
2025-04-15 10:12:33,877 [WARNING] Gate right crossed in trial state None while paused
2025-04-15 10:12:33,904 [WARNING] Gate right crossed in trial state None while paused
2025-04-15 10:12:33,947 [WARNING] Gate right crossed in trial state None while paused
2025-04-15 10:12:33,963 [WARNING] Gate right crossed in trial state None while paused
2025-04-15 10:12:33,974 [WARNING] Gate right crossed in trial state None while paused
2025-04-15 10:12:33,992 [WARNING] Gate right crossed in trial state None while paused
2025-04-15 10:12:34,026 [WARNING] Gate right crossed in trial state None while paused
2025-04-15 10:12:34,079 [WARNING] Gate right crossed in trial state None while paused
2025-04-15 10:12:34,124 [WARNING] Gate right crossed in trial state None while paused
2025-04-15 10:12:34,158 [WARNING] Gate right crossed in trial state None while paused
2025-04-15 10:12:34,359 [WARNING] Gate right crossed in trial state None while paused
2025-04-15 10:12:35,180 [WARNING] Gate right crossed in trial state None while paused
2025-04-15 10:12:36,658 [WARNING] Gate right crossed in trial state None while paused
2025-04-15 10:12:36,909 [WARNING] Gate right crossed in trial state None while paused
2025-04-15 10:12:36,919 [WARNING] Gate right crossed in trial state None while paused
2025-04-15 10:12:36,938 [WARNING] Gate right crossed in trial state None while paused
2025-04-15 10:12:36,964 [WARNING] Gate right crossed in trial state None while paused
2025-04-15 10:12:36,998 [WARNING] Gate right crossed in trial state None while paused
2025-04-15 10:12:37,028 [WARNING] Gate right crossed in trial state None while paused
2025-04-15 10:12:37,049 [WARNING] Gate right crossed in trial state None while paused
2025-04-15 10:12:37,078 [WARNING] Gate right crossed in trial state None while paused
2025-04-15 10:12:37,097 [WARNING] Gate right crossed in trial state None while paused
2025-04-15 10:12:37,113 [WARNING] Gate right crossed in trial state None while paused
2025-04-15 10:12:37,134 [WARNING] Gate right crossed in trial state None while paused
2025-04-15 10:12:37,154 [WARNING] Gate right crossed in trial state None while paused
2025-04-15 10:12:37,173 [WARNING] Gate right crossed in trial state None while paused
2025-04-15 10:12:37,199 [WARNING] Gate right crossed in trial state None while paused
2025-04-15 10:12:37,234 [WARNING] Gate right crossed in trial state None while paused
2025-04-15 10:12:37,258 [WARNING] Gate right crossed in trial state None while paused
2025-04-15 10:12:37,287 [WARNING] Gate right crossed in trial state None while paused
2025-04-15 10:12:37,556 [WARNING] Gate right crossed in trial state None while paused
2025-04-15 10:12:37,644 [WARNING] Gate right crossed in trial state None while paused
2025-04-15 10:12:38,055 [WARNING] Gate right crossed in trial state None while paused
2025-04-15 10:12:38,672 [WARNING] Gate right crossed in trial state None while paused
2025-04-15 10:12:39,288 [WARNING] Gate right crossed in trial state None while paused
2025-04-15 10:12:39,484 [WARNING] Gate right crossed in trial state None while paused
2025-04-15 10:12:39,495 [WARNING] Gate right crossed in trial state None while paused
2025-04-15 10:12:39,514 [WARNING] Gate right crossed in trial state None while paused
2025-04-15 10:12:39,527 [WARNING] Gate right crossed in trial state None while paused
2025-04-15 10:12:39,540 [WARNING] Gate right crossed in trial state None while paused
2025-04-15 10:12:39,570 [WARNING] Gate right crossed in trial state None while paused
2025-04-15 10:12:39,601 [WARNING] Gate right crossed in trial state None while paused
2025-04-15 10:12:39,619 [WARNING] Gate right crossed in trial state None while paused
2025-04-15 10:12:39,650 [WARNING] Gate right crossed in trial state None while paused
2025-04-15 10:12:39,682 [WARNING] Gate right crossed in trial state None while paused
2025-04-15 10:12:39,713 [WARNING] Gate right crossed in trial state None while paused
2025-04-15 10:12:39,745 [WARNING] Gate right crossed in trial state None while paused
2025-04-15 10:12:39,777 [WARNING] Gate right crossed in trial state None while paused
2025-04-15 10:12:39,808 [WARNING] Gate right crossed in trial state None while paused
2025-04-15 10:12:45,956 [WARNING] Gate right crossed in trial state None while paused
2025-04-15 10:12:45,967 [WARNING] Gate right crossed in trial state None while paused
2025-04-15 10:12:45,992 [WARNING] Gate right crossed in trial state None while paused
2025-04-15 10:12:46,004 [WARNING] Gate right crossed in trial state None while paused
2025-04-15 10:12:46,040 [WARNING] Gate right crossed in trial state None while paused
2025-04-15 10:12:46,084 [WARNING] Gate right crossed in trial state None while paused
2025-04-15 10:12:47,991 [WARNING] Gate right crossed in trial state None while paused
2025-04-15 10:12:49,134 [WARNING] Gate right crossed in trial state None while paused
2025-04-15 10:12:49,166 [WARNING] Gate right crossed in trial state None while paused
2025-04-15 10:12:49,583 [WARNING] Gate right crossed in trial state None while paused
2025-04-15 10:12:49,614 [WARNING] Gate right crossed in trial state None while paused
2025-04-15 10:12:49,641 [WARNING] Gate right crossed in trial state None while paused
2025-04-15 10:12:49,683 [WARNING] Gate right crossed in trial state None while paused
2025-04-15 10:12:49,710 [WARNING] Gate right crossed in trial state None while paused
2025-04-15 10:12:49,721 [WARNING] Gate right crossed in trial state None while paused
2025-04-15 10:12:49,738 [WARNING] Gate right crossed in trial state None while paused
2025-04-15 10:12:49,756 [WARNING] Gate right crossed in trial state None while paused
2025-04-15 10:12:49,781 [WARNING] Gate right crossed in trial state None while paused
2025-04-15 10:12:49,788 [WARNING] Gate entrance crossed in trial state None while paused
2025-04-15 10:12:49,812 [WARNING] Gate right crossed in trial state None while paused
2025-04-15 10:12:49,845 [WARNING] Gate right crossed in trial state None while paused
2025-04-15 10:12:49,856 [WARNING] Gate right crossed in trial state None while paused
2025-04-15 10:12:49,873 [WARNING] Gate right crossed in trial state None while paused
2025-04-15 10:12:49,892 [WARNING] Gate right crossed in trial state None while paused
2025-04-15 10:12:49,957 [WARNING] Gate right crossed in trial state None while paused
2025-04-15 10:12:49,981 [WARNING] Gate right crossed in trial state None while paused
2025-04-15 10:12:49,994 [WARNING] Gate entrance crossed in trial state None while paused
2025-04-15 10:12:50,026 [WARNING] Gate right crossed in trial state None while paused
2025-04-15 10:12:50,057 [WARNING] Gate right crossed in trial state None while paused
2025-04-15 10:12:50,089 [WARNING] Gate right crossed in trial state None while paused
2025-04-15 10:12:50,127 [WARNING] Gate right crossed in trial state None while paused
2025-04-15 10:12:50,184 [WARNING] Gate right crossed in trial state None while paused
2025-04-15 10:12:50,199 [WARNING] Gate entrance crossed in trial state None while paused
2025-04-15 10:12:50,207 [WARNING] Gate right crossed in trial state None while paused
2025-04-15 10:12:50,274 [WARNING] Gate right crossed in trial state None while paused
2025-04-15 10:12:50,367 [WARNING] Gate right crossed in trial state None while paused
2025-04-15 10:12:50,404 [WARNING] Gate entrance crossed in trial state None while paused
2025-04-15 10:12:50,456 [WARNING] Gate right crossed in trial state None while paused
2025-04-15 10:12:50,494 [WARNING] Gate right crossed in trial state None while paused
2025-04-15 10:12:50,562 [WARNING] Gate right crossed in trial state None while paused
2025-04-15 10:12:50,587 [WARNING] Gate right crossed in trial state None while paused
2025-04-15 10:12:50,610 [WARNING] Gate entrance crossed in trial state None while paused
2025-04-15 10:12:50,661 [WARNING] Gate right crossed in trial state None while paused
2025-04-15 10:12:50,707 [WARNING] Gate right crossed in trial state None while paused
2025-04-15 10:12:50,782 [WARNING] Gate right crossed in trial state None while paused
2025-04-15 10:12:50,793 [WARNING] Gate right crossed in trial state None while paused
2025-04-15 10:12:50,807 [WARNING] Gate right crossed in trial state None while paused
2025-04-15 10:12:50,815 [WARNING] Gate entrance crossed in trial state None while paused
2025-04-15 10:12:50,819 [WARNING] Gate right crossed in trial state None while paused
2025-04-15 10:12:50,884 [WARNING] Gate right crossed in trial state None while paused
2025-04-15 10:12:50,907 [WARNING] Gate right crossed in trial state None while paused
2025-04-15 10:12:51,020 [WARNING] Gate entrance crossed in trial state None while paused
2025-04-15 10:12:51,226 [WARNING] Gate entrance crossed in trial state None while paused
2025-04-15 10:12:51,431 [WARNING] Gate entrance crossed in trial state None while paused
2025-04-15 10:12:51,637 [WARNING] Gate entrance crossed in trial state None while paused
2025-04-15 10:12:51,842 [WARNING] Gate entrance crossed in trial state None while paused
2025-04-15 10:12:52,047 [WARNING] Gate entrance crossed in trial state None while paused
2025-04-15 10:12:52,253 [WARNING] Gate entrance crossed in trial state None while paused
2025-04-15 10:12:52,458 [WARNING] Gate entrance crossed in trial state None while paused
2025-04-15 10:12:52,664 [WARNING] Gate entrance crossed in trial state None while paused
2025-04-15 10:12:52,869 [WARNING] Gate entrance crossed in trial state None while paused
2025-04-15 10:12:53,074 [WARNING] Gate entrance crossed in trial state None while paused
2025-04-15 10:12:53,280 [WARNING] Gate entrance crossed in trial state None while paused
2025-04-15 10:12:53,485 [WARNING] Gate entrance crossed in trial state None while paused
2025-04-15 10:12:53,690 [WARNING] Gate entrance crossed in trial state None while paused
2025-04-15 10:12:53,896 [WARNING] Gate entrance crossed in trial state None while paused
2025-04-15 10:12:54,101 [WARNING] Gate entrance crossed in trial state None while paused
2025-04-15 10:12:54,306 [WARNING] Gate entrance crossed in trial state None while paused
2025-04-15 10:12:54,399 [WARNING] Gate right crossed in trial state None while paused
2025-04-15 10:12:54,458 [WARNING] Gate right crossed in trial state None while paused
2025-04-15 10:12:54,507 [WARNING] Gate right crossed in trial state None while paused
2025-04-15 10:12:54,512 [WARNING] Gate entrance crossed in trial state None while paused
2025-04-15 10:12:54,556 [WARNING] Gate right crossed in trial state None while paused
2025-04-15 10:12:54,621 [WARNING] Gate right crossed in trial state None while paused
2025-04-15 10:12:54,669 [WARNING] Gate right crossed in trial state None while paused
2025-04-15 10:12:54,689 [WARNING] Gate right crossed in trial state None while paused
2025-04-15 10:12:54,710 [WARNING] Gate right crossed in trial state None while paused
2025-04-15 10:12:54,723 [WARNING] Gate right crossed in trial state None while paused
2025-04-15 10:12:54,751 [WARNING] Gate right crossed in trial state None while paused
2025-04-15 10:12:54,784 [WARNING] Gate right crossed in trial state None while paused
2025-04-15 10:12:54,816 [WARNING] Gate right crossed in trial state None while paused
2025-04-15 10:12:54,881 [WARNING] Gate right crossed in trial state None while paused
2025-04-15 10:12:54,895 [WARNING] Gate right crossed in trial state None while paused
2025-04-15 10:12:54,942 [WARNING] Gate right crossed in trial state None while paused
2025-04-15 10:12:55,011 [WARNING] Gate right crossed in trial state None while paused
2025-04-15 10:12:55,079 [WARNING] Gate right crossed in trial state None while paused
2025-04-15 10:12:55,148 [WARNING] Gate right crossed in trial state None while paused
2025-04-15 10:12:55,159 [WARNING] Gate right crossed in trial state None while paused
2025-04-15 10:12:55,170 [WARNING] Gate right crossed in trial state None while paused
2025-04-15 10:12:55,195 [WARNING] Gate right crossed in trial state None while paused
2025-04-15 10:12:55,244 [WARNING] Gate right crossed in trial state None while paused
2025-04-15 10:12:55,256 [WARNING] Gate right crossed in trial state None while paused
2025-04-15 10:12:55,266 [WARNING] Gate right crossed in trial state None while paused
2025-04-15 10:12:55,288 [WARNING] Gate right crossed in trial state None while paused
2025-04-15 10:12:55,299 [WARNING] Gate right crossed in trial state None while paused
2025-04-15 10:12:55,313 [WARNING] Gate right crossed in trial state None while paused
2025-04-15 10:12:55,339 [WARNING] Gate right crossed in trial state None while paused
2025-04-15 10:12:55,355 [WARNING] Gate right crossed in trial state None while paused
2025-04-15 10:12:55,366 [WARNING] Gate right crossed in trial state None while paused
2025-04-15 10:12:55,383 [WARNING] Gate right crossed in trial state None while paused
2025-04-15 10:12:55,399 [WARNING] Gate right crossed in trial state None while paused
2025-04-15 10:12:55,414 [WARNING] Gate right crossed in trial state None while paused
2025-04-15 10:12:55,446 [WARNING] Gate right crossed in trial state None while paused
2025-04-15 10:12:55,460 [WARNING] Gate right crossed in trial state None while paused
2025-04-15 10:12:55,481 [WARNING] Gate right crossed in trial state None while paused
2025-04-15 10:12:55,492 [WARNING] Gate right crossed in trial state None while paused
2025-04-15 10:12:55,524 [WARNING] Gate right crossed in trial state None while paused
2025-04-15 10:12:55,540 [WARNING] Gate right crossed in trial state None while paused
2025-04-15 10:12:55,575 [WARNING] Gate right crossed in trial state None while paused
2025-04-15 10:12:55,586 [WARNING] Gate right crossed in trial state None while paused
2025-04-15 10:12:55,608 [WARNING] Gate right crossed in trial state None while paused
2025-04-15 10:12:55,635 [WARNING] Gate right crossed in trial state None while paused
2025-04-15 10:12:55,660 [WARNING] Gate right crossed in trial state None while paused
2025-04-15 10:12:55,696 [WARNING] Gate right crossed in trial state None while paused
2025-04-15 10:12:55,711 [WARNING] Gate right crossed in trial state None while paused
2025-04-15 10:12:55,723 [WARNING] Gate right crossed in trial state None while paused
2025-04-15 10:12:55,760 [WARNING] Gate right crossed in trial state None while paused
2025-04-15 10:12:55,774 [WARNING] Gate right crossed in trial state None while paused
2025-04-15 10:12:55,791 [WARNING] Gate right crossed in trial state None while paused
2025-04-15 10:12:55,821 [WARNING] Gate right crossed in trial state None while paused
2025-04-15 10:12:55,837 [WARNING] Gate right crossed in trial state None while paused
2025-04-15 10:12:55,854 [WARNING] Gate right crossed in trial state None while paused
2025-04-15 10:12:55,868 [WARNING] Gate right crossed in trial state None while paused
2025-04-15 10:12:55,884 [WARNING] Gate right crossed in trial state None while paused
2025-04-15 10:12:55,900 [WARNING] Gate right crossed in trial state None while paused
2025-04-15 10:12:55,915 [WARNING] Gate right crossed in trial state None while paused
2025-04-15 10:12:55,931 [WARNING] Gate right crossed in trial state None while paused
2025-04-15 10:12:55,945 [WARNING] Gate right crossed in trial state None while paused
2025-04-15 10:12:55,977 [WARNING] Gate right crossed in trial state None while paused
2025-04-15 10:12:56,012 [WARNING] Gate right crossed in trial state None while paused
2025-04-15 10:12:56,044 [WARNING] Gate right crossed in trial state None while paused
2025-04-15 10:12:56,069 [WARNING] Gate right crossed in trial state None while paused
2025-04-15 10:12:56,090 [WARNING] Gate right crossed in trial state None while paused
2025-04-15 10:12:56,108 [WARNING] Gate right crossed in trial state None while paused
2025-04-15 10:12:56,137 [WARNING] Gate right crossed in trial state None while paused
2025-04-15 10:12:56,172 [WARNING] Gate right crossed in trial state None while paused
2025-04-15 10:12:56,183 [WARNING] Gate right crossed in trial state None while paused
2025-04-15 10:12:56,194 [WARNING] Gate right crossed in trial state None while paused
2025-04-15 10:12:56,235 [WARNING] Gate right crossed in trial state None while paused
2025-04-15 10:12:56,245 [WARNING] Gate right crossed in trial state None while paused
2025-04-15 10:12:56,256 [WARNING] Gate right crossed in trial state None while paused
2025-04-15 10:12:56,278 [WARNING] Gate right crossed in trial state None while paused
2025-04-15 10:12:56,325 [WARNING] Gate right crossed in trial state None while paused
2025-04-15 10:12:56,351 [WARNING] Gate right crossed in trial state None while paused
2025-04-15 10:12:56,390 [WARNING] Gate right crossed in trial state None while paused
2025-04-15 10:12:56,404 [WARNING] Gate right crossed in trial state None while paused
2025-04-15 10:12:56,414 [WARNING] Gate right crossed in trial state None while paused
2025-04-15 10:12:56,435 [WARNING] Gate right crossed in trial state None while paused
2025-04-15 10:12:56,451 [WARNING] Gate right crossed in trial state None while paused
2025-04-15 10:12:56,482 [WARNING] Gate right crossed in trial state None while paused
2025-04-15 10:12:56,500 [WARNING] Gate right crossed in trial state None while paused
2025-04-15 10:12:56,516 [WARNING] Gate right crossed in trial state None while paused
2025-04-15 10:12:56,550 [WARNING] Gate right crossed in trial state None while paused
2025-04-15 10:12:56,571 [WARNING] Gate right crossed in trial state None while paused
2025-04-15 10:12:56,592 [WARNING] Gate right crossed in trial state None while paused
2025-04-15 10:12:56,603 [WARNING] Gate right crossed in trial state None while paused
2025-04-15 10:12:56,614 [WARNING] Gate right crossed in trial state None while paused
2025-04-15 10:12:56,634 [WARNING] Gate right crossed in trial state None while paused
2025-04-15 10:12:56,645 [WARNING] Gate right crossed in trial state None while paused
2025-04-15 10:12:56,656 [WARNING] Gate right crossed in trial state None while paused
2025-04-15 10:12:56,676 [WARNING] Gate right crossed in trial state None while paused
2025-04-15 10:12:56,687 [WARNING] Gate right crossed in trial state None while paused
2025-04-15 10:12:56,708 [WARNING] Gate right crossed in trial state None while paused
2025-04-15 10:12:56,728 [WARNING] Gate right crossed in trial state None while paused
2025-04-15 10:12:56,738 [WARNING] Gate right crossed in trial state None while paused
2025-04-15 10:12:56,749 [WARNING] Gate right crossed in trial state None while paused
2025-04-15 10:12:56,760 [WARNING] Gate right crossed in trial state None while paused
2025-04-15 10:12:56,801 [WARNING] Gate right crossed in trial state None while paused
2025-04-15 10:12:56,812 [WARNING] Gate right crossed in trial state None while paused
2025-04-15 10:12:56,823 [WARNING] Gate right crossed in trial state None while paused
2025-04-15 10:12:56,844 [WARNING] Gate right crossed in trial state None while paused
2025-04-15 10:12:56,874 [WARNING] Gate right crossed in trial state None while paused
2025-04-15 10:12:56,893 [WARNING] Gate right crossed in trial state None while paused
2025-04-15 10:12:56,904 [WARNING] Gate right crossed in trial state None while paused
2025-04-15 10:12:56,938 [WARNING] Gate right crossed in trial state None while paused
2025-04-15 10:12:56,960 [WARNING] Gate right crossed in trial state None while paused
2025-04-15 10:12:56,975 [WARNING] Gate right crossed in trial state None while paused
2025-04-15 10:12:56,989 [WARNING] Gate right crossed in trial state None while paused
2025-04-15 10:12:57,027 [WARNING] Gate right crossed in trial state None while paused
2025-04-15 10:12:57,049 [WARNING] Gate right crossed in trial state None while paused
2025-04-15 10:12:57,064 [WARNING] Gate right crossed in trial state None while paused
2025-04-15 10:12:57,085 [WARNING] Gate right crossed in trial state None while paused
2025-04-15 10:12:57,096 [WARNING] Gate right crossed in trial state None while paused
2025-04-15 10:12:57,107 [WARNING] Gate right crossed in trial state None while paused
2025-04-15 10:12:57,127 [WARNING] Gate right crossed in trial state None while paused
2025-04-15 10:12:57,148 [WARNING] Gate right crossed in trial state None while paused
2025-04-15 10:12:57,189 [WARNING] Gate right crossed in trial state None while paused
2025-04-15 10:12:57,211 [WARNING] Gate right crossed in trial state None while paused
2025-04-15 10:12:57,242 [WARNING] Gate right crossed in trial state None while paused
2025-04-15 10:12:57,252 [WARNING] Gate right crossed in trial state None while paused
2025-04-15 10:12:57,273 [WARNING] Gate right crossed in trial state None while paused
2025-04-15 10:12:57,283 [WARNING] Gate right crossed in trial state None while paused
2025-04-15 10:12:57,304 [WARNING] Gate right crossed in trial state None while paused
2025-04-15 10:12:57,322 [WARNING] Gate right crossed in trial state None while paused
2025-04-15 10:12:57,336 [WARNING] Gate right crossed in trial state None while paused
2025-04-15 10:12:57,347 [WARNING] Gate right crossed in trial state None while paused
2025-04-15 10:12:57,367 [WARNING] Gate right crossed in trial state None while paused
2025-04-15 10:12:57,378 [WARNING] Gate right crossed in trial state None while paused
2025-04-15 10:12:57,388 [WARNING] Gate right crossed in trial state None while paused
2025-04-15 10:12:57,410 [WARNING] Gate right crossed in trial state None while paused
2025-04-15 10:12:57,424 [WARNING] Gate right crossed in trial state None while paused
2025-04-15 10:12:57,441 [WARNING] Gate right crossed in trial state None while paused
2025-04-15 10:12:57,493 [WARNING] Gate right crossed in trial state None while paused
2025-04-15 10:12:57,515 [WARNING] Gate right crossed in trial state None while paused
2025-04-15 10:12:57,531 [WARNING] Gate right crossed in trial state None while paused
2025-04-15 10:12:57,541 [WARNING] Gate right crossed in trial state None while paused
2025-04-15 10:12:57,583 [WARNING] Gate right crossed in trial state None while paused
2025-04-15 10:12:57,604 [WARNING] Gate right crossed in trial state None while paused
2025-04-15 10:12:57,641 [WARNING] Gate right crossed in trial state None while paused
2025-04-15 10:12:57,662 [WARNING] Gate right crossed in trial state None while paused
2025-04-15 10:12:57,684 [WARNING] Gate right crossed in trial state None while paused
2025-04-15 10:12:57,699 [WARNING] Gate right crossed in trial state None while paused
2025-04-15 10:12:57,731 [WARNING] Gate right crossed in trial state None while paused
2025-04-15 10:12:57,762 [WARNING] Gate right crossed in trial state None while paused
2025-04-15 10:12:57,772 [WARNING] Gate right crossed in trial state None while paused
2025-04-15 10:12:57,809 [WARNING] Gate right crossed in trial state None while paused
2025-04-15 10:12:57,845 [WARNING] Gate right crossed in trial state None while paused
2025-04-15 10:12:57,857 [WARNING] Gate right crossed in trial state None while paused
2025-04-15 10:12:57,882 [WARNING] Gate right crossed in trial state None while paused
2025-04-15 10:12:57,909 [WARNING] Gate right crossed in trial state None while paused
2025-04-15 10:12:57,920 [WARNING] Gate right crossed in trial state None while paused
2025-04-15 10:12:57,930 [WARNING] Gate right crossed in trial state None while paused
2025-04-15 10:12:57,941 [WARNING] Gate right crossed in trial state None while paused
2025-04-15 10:12:57,962 [WARNING] Gate right crossed in trial state None while paused
2025-04-15 10:12:57,973 [WARNING] Gate right crossed in trial state None while paused
2025-04-15 10:12:58,006 [WARNING] Gate right crossed in trial state None while paused
2025-04-15 10:12:58,024 [WARNING] Gate right crossed in trial state None while paused
2025-04-15 10:12:58,045 [WARNING] Gate right crossed in trial state None while paused
2025-04-15 10:12:58,056 [WARNING] Gate right crossed in trial state None while paused
2025-04-15 10:12:58,067 [WARNING] Gate right crossed in trial state None while paused
2025-04-15 10:12:58,100 [WARNING] Gate right crossed in trial state None while paused
2025-04-15 10:12:58,118 [WARNING] Gate right crossed in trial state None while paused
2025-04-15 10:12:58,149 [WARNING] Gate right crossed in trial state None while paused
2025-04-15 10:12:58,160 [WARNING] Gate right crossed in trial state None while paused
2025-04-15 10:12:58,181 [WARNING] Gate right crossed in trial state None while paused
2025-04-15 10:12:58,212 [WARNING] Gate right crossed in trial state None while paused
2025-04-15 10:12:58,222 [WARNING] Gate right crossed in trial state None while paused
2025-04-15 10:12:58,243 [WARNING] Gate right crossed in trial state None while paused
2025-04-15 10:12:58,263 [WARNING] Gate right crossed in trial state None while paused
2025-04-15 10:12:58,275 [WARNING] Gate right crossed in trial state None while paused
2025-04-15 10:12:58,306 [WARNING] Gate right crossed in trial state None while paused
2025-04-15 10:12:58,338 [WARNING] Gate right crossed in trial state None while paused
2025-04-15 10:12:58,369 [WARNING] Gate right crossed in trial state None while paused
2025-04-15 10:12:58,400 [WARNING] Gate right crossed in trial state None while paused
2025-04-15 10:12:58,414 [WARNING] Gate right crossed in trial state None while paused
2025-04-15 10:12:58,432 [WARNING] Gate right crossed in trial state None while paused
2025-04-15 10:12:58,463 [WARNING] Gate right crossed in trial state None while paused
2025-04-15 10:12:58,494 [WARNING] Gate right crossed in trial state None while paused
2025-04-15 10:12:58,525 [WARNING] Gate right crossed in trial state None while paused
2025-04-15 10:12:58,557 [WARNING] Gate right crossed in trial state None while paused
2025-04-15 10:12:58,589 [WARNING] Gate right crossed in trial state None while paused
2025-04-15 10:12:58,620 [WARNING] Gate right crossed in trial state None while paused
2025-04-15 10:12:58,651 [WARNING] Gate right crossed in trial state None while paused
2025-04-15 10:12:58,682 [WARNING] Gate right crossed in trial state None while paused
2025-04-15 10:12:58,713 [WARNING] Gate right crossed in trial state None while paused
2025-04-15 10:12:58,744 [WARNING] Gate right crossed in trial state None while paused
2025-04-15 10:12:58,775 [WARNING] Gate right crossed in trial state None while paused
2025-04-15 10:12:58,806 [WARNING] Gate right crossed in trial state None while paused
2025-04-15 10:12:58,824 [WARNING] Gate right crossed in trial state None while paused
2025-04-15 10:12:58,837 [WARNING] Gate right crossed in trial state None while paused
2025-04-15 10:12:58,868 [WARNING] Gate right crossed in trial state None while paused
2025-04-15 10:12:58,900 [WARNING] Gate right crossed in trial state None while paused
2025-04-15 10:12:58,931 [WARNING] Gate right crossed in trial state None while paused
2025-04-15 10:12:58,962 [WARNING] Gate right crossed in trial state None while paused
2025-04-15 10:12:59,040 [WARNING] Gate right crossed in trial state None while paused
2025-04-15 10:12:59,066 [WARNING] Gate right crossed in trial state None while paused
2025-04-15 10:12:59,108 [WARNING] Gate right crossed in trial state None while paused
2025-04-15 10:12:59,139 [WARNING] Gate right crossed in trial state None while paused
2025-04-15 10:12:59,170 [WARNING] Gate right crossed in trial state None while paused
2025-04-15 10:12:59,202 [WARNING] Gate right crossed in trial state None while paused
2025-04-15 10:12:59,234 [WARNING] Gate right crossed in trial state None while paused
2025-04-15 10:12:59,264 [WARNING] Gate right crossed in trial state None while paused
2025-04-15 10:12:59,296 [WARNING] Gate right crossed in trial state None while paused
2025-04-15 10:12:59,328 [WARNING] Gate right crossed in trial state None while paused
2025-04-15 10:12:59,359 [WARNING] Gate right crossed in trial state None while paused
2025-04-15 10:12:59,390 [WARNING] Gate right crossed in trial state None while paused
2025-04-15 10:12:59,421 [WARNING] Gate right crossed in trial state None while paused
2025-04-15 10:12:59,441 [WARNING] Gate right crossed in trial state None while paused
2025-04-15 10:12:59,452 [WARNING] Gate right crossed in trial state None while paused
2025-04-15 10:12:59,483 [WARNING] Gate right crossed in trial state None while paused
2025-04-15 10:12:59,514 [WARNING] Gate right crossed in trial state None while paused
2025-04-15 10:12:59,545 [WARNING] Gate right crossed in trial state None while paused
2025-04-15 10:12:59,576 [WARNING] Gate right crossed in trial state None while paused
2025-04-15 10:12:59,608 [WARNING] Gate right crossed in trial state None while paused
2025-04-15 10:12:59,646 [WARNING] Gate right crossed in trial state None while paused
2025-04-15 10:12:59,670 [WARNING] Gate right crossed in trial state None while paused
2025-04-15 10:12:59,701 [WARNING] Gate right crossed in trial state None while paused
2025-04-15 10:12:59,732 [WARNING] Gate right crossed in trial state None while paused
2025-04-15 10:12:59,764 [WARNING] Gate right crossed in trial state None while paused
2025-04-15 10:12:59,862 [WARNING] Gate right crossed in trial state None while paused
2025-04-15 10:12:59,884 [WARNING] Gate right crossed in trial state None while paused
2025-04-15 10:12:59,900 [WARNING] Gate right crossed in trial state None while paused
2025-04-15 10:12:59,981 [WARNING] Gate right crossed in trial state None while paused
2025-04-15 10:12:59,992 [WARNING] Gate right crossed in trial state None while paused
2025-04-15 10:13:00,004 [WARNING] Gate right crossed in trial state None while paused
2025-04-15 10:13:00,019 [WARNING] Gate right crossed in trial state None while paused
2025-04-15 10:13:00,058 [WARNING] Gate right crossed in trial state None while paused
2025-04-15 10:13:00,076 [WARNING] Gate right crossed in trial state None while paused
2025-04-15 10:13:00,098 [WARNING] Gate right crossed in trial state None while paused
2025-04-15 10:13:00,135 [WARNING] Gate right crossed in trial state None while paused
2025-04-15 10:13:00,156 [WARNING] Gate right crossed in trial state None while paused
2025-04-15 10:13:00,254 [WARNING] Gate right crossed in trial state None while paused
2025-04-15 10:13:00,282 [WARNING] Gate right crossed in trial state None while paused
2025-04-15 10:13:00,394 [WARNING] Gate right crossed in trial state None while paused
2025-04-15 10:13:00,411 [WARNING] Gate right crossed in trial state None while paused
2025-04-15 10:13:00,468 [WARNING] Gate right crossed in trial state None while paused
2025-04-15 10:13:00,505 [WARNING] Gate right crossed in trial state None while paused
2025-04-15 10:13:00,536 [WARNING] Gate right crossed in trial state None while paused
2025-04-15 10:13:00,588 [WARNING] Gate right crossed in trial state None while paused
2025-04-15 10:13:00,619 [WARNING] Gate right crossed in trial state None while paused
2025-04-15 10:13:00,647 [WARNING] Gate right crossed in trial state None while paused
2025-04-15 10:13:00,673 [WARNING] Gate right crossed in trial state None while paused
2025-04-15 10:13:00,744 [WARNING] Gate right crossed in trial state None while paused
2025-04-15 10:13:00,769 [WARNING] Gate right crossed in trial state None while paused
2025-04-15 10:13:00,782 [WARNING] Gate right crossed in trial state None while paused
2025-04-15 10:13:00,813 [WARNING] Gate right crossed in trial state None while paused
2025-04-15 10:13:00,844 [WARNING] Gate right crossed in trial state None while paused
2025-04-15 10:13:00,878 [WARNING] Gate right crossed in trial state None while paused
2025-04-15 10:13:00,906 [WARNING] Gate right crossed in trial state None while paused
2025-04-15 10:13:00,937 [WARNING] Gate right crossed in trial state None while paused
2025-04-15 10:13:00,968 [WARNING] Gate right crossed in trial state None while paused
2025-04-15 10:13:01,032 [WARNING] Gate right crossed in trial state None while paused
2025-04-15 10:13:01,058 [WARNING] Gate right crossed in trial state None while paused
2025-04-15 10:13:01,083 [WARNING] Gate right crossed in trial state None while paused
2025-04-15 10:13:01,100 [WARNING] Gate right crossed in trial state None while paused
2025-04-15 10:13:01,132 [WARNING] Gate right crossed in trial state None while paused
2025-04-15 10:13:01,164 [WARNING] Gate right crossed in trial state None while paused
2025-04-15 10:13:01,195 [WARNING] Gate right crossed in trial state None while paused
2025-04-15 10:13:01,226 [WARNING] Gate right crossed in trial state None while paused
2025-04-15 10:13:01,258 [WARNING] Gate right crossed in trial state None while paused
2025-04-15 10:13:01,289 [WARNING] Gate right crossed in trial state None while paused
2025-04-15 10:13:01,320 [WARNING] Gate right crossed in trial state None while paused
2025-04-15 10:13:01,341 [WARNING] Gate right crossed in trial state None while paused
2025-04-15 10:13:01,351 [WARNING] Gate right crossed in trial state None while paused
2025-04-15 10:13:01,382 [WARNING] Gate right crossed in trial state None while paused
2025-04-15 10:13:01,413 [WARNING] Gate right crossed in trial state None while paused
2025-04-15 10:13:01,444 [WARNING] Gate right crossed in trial state None while paused
2025-04-15 10:13:01,476 [WARNING] Gate right crossed in trial state None while paused
2025-04-15 10:13:01,494 [WARNING] Gate right crossed in trial state None while paused
2025-04-15 10:13:01,505 [WARNING] Gate right crossed in trial state None while paused
2025-04-15 10:13:01,538 [WARNING] Gate right crossed in trial state None while paused
2025-04-15 10:13:01,699 [WARNING] Gate right crossed in trial state None while paused
2025-04-15 10:13:01,905 [WARNING] Gate right crossed in trial state None while paused
2025-04-15 10:13:02,110 [WARNING] Gate right crossed in trial state None while paused
2025-04-15 10:13:02,726 [WARNING] Gate right crossed in trial state None while paused
2025-04-15 10:13:03,137 [WARNING] Gate right crossed in trial state None while paused
2025-04-15 10:13:03,342 [WARNING] Gate right crossed in trial state None while paused
2025-04-15 10:13:03,548 [WARNING] Gate right crossed in trial state None while paused
2025-04-15 10:13:03,753 [WARNING] Gate right crossed in trial state None while paused
2025-04-15 10:13:03,958 [WARNING] Gate right crossed in trial state None while paused
2025-04-15 10:13:23,816 [WARNING] Gate right crossed in trial state None while paused
2025-04-15 10:13:23,828 [WARNING] Gate right crossed in trial state None while paused
2025-04-15 10:13:23,839 [WARNING] Gate right crossed in trial state None while paused
2025-04-15 10:13:23,916 [WARNING] Gate right crossed in trial state None while paused
2025-04-15 10:13:23,991 [WARNING] Gate right crossed in trial state None while paused
2025-04-15 10:13:24,024 [WARNING] Gate right crossed in trial state None while paused
2025-04-15 10:13:24,059 [WARNING] Gate right crossed in trial state None while paused
2025-04-15 10:13:24,071 [WARNING] Gate right crossed in trial state None while paused
2025-04-15 10:13:24,106 [WARNING] Gate right crossed in trial state None while paused
2025-04-15 10:13:24,124 [WARNING] Gate right crossed in trial state None while paused
2025-04-15 10:13:24,139 [WARNING] Gate right crossed in trial state None while paused
2025-04-15 10:13:24,157 [WARNING] Gate right crossed in trial state None while paused
2025-04-15 10:13:24,301 [WARNING] Gate right crossed in trial state None while paused
2025-04-15 10:13:24,312 [WARNING] Gate right crossed in trial state None while paused
2025-04-15 10:14:33,037 [WARNING] Gate right crossed in trial state None while paused
2025-04-15 10:14:33,079 [WARNING] Gate right crossed in trial state None while paused
2025-04-15 10:14:33,093 [WARNING] Gate right crossed in trial state None while paused
2025-04-15 10:14:33,115 [WARNING] Gate right crossed in trial state None while paused
2025-04-15 10:14:33,139 [WARNING] Gate right crossed in trial state None while paused
2025-04-15 10:14:42,735 [WARNING] Gate right crossed in trial state None while paused
2025-04-15 10:14:43,138 [WARNING] Gate right crossed in trial state None while paused
2025-04-15 10:14:43,182 [WARNING] Gate right crossed in trial state None while paused
2025-04-15 10:14:43,215 [WARNING] Gate right crossed in trial state None while paused
2025-04-15 10:14:43,240 [WARNING] Gate right crossed in trial state None while paused
2025-04-15 10:14:43,278 [WARNING] Gate right crossed in trial state None while paused
2025-04-15 10:14:43,289 [WARNING] Gate right crossed in trial state None while paused
2025-04-15 10:14:43,303 [WARNING] Gate right crossed in trial state None while paused
2025-04-15 10:14:43,335 [WARNING] Gate right crossed in trial state None while paused
2025-04-15 10:14:43,367 [WARNING] Gate right crossed in trial state None while paused
2025-04-15 10:14:43,399 [WARNING] Gate right crossed in trial state None while paused
2025-04-15 10:14:43,440 [WARNING] Gate right crossed in trial state None while paused
2025-04-15 10:14:43,451 [WARNING] Gate right crossed in trial state None while paused
2025-04-15 10:14:43,471 [WARNING] Gate right crossed in trial state None while paused
2025-04-15 10:14:43,483 [WARNING] Gate right crossed in trial state None while paused
2025-04-15 10:14:43,503 [WARNING] Gate right crossed in trial state None while paused
2025-04-15 10:14:43,515 [WARNING] Gate right crossed in trial state None while paused
2025-04-15 10:14:43,536 [WARNING] Gate right crossed in trial state None while paused
2025-04-15 10:14:43,547 [WARNING] Gate right crossed in trial state None while paused
2025-04-15 10:14:43,560 [WARNING] Gate right crossed in trial state None while paused
2025-04-15 10:14:43,593 [WARNING] Gate right crossed in trial state None while paused
2025-04-15 10:14:43,632 [WARNING] Gate right crossed in trial state None while paused
2025-04-15 10:14:43,643 [WARNING] Gate right crossed in trial state None while paused
2025-04-15 10:14:43,657 [WARNING] Gate right crossed in trial state None while paused
2025-04-15 10:14:43,689 [WARNING] Gate right crossed in trial state None while paused
2025-04-15 10:14:43,722 [WARNING] Gate right crossed in trial state None while paused
2025-04-15 10:14:43,761 [WARNING] Gate right crossed in trial state None while paused
2025-04-15 10:14:43,793 [WARNING] Gate right crossed in trial state None while paused
2025-04-15 10:14:43,818 [WARNING] Gate right crossed in trial state None while paused
2025-04-15 10:14:43,850 [WARNING] Gate right crossed in trial state None while paused
2025-04-15 10:14:43,882 [WARNING] Gate right crossed in trial state None while paused
2025-04-15 10:14:43,922 [WARNING] Gate right crossed in trial state None while paused
2025-04-15 10:14:43,947 [WARNING] Gate right crossed in trial state None while paused
2025-04-15 10:14:43,966 [WARNING] Gate right crossed in trial state None while paused
2025-04-15 10:14:43,978 [WARNING] Gate right crossed in trial state None while paused
2025-04-15 10:14:44,011 [WARNING] Gate right crossed in trial state None while paused
2025-04-15 10:14:44,051 [WARNING] Gate right crossed in trial state None while paused
2025-04-15 10:14:44,063 [WARNING] Gate right crossed in trial state None while paused
2025-04-15 10:14:44,083 [WARNING] Gate right crossed in trial state None while paused
2025-04-15 10:14:44,115 [WARNING] Gate right crossed in trial state None while paused
2025-04-15 10:14:44,147 [WARNING] Gate right crossed in trial state None while paused
2025-04-15 10:14:44,159 [WARNING] Gate right crossed in trial state None while paused
2025-04-15 10:14:44,179 [WARNING] Gate right crossed in trial state None while paused
2025-04-15 10:14:44,211 [WARNING] Gate right crossed in trial state None while paused
2025-04-15 10:14:44,244 [WARNING] Gate right crossed in trial state None while paused
2025-04-15 10:14:44,275 [WARNING] Gate right crossed in trial state None while paused
2025-04-15 10:14:44,307 [WARNING] Gate right crossed in trial state None while paused
2025-04-15 10:14:44,340 [WARNING] Gate right crossed in trial state None while paused
2025-04-15 10:15:34,562 [WARNING] Gate right crossed in trial state None while paused
2025-04-15 10:15:34,574 [WARNING] Gate right crossed in trial state None while paused
2025-04-15 10:15:34,585 [WARNING] Gate right crossed in trial state None while paused
2025-04-15 10:15:34,601 [WARNING] Gate right crossed in trial state None while paused
2025-04-15 10:15:34,614 [WARNING] Gate right crossed in trial state None while paused
2025-04-15 10:15:34,635 [WARNING] Gate right crossed in trial state None while paused
2025-04-15 10:15:34,654 [WARNING] Gate right crossed in trial state None while paused
2025-04-15 10:15:34,790 [WARNING] Gate right crossed in trial state None while paused
2025-04-15 10:15:34,822 [WARNING] Gate right crossed in trial state None while paused
2025-04-15 10:15:34,855 [WARNING] Gate right crossed in trial state None while paused
2025-04-15 10:15:34,879 [WARNING] Gate right crossed in trial state None while paused
2025-04-15 10:15:34,954 [WARNING] Gate right crossed in trial state None while paused
2025-04-15 10:15:34,989 [WARNING] Gate right crossed in trial state None while paused
2025-04-15 10:15:35,004 [WARNING] Gate right crossed in trial state None while paused
2025-04-15 10:15:35,040 [WARNING] Gate right crossed in trial state None while paused
2025-04-15 10:15:35,073 [WARNING] Gate right crossed in trial state None while paused
2025-04-15 10:15:35,128 [WARNING] Gate right crossed in trial state None while paused
2025-04-15 10:15:35,140 [WARNING] Gate right crossed in trial state None while paused
2025-04-15 10:15:35,151 [WARNING] Gate right crossed in trial state None while paused
2025-04-15 10:15:35,174 [WARNING] Gate right crossed in trial state None while paused
2025-04-15 10:15:35,199 [WARNING] Gate right crossed in trial state None while paused
2025-04-15 10:15:35,231 [WARNING] Gate right crossed in trial state None while paused
2025-04-15 10:15:35,271 [WARNING] Gate right crossed in trial state None while paused
2025-04-15 10:15:35,293 [WARNING] Gate right crossed in trial state None while paused
2025-04-15 10:15:35,335 [WARNING] Gate right crossed in trial state None while paused
2025-04-15 10:15:35,368 [WARNING] Gate right crossed in trial state None while paused
2025-04-15 10:15:35,400 [WARNING] Gate right crossed in trial state None while paused
2025-04-15 10:15:35,412 [WARNING] Gate right crossed in trial state None while paused
2025-04-15 10:15:35,432 [WARNING] Gate right crossed in trial state None while paused
2025-04-15 10:15:35,464 [WARNING] Gate right crossed in trial state None while paused
2025-04-15 10:15:35,497 [WARNING] Gate right crossed in trial state None while paused
2025-04-15 10:15:35,528 [WARNING] Gate right crossed in trial state None while paused
2025-04-15 10:15:35,560 [WARNING] Gate right crossed in trial state None while paused
2025-04-15 10:15:35,592 [WARNING] Gate right crossed in trial state None while paused
2025-04-15 10:15:35,624 [WARNING] Gate right crossed in trial state None while paused
2025-04-15 10:15:35,651 [WARNING] Gate right crossed in trial state None while paused
2025-04-15 10:16:00,526 [WARNING] Gate right crossed in trial state None while paused
2025-04-15 10:16:00,538 [WARNING] Gate right crossed in trial state None while paused
2025-04-15 10:16:00,553 [WARNING] Gate right crossed in trial state None while paused
2025-04-15 10:16:01,706 [WARNING] Gate right crossed in trial state None while paused
2025-04-15 10:16:22,595 [WARNING] Program exiting before starting
2025-04-15 10:16:22,596 [INFO] Data file closed
2025-04-15 10:16:22,597 [INFO] Mainloop exited
2025-04-15 10:16:22,598 [INFO] Program exited successfully- goodbye!
