2025-03-27 08:23:38,322 [INFO] Program started
2025-03-27 08:23:38,323 [INFO] Experiment Trials List: {1: {'trial_id': 1, 'left_bg': 'light', 'right_bg': 'dark', 'left_fg': 'white', 'right_fg': 'white'}, 2: {'trial_id': 2, 'left_bg': 'dark', 'right_bg': 'light', 'left_fg': 'white', 'right_fg': 'white'}, 3: {'trial_id': 3, 'left_bg': 'light', 'right_bg': 'dark', 'left_fg': 'black', 'right_fg': 'black'}, 4: {'trial_id': 4, 'left_bg': 'dark', 'right_bg': 'light', 'left_fg': 'black', 'right_fg': 'black'}, 5: {'trial_id': 5, 'left_bg': 'light', 'right_bg': 'light', 'left_fg': 'white', 'right_fg': 'black'}, 6: {'trial_id': 6, 'left_bg': 'dark', 'right_bg': 'dark', 'left_fg': 'white', 'right_fg': 'black'}, 7: {'trial_id': 7, 'left_bg': 'light', 'right_bg': 'light', 'left_fg': 'black', 'right_fg': 'white'}, 8: {'trial_id': 8, 'left_bg': 'dark', 'right_bg': 'dark', 'left_fg': 'black', 'right_fg': 'white'}}
2025-03-27 08:23:38,323 [INFO] Set experiment constants
2025-03-27 08:23:38,655 [INFO] Set display screen
2025-03-27 08:23:38,656 [INFO] Data writer open at file: /home/pi/Documents/masters-Electronics/data/20250327.csv
2025-03-27 08:23:38,656 [INFO] Set data writer
2025-03-27 08:23:38,660 [INFO] Set GPIO pins
2025-03-27 08:23:38,661 [INFO] Set keybinds
2025-03-27 08:23:38,661 [INFO] Program paused
2025-03-27 08:23:38,662 [INFO] Set up of obstacle positioning
2025-03-27 08:23:38,662 [INFO] Setup complete
2025-03-27 08:23:38,662 [INFO] Waiting for obstacle setup to be completed
2025-03-27 08:24:18,303 [WARNING] Gate right crossed in trial state None while paused
2025-03-27 08:24:19,330 [WARNING] Gate right crossed in trial state None while paused
2025-03-27 08:24:38,273 [WARNING] Gate entrance crossed in trial state None while paused
2025-03-27 08:24:39,632 [WARNING] Gate entrance crossed in trial state None while paused
2025-03-27 08:24:40,677 [WARNING] Gate entrance crossed in trial state None while paused
2025-03-27 08:25:03,611 [WARNING] Gate left crossed in trial state None while paused
2025-03-27 08:25:04,639 [WARNING] Gate left crossed in trial state None while paused
2025-03-27 08:25:05,255 [WARNING] Gate left crossed in trial state None while paused
2025-03-27 08:25:05,460 [WARNING] Gate left crossed in trial state None while paused
2025-03-27 08:25:05,665 [WARNING] Gate left crossed in trial state None while paused
2025-03-27 08:25:05,871 [WARNING] Gate left crossed in trial state None while paused
2025-03-27 08:25:46,056 [WARNING] Gate left crossed in trial state None while paused
2025-03-27 08:26:23,325 [WARNING] Gate left crossed in trial state None while paused
2025-03-27 08:26:26,737 [WARNING] Gate left crossed in trial state None while paused
2025-03-27 08:26:27,006 [WARNING] Gate left crossed in trial state None while paused
2025-03-27 08:26:55,448 [WARNING] Gate right crossed in trial state None while paused
2025-03-27 08:28:48,052 [WARNING] Gate left crossed in trial state None while paused
2025-03-27 08:28:53,191 [WARNING] Gate left crossed in trial state None while paused
2025-03-27 08:28:53,396 [WARNING] Gate left crossed in trial state None while paused
2025-03-27 08:28:53,601 [WARNING] Gate left crossed in trial state None while paused
2025-03-27 08:28:59,353 [WARNING] Gate left crossed in trial state None while paused
2025-03-27 08:28:59,558 [WARNING] Gate left crossed in trial state None while paused
2025-03-27 08:28:59,764 [WARNING] Gate left crossed in trial state None while paused
2025-03-27 08:28:59,969 [WARNING] Gate left crossed in trial state None while paused
2025-03-27 08:29:01,009 [WARNING] Gate left crossed in trial state None while paused
2025-03-27 08:29:01,214 [WARNING] Gate left crossed in trial state None while paused
2025-03-27 08:29:01,420 [WARNING] Gate left crossed in trial state None while paused
2025-03-27 08:29:01,625 [WARNING] Gate left crossed in trial state None while paused
2025-03-27 08:29:01,830 [WARNING] Gate left crossed in trial state None while paused
2025-03-27 08:29:02,035 [WARNING] Gate left crossed in trial state None while paused
2025-03-27 08:29:02,241 [WARNING] Gate left crossed in trial state None while paused
2025-03-27 08:29:02,446 [WARNING] Gate left crossed in trial state None while paused
2025-03-27 08:29:02,652 [WARNING] Gate left crossed in trial state None while paused
2025-03-27 08:29:02,857 [WARNING] Gate left crossed in trial state None while paused
2025-03-27 08:29:03,062 [WARNING] Gate left crossed in trial state None while paused
2025-03-27 08:29:03,268 [WARNING] Gate left crossed in trial state None while paused
2025-03-27 08:29:03,473 [WARNING] Gate left crossed in trial state None while paused
2025-03-27 08:29:03,679 [WARNING] Gate left crossed in trial state None while paused
2025-03-27 08:29:03,884 [WARNING] Gate left crossed in trial state None while paused
2025-03-27 08:29:04,090 [WARNING] Gate left crossed in trial state None while paused
2025-03-27 08:29:04,295 [WARNING] Gate left crossed in trial state None while paused
2025-03-27 08:29:04,501 [WARNING] Gate left crossed in trial state None while paused
2025-03-27 08:29:06,554 [WARNING] Gate left crossed in trial state None while paused
2025-03-27 08:29:07,376 [WARNING] Gate left crossed in trial state None while paused
2025-03-27 08:30:53,924 [WARNING] Gate left crossed in trial state None while paused
2025-03-27 08:30:54,117 [WARNING] Gate entrance crossed in trial state None while paused
2025-03-27 08:30:54,826 [WARNING] Gate entrance crossed in trial state None while paused
2025-03-27 08:39:11,121 [WARNING] Gate entrance crossed in trial state None while paused
2025-03-27 08:39:11,145 [WARNING] Gate entrance crossed in trial state None while paused
2025-03-27 08:40:09,281 [WARNING] Gate right crossed in trial state None while paused
2025-03-27 08:40:09,306 [WARNING] Gate right crossed in trial state None while paused
2025-03-27 08:40:09,335 [WARNING] Gate right crossed in trial state None while paused
2025-03-27 08:40:09,458 [WARNING] Gate entrance crossed in trial state None while paused
2025-03-27 08:40:09,473 [WARNING] Gate entrance crossed in trial state None while paused
2025-03-27 08:41:09,736 [WARNING] Gate right crossed in trial state None while paused
2025-03-27 08:41:17,035 [WARNING] Gate left crossed in trial state None while paused
2025-03-27 08:41:17,241 [WARNING] Gate left crossed in trial state None while paused
2025-03-27 08:41:17,446 [WARNING] Gate left crossed in trial state None while paused
2025-03-27 08:41:17,651 [WARNING] Gate left crossed in trial state None while paused
2025-03-27 08:41:17,857 [WARNING] Gate left crossed in trial state None while paused
2025-03-27 08:41:18,062 [WARNING] Gate left crossed in trial state None while paused
2025-03-27 08:41:18,268 [WARNING] Gate left crossed in trial state None while paused
2025-03-27 08:41:18,473 [WARNING] Gate left crossed in trial state None while paused
2025-03-27 08:41:18,678 [WARNING] Gate left crossed in trial state None while paused
2025-03-27 08:41:20,025 [WARNING] Gate left crossed in trial state None while paused
2025-03-27 08:41:20,231 [WARNING] Gate left crossed in trial state None while paused
2025-03-27 08:41:20,436 [WARNING] Gate left crossed in trial state None while paused
2025-03-27 08:41:20,641 [WARNING] Gate left crossed in trial state None while paused
2025-03-27 08:41:20,847 [WARNING] Gate left crossed in trial state None while paused
2025-03-27 08:41:21,052 [WARNING] Gate left crossed in trial state None while paused
2025-03-27 08:41:21,257 [WARNING] Gate left crossed in trial state None while paused
2025-03-27 08:41:21,463 [WARNING] Gate left crossed in trial state None while paused
2025-03-27 08:41:21,668 [WARNING] Gate left crossed in trial state None while paused
2025-03-27 08:41:21,873 [WARNING] Gate left crossed in trial state None while paused
2025-03-27 08:41:22,079 [WARNING] Gate left crossed in trial state None while paused
2025-03-27 08:41:35,794 [WARNING] Gate left crossed in trial state None while paused
2025-03-27 08:41:35,999 [WARNING] Gate left crossed in trial state None while paused
2025-03-27 08:41:36,204 [WARNING] Gate left crossed in trial state None while paused
2025-03-27 08:41:36,820 [WARNING] Gate left crossed in trial state None while paused
2025-03-27 08:41:37,026 [WARNING] Gate left crossed in trial state None while paused
2025-03-27 08:41:37,231 [WARNING] Gate left crossed in trial state None while paused
2025-03-27 08:41:37,437 [WARNING] Gate left crossed in trial state None while paused
2025-03-27 08:41:37,642 [WARNING] Gate left crossed in trial state None while paused
2025-03-27 08:41:37,847 [WARNING] Gate left crossed in trial state None while paused
2025-03-27 08:41:49,978 [WARNING] Gate left crossed in trial state None while paused
2025-03-27 08:41:50,183 [WARNING] Gate left crossed in trial state None while paused
2025-03-27 08:41:50,388 [WARNING] Gate left crossed in trial state None while paused
2025-03-27 08:41:51,005 [WARNING] Gate left crossed in trial state None while paused
2025-03-27 08:41:51,210 [WARNING] Gate left crossed in trial state None while paused
2025-03-27 08:41:51,416 [WARNING] Gate left crossed in trial state None while paused
2025-03-27 08:41:51,621 [WARNING] Gate left crossed in trial state None while paused
2025-03-27 08:41:51,826 [WARNING] Gate left crossed in trial state None while paused
2025-03-27 08:41:52,032 [WARNING] Gate left crossed in trial state None while paused
2025-03-27 08:41:52,237 [WARNING] Gate left crossed in trial state None while paused
2025-03-27 08:41:52,442 [WARNING] Gate left crossed in trial state None while paused
2025-03-27 08:41:52,648 [WARNING] Gate left crossed in trial state None while paused
2025-03-27 08:41:52,853 [WARNING] Gate left crossed in trial state None while paused
2025-03-27 08:41:53,058 [WARNING] Gate left crossed in trial state None while paused
2025-03-27 08:41:53,264 [WARNING] Gate left crossed in trial state None while paused
2025-03-27 08:41:53,469 [WARNING] Gate left crossed in trial state None while paused
2025-03-27 08:41:53,675 [WARNING] Gate left crossed in trial state None while paused
2025-03-27 08:41:53,880 [WARNING] Gate left crossed in trial state None while paused
2025-03-27 08:41:54,085 [WARNING] Gate left crossed in trial state None while paused
2025-03-27 08:41:54,291 [WARNING] Gate left crossed in trial state None while paused
2025-03-27 08:41:54,496 [WARNING] Gate left crossed in trial state None while paused
2025-03-27 08:41:54,701 [WARNING] Gate left crossed in trial state None while paused
2025-03-27 08:41:54,907 [WARNING] Gate left crossed in trial state None while paused
2025-03-27 08:41:55,112 [WARNING] Gate left crossed in trial state None while paused
2025-03-27 08:41:55,318 [WARNING] Gate left crossed in trial state None while paused
2025-03-27 08:41:55,523 [WARNING] Gate left crossed in trial state None while paused
2025-03-27 08:41:55,728 [WARNING] Gate left crossed in trial state None while paused
2025-03-27 08:41:55,934 [WARNING] Gate left crossed in trial state None while paused
2025-03-27 08:41:56,139 [WARNING] Gate left crossed in trial state None while paused
2025-03-27 08:41:56,344 [WARNING] Gate left crossed in trial state None while paused
2025-03-27 08:41:57,782 [WARNING] Gate left crossed in trial state None while paused
2025-03-27 08:41:57,987 [WARNING] Gate left crossed in trial state None while paused
2025-03-27 08:41:58,193 [WARNING] Gate left crossed in trial state None while paused
2025-03-27 08:41:58,398 [WARNING] Gate left crossed in trial state None while paused
2025-03-27 08:41:58,604 [WARNING] Gate left crossed in trial state None while paused
2025-03-27 08:41:58,809 [WARNING] Gate left crossed in trial state None while paused
2025-03-27 08:41:59,014 [WARNING] Gate left crossed in trial state None while paused
2025-03-27 08:41:59,220 [WARNING] Gate left crossed in trial state None while paused
2025-03-27 08:42:00,041 [WARNING] Gate left crossed in trial state None while paused
2025-03-27 08:42:00,657 [WARNING] Gate left crossed in trial state None while paused
2025-03-27 08:42:00,863 [WARNING] Gate left crossed in trial state None while paused
2025-03-27 08:42:01,068 [WARNING] Gate left crossed in trial state None while paused
2025-03-27 08:42:01,274 [WARNING] Gate left crossed in trial state None while paused
2025-03-27 08:42:01,479 [WARNING] Gate left crossed in trial state None while paused
2025-03-27 08:42:01,684 [WARNING] Gate left crossed in trial state None while paused
2025-03-27 08:42:02,917 [WARNING] Gate left crossed in trial state None while paused
2025-03-27 08:42:03,122 [WARNING] Gate left crossed in trial state None while paused
2025-03-27 08:42:03,328 [WARNING] Gate left crossed in trial state None while paused
2025-03-27 08:42:03,533 [WARNING] Gate left crossed in trial state None while paused
2025-03-27 08:42:03,738 [WARNING] Gate left crossed in trial state None while paused
2025-03-27 08:42:05,587 [WARNING] Gate left crossed in trial state None while paused
2025-03-27 08:42:05,792 [WARNING] Gate left crossed in trial state None while paused
2025-03-27 08:42:05,995 [WARNING] Gate left crossed in trial state None while paused
2025-03-27 08:42:06,200 [WARNING] Gate left crossed in trial state None while paused
2025-03-27 08:42:06,409 [WARNING] Gate left crossed in trial state None while paused
2025-03-27 08:42:06,614 [WARNING] Gate left crossed in trial state None while paused
2025-03-27 08:42:06,819 [WARNING] Gate left crossed in trial state None while paused
2025-03-27 08:42:09,281 [WARNING] Gate left crossed in trial state None while paused
2025-03-27 08:42:09,486 [WARNING] Gate left crossed in trial state None while paused
2025-03-27 08:42:09,692 [WARNING] Gate left crossed in trial state None while paused
2025-03-27 08:42:09,897 [WARNING] Gate left crossed in trial state None while paused
2025-03-27 08:42:10,106 [WARNING] Gate left crossed in trial state None while paused
2025-03-27 08:42:10,311 [WARNING] Gate left crossed in trial state None while paused
2025-03-27 08:42:10,722 [WARNING] Gate left crossed in trial state None while paused
2025-03-27 08:42:10,927 [WARNING] Gate left crossed in trial state None while paused
2025-03-27 08:42:11,746 [WARNING] Gate left crossed in trial state None while paused
2025-03-27 08:42:12,156 [WARNING] Gate left crossed in trial state None while paused
2025-03-27 08:42:12,567 [WARNING] Gate left crossed in trial state None while paused
2025-03-27 08:42:12,773 [WARNING] Gate left crossed in trial state None while paused
2025-03-27 08:42:12,978 [WARNING] Gate left crossed in trial state None while paused
2025-03-27 08:42:13,183 [WARNING] Gate left crossed in trial state None while paused
2025-03-27 08:42:13,389 [WARNING] Gate left crossed in trial state None while paused
2025-03-27 08:42:13,594 [WARNING] Gate left crossed in trial state None while paused
2025-03-27 08:42:13,800 [WARNING] Gate left crossed in trial state None while paused
2025-03-27 08:42:14,005 [WARNING] Gate left crossed in trial state None while paused
2025-03-27 08:42:14,214 [WARNING] Gate left crossed in trial state None while paused
2025-03-27 08:42:14,419 [WARNING] Gate left crossed in trial state None while paused
2025-03-27 08:42:17,500 [WARNING] Gate left crossed in trial state None while paused
2025-03-27 08:42:17,706 [WARNING] Gate left crossed in trial state None while paused
2025-03-27 08:42:17,911 [WARNING] Gate left crossed in trial state None while paused
2025-03-27 08:42:18,116 [WARNING] Gate left crossed in trial state None while paused
2025-03-27 08:42:18,322 [WARNING] Gate left crossed in trial state None while paused
2025-03-27 08:42:18,527 [WARNING] Gate left crossed in trial state None while paused
2025-03-27 08:43:01,194 [WARNING] Gate right crossed in trial state None while paused
2025-03-27 08:43:01,792 [WARNING] Gate right crossed in trial state None while paused
2025-03-27 08:43:01,853 [WARNING] Gate right crossed in trial state None while paused
2025-03-27 08:43:02,131 [WARNING] Gate right crossed in trial state None while paused
2025-03-27 08:43:22,155 [WARNING] Gate left crossed in trial state None while paused
2025-03-27 08:43:22,519 [WARNING] Gate left crossed in trial state None while paused
2025-03-27 08:43:22,673 [WARNING] Gate left crossed in trial state None while paused
2025-03-27 08:43:22,723 [WARNING] Gate left crossed in trial state None while paused
2025-03-27 08:43:22,908 [WARNING] Gate left crossed in trial state None while paused
2025-03-27 08:43:23,356 [WARNING] Gate left crossed in trial state None while paused
2025-03-27 08:43:29,507 [WARNING] Gate left crossed in trial state None while paused
2025-03-27 08:43:35,666 [WARNING] Gate left crossed in trial state None while paused
2025-03-27 08:43:36,295 [WARNING] Gate left crossed in trial state None while paused
2025-03-27 08:43:36,766 [WARNING] Gate left crossed in trial state None while paused
2025-03-27 08:43:36,797 [WARNING] Gate left crossed in trial state None while paused
2025-03-27 08:43:37,946 [WARNING] Gate left crossed in trial state None while paused
2025-03-27 08:43:38,159 [WARNING] Gate left crossed in trial state None while paused
2025-03-27 08:43:38,422 [WARNING] Gate left crossed in trial state None while paused
2025-03-27 08:43:38,440 [WARNING] Gate left crossed in trial state None while paused
2025-03-27 08:43:38,944 [WARNING] Gate left crossed in trial state None while paused
2025-03-27 08:43:38,967 [WARNING] Gate left crossed in trial state None while paused
2025-03-27 08:43:38,982 [WARNING] Gate left crossed in trial state None while paused
2025-03-27 08:43:39,002 [WARNING] Gate left crossed in trial state None while paused
2025-03-27 08:43:39,020 [WARNING] Gate left crossed in trial state None while paused
2025-03-27 08:43:39,041 [WARNING] Gate left crossed in trial state None while paused
2025-03-27 08:43:39,061 [WARNING] Gate left crossed in trial state None while paused
2025-03-27 08:43:39,076 [WARNING] Gate left crossed in trial state None while paused
2025-03-27 08:43:39,578 [WARNING] Gate left crossed in trial state None while paused
2025-03-27 08:43:40,099 [WARNING] Gate left crossed in trial state None while paused
2025-03-27 08:43:40,339 [WARNING] Gate left crossed in trial state None while paused
2025-03-27 08:43:40,554 [WARNING] Gate left crossed in trial state None while paused
2025-03-27 08:43:40,788 [WARNING] Gate left crossed in trial state None while paused
2025-03-27 08:43:40,883 [WARNING] Gate left crossed in trial state None while paused
2025-03-27 08:43:41,071 [WARNING] Gate left crossed in trial state None while paused
2025-03-27 08:43:41,183 [WARNING] Gate left crossed in trial state None while paused
2025-03-27 08:43:41,280 [WARNING] Gate left crossed in trial state None while paused
2025-03-27 08:43:42,310 [WARNING] Gate left crossed in trial state None while paused
2025-03-27 08:43:43,270 [WARNING] Gate left crossed in trial state None while paused
2025-03-27 08:43:43,338 [WARNING] Gate left crossed in trial state None while paused
2025-03-27 08:43:59,582 [WARNING] Gate left crossed in trial state None while paused
2025-03-27 08:43:59,593 [WARNING] Gate left crossed in trial state None while paused
2025-03-27 08:43:59,605 [WARNING] Gate left crossed in trial state None while paused
2025-03-27 08:43:59,625 [WARNING] Gate left crossed in trial state None while paused
2025-03-27 08:43:59,643 [WARNING] Gate left crossed in trial state None while paused
2025-03-27 08:44:08,958 [WARNING] Gate left crossed in trial state None while paused
2025-03-27 08:44:15,915 [WARNING] Gate left crossed in trial state None while paused
2025-03-27 08:44:18,776 [WARNING] Gate left crossed in trial state None while paused
2025-03-27 08:44:19,101 [WARNING] Gate left crossed in trial state None while paused
2025-03-27 08:44:19,394 [WARNING] Gate left crossed in trial state None while paused
2025-03-27 08:44:22,105 [WARNING] Gate left crossed in trial state None while paused
2025-03-27 08:44:22,162 [WARNING] Gate left crossed in trial state None while paused
2025-03-27 08:44:22,258 [WARNING] Gate left crossed in trial state None while paused
2025-03-27 08:44:23,055 [WARNING] Gate left crossed in trial state None while paused
2025-03-27 08:44:23,817 [WARNING] Gate left crossed in trial state None while paused
2025-03-27 08:44:24,125 [WARNING] Gate left crossed in trial state None while paused
2025-03-27 08:44:24,342 [WARNING] Gate left crossed in trial state None while paused
2025-03-27 08:44:24,559 [WARNING] Gate left crossed in trial state None while paused
2025-03-27 08:44:24,728 [WARNING] Gate left crossed in trial state None while paused
2025-03-27 08:44:24,875 [WARNING] Gate left crossed in trial state None while paused
2025-03-27 08:44:25,014 [WARNING] Gate left crossed in trial state None while paused
2025-03-27 08:44:25,163 [WARNING] Gate left crossed in trial state None while paused
2025-03-27 08:44:25,290 [WARNING] Gate left crossed in trial state None while paused
2025-03-27 08:44:25,413 [WARNING] Gate left crossed in trial state None while paused
2025-03-27 08:44:25,538 [WARNING] Gate left crossed in trial state None while paused
2025-03-27 08:44:25,633 [WARNING] Gate left crossed in trial state None while paused
2025-03-27 08:44:25,753 [WARNING] Gate left crossed in trial state None while paused
2025-03-27 08:44:25,843 [WARNING] Gate left crossed in trial state None while paused
2025-03-27 08:44:25,964 [WARNING] Gate left crossed in trial state None while paused
2025-03-27 08:44:26,022 [WARNING] Gate left crossed in trial state None while paused
2025-03-27 08:44:26,157 [WARNING] Gate left crossed in trial state None while paused
2025-03-27 08:44:26,209 [WARNING] Gate left crossed in trial state None while paused
2025-03-27 08:44:26,332 [WARNING] Gate left crossed in trial state None while paused
2025-03-27 08:44:26,409 [WARNING] Gate left crossed in trial state None while paused
2025-03-27 08:44:26,499 [WARNING] Gate left crossed in trial state None while paused
2025-03-27 08:44:26,592 [WARNING] Gate left crossed in trial state None while paused
2025-03-27 08:44:26,678 [WARNING] Gate left crossed in trial state None while paused
2025-03-27 08:44:26,774 [WARNING] Gate left crossed in trial state None while paused
2025-03-27 08:44:26,852 [WARNING] Gate left crossed in trial state None while paused
2025-03-27 08:44:26,946 [WARNING] Gate left crossed in trial state None while paused
2025-03-27 08:44:27,017 [WARNING] Gate left crossed in trial state None while paused
2025-03-27 08:44:27,119 [WARNING] Gate left crossed in trial state None while paused
2025-03-27 08:44:27,201 [WARNING] Gate left crossed in trial state None while paused
2025-03-27 08:44:27,297 [WARNING] Gate left crossed in trial state None while paused
2025-03-27 08:44:27,375 [WARNING] Gate left crossed in trial state None while paused
2025-03-27 08:44:27,456 [WARNING] Gate left crossed in trial state None while paused
2025-03-27 08:44:27,537 [WARNING] Gate left crossed in trial state None while paused
2025-03-27 08:44:27,591 [WARNING] Gate left crossed in trial state None while paused
2025-03-27 08:44:28,286 [WARNING] Gate left crossed in trial state None while paused
2025-03-27 08:44:28,506 [WARNING] Gate left crossed in trial state None while paused
2025-03-27 08:44:28,704 [WARNING] Gate left crossed in trial state None while paused
2025-03-27 08:44:28,801 [WARNING] Gate left crossed in trial state None while paused
2025-03-27 08:44:28,869 [WARNING] Gate left crossed in trial state None while paused
2025-03-27 08:44:29,009 [WARNING] Gate left crossed in trial state None while paused
2025-03-27 08:44:29,048 [WARNING] Gate left crossed in trial state None while paused
2025-03-27 08:44:29,192 [WARNING] Gate left crossed in trial state None while paused
2025-03-27 08:44:29,231 [WARNING] Gate left crossed in trial state None while paused
2025-03-27 08:44:29,364 [WARNING] Gate left crossed in trial state None while paused
2025-03-27 08:44:29,400 [WARNING] Gate left crossed in trial state None while paused
2025-03-27 08:44:29,542 [WARNING] Gate left crossed in trial state None while paused
2025-03-27 08:44:29,715 [WARNING] Gate left crossed in trial state None while paused
2025-03-27 08:44:29,776 [WARNING] Gate left crossed in trial state None while paused
2025-03-27 08:44:29,889 [WARNING] Gate left crossed in trial state None while paused
2025-03-27 08:44:29,935 [WARNING] Gate left crossed in trial state None while paused
2025-03-27 08:44:30,061 [WARNING] Gate left crossed in trial state None while paused
2025-03-27 08:44:30,113 [WARNING] Gate left crossed in trial state None while paused
2025-03-27 08:44:30,224 [WARNING] Gate left crossed in trial state None while paused
2025-03-27 08:44:30,283 [WARNING] Gate left crossed in trial state None while paused
2025-03-27 08:44:30,376 [WARNING] Gate left crossed in trial state None while paused
2025-03-27 08:44:30,426 [WARNING] Gate left crossed in trial state None while paused
2025-03-27 08:44:30,949 [WARNING] Gate left crossed in trial state None while paused
2025-03-27 08:44:31,066 [WARNING] Gate left crossed in trial state None while paused
2025-03-27 08:44:31,132 [WARNING] Gate left crossed in trial state None while paused
2025-03-27 08:44:31,249 [WARNING] Gate left crossed in trial state None while paused
2025-03-27 08:44:31,323 [WARNING] Gate left crossed in trial state None while paused
2025-03-27 08:44:31,422 [WARNING] Gate left crossed in trial state None while paused
2025-03-27 08:44:45,358 [WARNING] Gate left crossed in trial state None while paused
2025-03-27 08:44:49,243 [WARNING] Gate left crossed in trial state None while paused
2025-03-27 08:44:49,320 [WARNING] Gate left crossed in trial state None while paused
2025-03-27 08:44:49,332 [WARNING] Gate left crossed in trial state None while paused
2025-03-27 08:44:53,685 [WARNING] Gate left crossed in trial state None while paused
2025-03-27 08:44:53,761 [WARNING] Gate left crossed in trial state None while paused
2025-03-27 08:44:53,946 [WARNING] Gate left crossed in trial state None while paused
2025-03-27 08:44:54,050 [WARNING] Gate left crossed in trial state None while paused
2025-03-27 08:44:54,730 [WARNING] Gate left crossed in trial state None while paused
2025-03-27 08:44:55,381 [WARNING] Gate left crossed in trial state None while paused
2025-03-27 08:45:03,989 [WARNING] Gate left crossed in trial state None while paused
2025-03-27 08:45:04,078 [WARNING] Gate left crossed in trial state None while paused
2025-03-27 08:45:04,092 [WARNING] Gate left crossed in trial state None while paused
2025-03-27 08:45:09,611 [WARNING] Gate left crossed in trial state None while paused
2025-03-27 08:45:12,777 [WARNING] Gate left crossed in trial state None while paused
2025-03-27 08:45:13,885 [WARNING] Gate left crossed in trial state None while paused
2025-03-27 08:45:14,620 [WARNING] Gate left crossed in trial state None while paused
2025-03-27 08:45:14,763 [WARNING] Gate left crossed in trial state None while paused
2025-03-27 08:45:14,828 [WARNING] Gate left crossed in trial state None while paused
2025-03-27 08:45:14,865 [WARNING] Gate left crossed in trial state None while paused
2025-03-27 08:45:14,898 [WARNING] Gate left crossed in trial state None while paused
2025-03-27 08:45:14,970 [WARNING] Gate left crossed in trial state None while paused
2025-03-27 08:45:15,012 [WARNING] Gate left crossed in trial state None while paused
2025-03-27 08:45:15,078 [WARNING] Gate left crossed in trial state None while paused
2025-03-27 08:45:15,131 [WARNING] Gate left crossed in trial state None while paused
2025-03-27 08:45:15,202 [WARNING] Gate left crossed in trial state None while paused
2025-03-27 08:45:15,250 [WARNING] Gate left crossed in trial state None while paused
2025-03-27 08:45:15,308 [WARNING] Gate left crossed in trial state None while paused
2025-03-27 08:45:15,357 [WARNING] Gate left crossed in trial state None while paused
2025-03-27 08:45:15,411 [WARNING] Gate left crossed in trial state None while paused
2025-03-27 08:45:15,451 [WARNING] Gate left crossed in trial state None while paused
2025-03-27 08:45:15,507 [WARNING] Gate left crossed in trial state None while paused
2025-03-27 08:45:15,549 [WARNING] Gate left crossed in trial state None while paused
2025-03-27 08:45:22,348 [WARNING] Gate left crossed in trial state None while paused
2025-03-27 08:45:24,967 [WARNING] Gate left crossed in trial state None while paused
2025-03-27 08:45:27,038 [WARNING] Gate left crossed in trial state None while paused
2025-03-27 08:45:27,916 [WARNING] Gate left crossed in trial state None while paused
2025-03-27 08:45:30,143 [WARNING] Gate left crossed in trial state None while paused
2025-03-27 08:45:30,234 [WARNING] Gate left crossed in trial state None while paused
2025-03-27 08:45:31,453 [WARNING] Gate left crossed in trial state None while paused
2025-03-27 08:45:31,844 [WARNING] Gate left crossed in trial state None while paused
2025-03-27 08:45:31,953 [WARNING] Gate left crossed in trial state None while paused
2025-03-27 08:45:32,088 [WARNING] Gate left crossed in trial state None while paused
2025-03-27 08:45:32,188 [WARNING] Gate left crossed in trial state None while paused
2025-03-27 08:45:32,322 [WARNING] Gate left crossed in trial state None while paused
2025-03-27 08:45:32,402 [WARNING] Gate left crossed in trial state None while paused
2025-03-27 08:45:32,533 [WARNING] Gate left crossed in trial state None while paused
2025-03-27 08:45:32,640 [WARNING] Gate left crossed in trial state None while paused
2025-03-27 08:45:32,671 [WARNING] Gate left crossed in trial state None while paused
2025-03-27 08:45:32,748 [WARNING] Gate left crossed in trial state None while paused
2025-03-27 08:45:32,794 [WARNING] Gate left crossed in trial state None while paused
2025-03-27 08:45:32,879 [WARNING] Gate left crossed in trial state None while paused
2025-03-27 08:45:32,977 [WARNING] Gate left crossed in trial state None while paused
2025-03-27 08:45:33,057 [WARNING] Gate left crossed in trial state None while paused
2025-03-27 08:45:33,173 [WARNING] Gate left crossed in trial state None while paused
2025-03-27 08:45:33,212 [WARNING] Gate left crossed in trial state None while paused
2025-03-27 08:45:33,305 [WARNING] Gate left crossed in trial state None while paused
2025-03-27 08:45:33,378 [WARNING] Gate left crossed in trial state None while paused
2025-03-27 08:45:33,422 [WARNING] Gate left crossed in trial state None while paused
2025-03-27 08:45:33,503 [WARNING] Gate left crossed in trial state None while paused
2025-03-27 08:45:34,133 [WARNING] Gate left crossed in trial state None while paused
2025-03-27 08:45:34,166 [WARNING] Gate left crossed in trial state None while paused
2025-03-27 08:45:34,242 [WARNING] Gate left crossed in trial state None while paused
2025-03-27 08:45:34,286 [WARNING] Gate left crossed in trial state None while paused
2025-03-27 08:45:34,356 [WARNING] Gate left crossed in trial state None while paused
2025-03-27 08:45:34,434 [WARNING] Gate left crossed in trial state None while paused
2025-03-27 08:45:34,480 [WARNING] Gate left crossed in trial state None while paused
2025-03-27 08:45:34,528 [WARNING] Gate left crossed in trial state None while paused
2025-03-27 08:45:34,620 [WARNING] Gate left crossed in trial state None while paused
2025-03-27 08:45:37,281 [WARNING] Gate left crossed in trial state None while paused
2025-03-27 08:45:37,330 [WARNING] Gate left crossed in trial state None while paused
2025-03-27 08:45:38,806 [WARNING] Gate left crossed in trial state None while paused
2025-03-27 08:45:40,075 [WARNING] Gate left crossed in trial state None while paused
2025-03-27 08:45:40,134 [WARNING] Gate left crossed in trial state None while paused
2025-03-27 08:45:40,248 [WARNING] Gate left crossed in trial state None while paused
2025-03-27 08:45:40,463 [WARNING] Gate left crossed in trial state None while paused
2025-03-27 08:45:40,661 [WARNING] Gate left crossed in trial state None while paused
2025-03-27 08:45:40,755 [WARNING] Gate left crossed in trial state None while paused
2025-03-27 08:45:40,922 [WARNING] Gate left crossed in trial state None while paused
2025-03-27 08:45:40,954 [WARNING] Gate left crossed in trial state None while paused
2025-03-27 08:45:40,996 [WARNING] Gate left crossed in trial state None while paused
2025-03-27 08:45:41,080 [WARNING] Gate left crossed in trial state None while paused
2025-03-27 08:45:41,184 [WARNING] Gate left crossed in trial state None while paused
2025-03-27 08:45:41,256 [WARNING] Gate left crossed in trial state None while paused
2025-03-27 08:45:42,022 [WARNING] Gate left crossed in trial state None while paused
2025-03-27 08:45:45,928 [WARNING] Gate left crossed in trial state None while paused
2025-03-27 08:45:48,389 [WARNING] Gate left crossed in trial state None while paused
2025-03-27 08:45:49,457 [WARNING] Gate left crossed in trial state None while paused
2025-03-27 08:45:50,287 [WARNING] Gate left crossed in trial state None while paused
2025-03-27 08:45:52,708 [WARNING] Gate left crossed in trial state None while paused
2025-03-27 08:45:54,659 [WARNING] Gate left crossed in trial state None while paused
2025-03-27 08:45:58,814 [WARNING] Gate left crossed in trial state None while paused
2025-03-27 08:45:59,012 [WARNING] Gate left crossed in trial state None while paused
2025-03-27 08:45:59,262 [WARNING] Gate left crossed in trial state None while paused
2025-03-27 08:45:59,475 [WARNING] Gate left crossed in trial state None while paused
2025-03-27 08:45:59,690 [WARNING] Gate left crossed in trial state None while paused
2025-03-27 08:45:59,887 [WARNING] Gate left crossed in trial state None while paused
2025-03-27 08:46:00,102 [WARNING] Gate left crossed in trial state None while paused
2025-03-27 08:46:00,305 [WARNING] Gate left crossed in trial state None while paused
2025-03-27 08:46:46,976 [WARNING] Gate left crossed in trial state None while paused
2025-03-27 08:46:47,734 [WARNING] Gate left crossed in trial state None while paused
2025-03-27 08:46:47,964 [WARNING] Gate left crossed in trial state None while paused
2025-03-27 08:46:48,194 [WARNING] Gate left crossed in trial state None while paused
2025-03-27 08:46:48,395 [WARNING] Gate left crossed in trial state None while paused
2025-03-27 08:46:48,852 [WARNING] Gate left crossed in trial state None while paused
2025-03-27 08:46:49,236 [WARNING] Gate left crossed in trial state None while paused
2025-03-27 08:46:49,909 [WARNING] Gate right crossed in trial state None while paused
2025-03-27 08:46:50,152 [WARNING] Gate right crossed in trial state None while paused
2025-03-27 08:46:50,283 [WARNING] Gate right crossed in trial state None while paused
2025-03-27 08:46:50,759 [WARNING] Gate right crossed in trial state None while paused
2025-03-27 08:46:51,176 [WARNING] Gate right crossed in trial state None while paused
2025-03-27 08:46:51,352 [WARNING] Gate right crossed in trial state None while paused
2025-03-27 08:46:51,638 [WARNING] Gate right crossed in trial state None while paused
2025-03-27 08:46:51,744 [WARNING] Gate right crossed in trial state None while paused
2025-03-27 08:46:52,790 [WARNING] Gate left crossed in trial state None while paused
2025-03-27 08:46:52,900 [WARNING] Gate left crossed in trial state None while paused
2025-03-27 08:46:53,074 [WARNING] Gate left crossed in trial state None while paused
2025-03-27 08:46:53,160 [WARNING] Gate left crossed in trial state None while paused
2025-03-27 08:46:53,292 [WARNING] Gate left crossed in trial state None while paused
2025-03-27 08:46:53,449 [WARNING] Gate left crossed in trial state None while paused
2025-03-27 08:46:53,488 [WARNING] Gate left crossed in trial state None while paused
2025-03-27 08:46:53,826 [WARNING] Gate left crossed in trial state None while paused
2025-03-27 08:46:53,985 [WARNING] Gate left crossed in trial state None while paused
2025-03-27 08:46:54,269 [WARNING] Gate left crossed in trial state None while paused
2025-03-27 08:46:54,428 [WARNING] Gate left crossed in trial state None while paused
2025-03-27 08:46:54,507 [WARNING] Gate left crossed in trial state None while paused
2025-03-27 08:46:54,588 [WARNING] Gate left crossed in trial state None while paused
2025-03-27 08:46:54,705 [WARNING] Gate left crossed in trial state None while paused
2025-03-27 08:46:54,787 [WARNING] Gate left crossed in trial state None while paused
2025-03-27 08:46:54,886 [WARNING] Gate left crossed in trial state None while paused
2025-03-27 08:46:54,955 [WARNING] Gate left crossed in trial state None while paused
2025-03-27 08:46:55,056 [WARNING] Gate left crossed in trial state None while paused
2025-03-27 08:46:55,129 [WARNING] Gate left crossed in trial state None while paused
2025-03-27 08:46:55,344 [WARNING] Gate left crossed in trial state None while paused
2025-03-27 08:46:55,458 [WARNING] Gate left crossed in trial state None while paused
2025-03-27 08:46:55,601 [WARNING] Gate left crossed in trial state None while paused
2025-03-27 08:46:55,738 [WARNING] Gate left crossed in trial state None while paused
2025-03-27 08:46:55,853 [WARNING] Gate left crossed in trial state None while paused
2025-03-27 08:47:38,668 [WARNING] Gate left crossed in trial state None while paused
2025-03-27 08:47:40,248 [WARNING] Gate right crossed in trial state None while paused
2025-03-27 08:49:13,402 [WARNING] Program exiting before starting
2025-03-27 08:49:13,403 [INFO] Data file closed
2025-03-27 08:49:13,405 [INFO] Mainloop exited
2025-03-27 08:49:13,405 [INFO] Program exited successfully- goodbye!
