2025-04-14 14:16:42,645 [INFO] Program started
2025-04-14 14:16:42,646 [INFO] Experiment Trials List: {1: {'trial_id': 1, 'left_bg': 'light', 'right_bg': 'dark', 'left_fg': 'white', 'right_fg': 'white'}, 2: {'trial_id': 2, 'left_bg': 'dark', 'right_bg': 'light', 'left_fg': 'white', 'right_fg': 'white'}, 3: {'trial_id': 3, 'left_bg': 'light', 'right_bg': 'dark', 'left_fg': 'black', 'right_fg': 'black'}, 4: {'trial_id': 4, 'left_bg': 'dark', 'right_bg': 'light', 'left_fg': 'black', 'right_fg': 'black'}, 5: {'trial_id': 5, 'left_bg': 'light', 'right_bg': 'light', 'left_fg': 'white', 'right_fg': 'black'}, 6: {'trial_id': 6, 'left_bg': 'dark', 'right_bg': 'dark', 'left_fg': 'white', 'right_fg': 'black'}, 7: {'trial_id': 7, 'left_bg': 'light', 'right_bg': 'light', 'left_fg': 'black', 'right_fg': 'white'}, 8: {'trial_id': 8, 'left_bg': 'dark', 'right_bg': 'dark', 'left_fg': 'black', 'right_fg': 'white'}}
2025-04-14 14:16:42,647 [INFO] Set experiment constants
2025-04-14 14:16:42,867 [INFO] Set display screen
2025-04-14 14:16:42,867 [INFO] Data writer open at file: /home/pi/Documents/masters-Electronics/data/20250414.csv
2025-04-14 14:16:42,868 [INFO] Set data writer
2025-04-14 14:16:42,870 [INFO] Set GPIO pins
2025-04-14 14:16:42,871 [INFO] Set keybinds
2025-04-14 14:16:42,871 [INFO] Gate all reset
2025-04-14 14:16:42,871 [INFO] Program paused
2025-04-14 14:16:42,872 [INFO] Set up of obstacle positioning
2025-04-14 14:16:42,872 [INFO] Setup complete
2025-04-14 14:16:42,872 [INFO] Waiting for obstacle setup to be completed
2025-04-14 14:18:20,973 [INFO] Gate all reset
2025-04-14 14:18:20,974 [INFO] Changed obstacle to None, None
2025-04-14 14:18:20,976 [INFO] Program resumed
2025-04-14 14:18:20,976 [INFO] Changed trial to: {'trial_id': 3, 'left_bg': 'light', 'right_bg': 'dark', 'left_fg': 'black', 'right_fg': 'black'}
2025-04-14 14:18:23,435 [INFO] Data file closed
2025-04-14 14:18:23,435 [INFO] Mainloop exited
2025-04-14 14:18:23,436 [INFO] Program exited successfully- goodbye!
